{"C:\\Users\\JaAb450\\Documents\\3asoftwares\\E-Storefront-Web\\app\\layout.tsx": {"path":"C:\\Users\\JaAb450\\Documents\\3asoftwares\\E-Storefront-Web\\app\\layout.tsx","statementMap":{"0":{"start":{"line":68,"column":24},"end":{"line":68,"column":35}},"1":{"start":{"line":8,"column":13},"end":{"line":8,"column":23}},"2":{"start":{"line":11,"column":13},"end":{"line":11,"column":34}},"3":{"start":{"line":9,"column":13},"end":{"line":9,"column":26}},"4":{"start":{"line":2,"column":7},"end":{"line":2,"column":null}},"5":{"start":{"line":3,"column":26},"end":{"line":3,"column":null}},"6":{"start":{"line":4,"column":19},"end":{"line":4,"column":null}},"7":{"start":{"line":5,"column":26},"end":{"line":5,"column":null}},"8":{"start":{"line":6,"column":26},"end":{"line":6,"column":null}},"9":{"start":{"line":8,"column":23},"end":{"line":8,"column":null}},"10":{"start":{"line":9,"column":26},"end":{"line":9,"column":null}},"11":{"start":{"line":11,"column":34},"end":{"line":66,"column":null}}},"fnMap":{"0":{"name":"RootLayout","decl":{"start":{"line":68,"column":24},"end":{"line":68,"column":35}},"loc":{"start":{"line":72,"column":1},"end":{"line":145,"column":null}}}},"branchMap":{"0":{"loc":{"start":{"line":35,"column":24},"end":{"line":35,"column":null}},"type":"binary-expr","locations":[{"start":{"line":35,"column":24},"end":{"line":35,"column":56}},{"start":{"line":35,"column":60},"end":{"line":35,"column":null}}]},"1":{"loc":{"start":{"line":39,"column":9},"end":{"line":39,"column":null}},"type":"binary-expr","locations":[{"start":{"line":39,"column":9},"end":{"line":39,"column":41}},{"start":{"line":39,"column":45},"end":{"line":39,"column":null}}]}},"s":{"0":0,"1":0,"2":0,"3":0,"4":0,"5":0,"6":0,"7":0,"8":0,"9":0,"10":0,"11":0},"f":{"0":0},"b":{"0":[0,0],"1":[0,0]}}
,"C:\\Users\\JaAb450\\Documents\\3asoftwares\\E-Storefront-Web\\app\\page.tsx": {"path":"C:\\Users\\JaAb450\\Documents\\3asoftwares\\E-Storefront-Web\\app\\page.tsx","statementMap":{"0":{"start":{"line":40,"column":24},"end":{"line":40,"column":null}},"1":{"start":{"line":3,"column":17},"end":{"line":3,"column":null}},"2":{"start":{"line":4,"column":20},"end":{"line":4,"column":null}},"3":{"start":{"line":5,"column":37},"end":{"line":5,"column":null}},"4":{"start":{"line":6,"column":29},"end":{"line":6,"column":null}},"5":{"start":{"line":7,"column":43},"end":{"line":7,"column":null}},"6":{"start":{"line":8,"column":32},"end":{"line":8,"column":null}},"7":{"start":{"line":21,"column":7},"end":{"line":21,"column":null}},"8":{"start":{"line":22,"column":23},"end":{"line":22,"column":null}},"9":{"start":{"line":28,"column":7},"end":{"line":28,"column":null}},"10":{"start":{"line":29,"column":25},"end":{"line":29,"column":null}},"11":{"start":{"line":33,"column":8},"end":{"line":33,"column":null}},"12":{"start":{"line":33,"column":8},"end":{"line":33,"column":31}},"13":{"start":{"line":33,"column":46},"end":{"line":33,"column":null}},"14":{"start":{"line":41,"column":38},"end":{"line":41,"column":null}},"15":{"start":{"line":42,"column":24},"end":{"line":42,"column":null}},"16":{"start":{"line":44,"column":44},"end":{"line":46,"column":null}},"17":{"start":{"line":47,"column":27},"end":{"line":47,"column":55}},"18":{"start":{"line":49,"column":61},"end":{"line":52,"column":null}},"19":{"start":{"line":53,"column":22},"end":{"line":53,"column":53}},"20":{"start":{"line":55,"column":67},"end":{"line":55,"column":null}},"21":{"start":{"line":56,"column":26},"end":{"line":56,"column":101}},"22":{"start":{"line":58,"column":26},"end":{"line":67,"column":null}},"23":{"start":{"line":59,"column":4},"end":{"line":65,"column":null}},"24":{"start":{"line":66,"column":4},"end":{"line":66,"column":null}},"25":{"start":{"line":147,"column":20},"end":{"line":147,"column":50}},"26":{"start":{"line":187,"column":18},"end":{"line":187,"column":55}},"27":{"start":{"line":204,"column":18},"end":{"line":205,"column":null}},"28":{"start":{"line":229,"column":18},"end":{"line":230,"column":null}},"29":{"start":{"line":240,"column":87},"end":{"line":246,"column":null}},"30":{"start":{"line":248,"column":33},"end":{"line":248,"column":54}},"31":{"start":{"line":250,"column":18},"end":{"line":252,"column":null}}},"fnMap":{"0":{"name":"(anonymous_5)","decl":{"start":{"line":33,"column":2},"end":{"line":33,"column":8}},"loc":{"start":{"line":33,"column":8},"end":{"line":33,"column":null}}},"1":{"name":"(anonymous_6)","decl":{"start":{"line":33,"column":8},"end":{"line":33,"column":15}},"loc":{"start":{"line":33,"column":8},"end":{"line":33,"column":31}}},"2":{"name":"(anonymous_7)","decl":{"start":{"line":33,"column":36},"end":{"line":33,"column":37}},"loc":{"start":{"line":33,"column":46},"end":{"line":33,"column":null}}},"3":{"name":"HomePage","decl":{"start":{"line":40,"column":24},"end":{"line":40,"column":null}},"loc":{"start":{"line":40,"column":24},"end":{"line":321,"column":null}}},"4":{"name":"(anonymous_11)","decl":{"start":{"line":58,"column":38},"end":{"line":58,"column":39}},"loc":{"start":{"line":58,"column":39},"end":{"line":67,"column":5}}},"5":{"name":"(anonymous_12)","decl":{"start":{"line":146,"column":40},"end":{"line":146,"column":41}},"loc":{"start":{"line":147,"column":20},"end":{"line":147,"column":50}}},"6":{"name":"(anonymous_13)","decl":{"start":{"line":186,"column":45},"end":{"line":186,"column":46}},"loc":{"start":{"line":187,"column":18},"end":{"line":187,"column":55}}},"7":{"name":"(anonymous_14)","decl":{"start":{"line":203,"column":48},"end":{"line":203,"column":49}},"loc":{"start":{"line":204,"column":18},"end":{"line":205,"column":null}}},"8":{"name":"(anonymous_15)","decl":{"start":{"line":228,"column":34},"end":{"line":228,"column":35}},"loc":{"start":{"line":229,"column":18},"end":{"line":230,"column":null}}},"9":{"name":"(anonymous_16)","decl":{"start":{"line":239,"column":44},"end":{"line":239,"column":45}},"loc":{"start":{"line":239,"column":60},"end":{"line":264,"column":null}}}},"branchMap":{"0":{"loc":{"start":{"line":47,"column":27},"end":{"line":47,"column":55}},"type":"binary-expr","locations":[{"start":{"line":47,"column":27},"end":{"line":47,"column":53}},{"start":{"line":47,"column":53},"end":{"line":47,"column":55}}]},"1":{"loc":{"start":{"line":53,"column":22},"end":{"line":53,"column":53}},"type":"binary-expr","locations":[{"start":{"line":53,"column":22},"end":{"line":53,"column":51}},{"start":{"line":53,"column":51},"end":{"line":53,"column":53}}]},"2":{"loc":{"start":{"line":56,"column":26},"end":{"line":56,"column":101}},"type":"cond-expr","locations":[{"start":{"line":56,"column":58},"end":{"line":56,"column":75}},{"start":{"line":56,"column":75},"end":{"line":56,"column":101}}]},"3":{"loc":{"start":{"line":56,"column":75},"end":{"line":56,"column":101}},"type":"binary-expr","locations":[{"start":{"line":56,"column":75},"end":{"line":56,"column":99}},{"start":{"line":56,"column":99},"end":{"line":56,"column":101}}]},"4":{"loc":{"start":{"line":138,"column":14},"end":{"line":139,"column":33}},"type":"cond-expr","locations":[{"start":{"line":138,"column":14},"end":{"line":139,"column":33}}]},"5":{"loc":{"start":{"line":140,"column":14},"end":{"line":144,"column":19}},"type":"cond-expr","locations":[{"start":{"line":140,"column":14},"end":{"line":144,"column":19}}]},"6":{"loc":{"start":{"line":179,"column":14},"end":{"line":180,"column":28}},"type":"cond-expr","locations":[{"start":{"line":179,"column":14},"end":{"line":180,"column":28}}]},"7":{"loc":{"start":{"line":181,"column":14},"end":{"line":185,"column":15}},"type":"cond-expr","locations":[{"start":{"line":181,"column":14},"end":{"line":185,"column":15}}]},"8":{"loc":{"start":{"line":194,"column":9},"end":{"line":194,"column":null}},"type":"binary-expr","locations":[{"start":{"line":194,"column":9},"end":{"line":194,"column":null}}]},"9":{"loc":{"start":{"line":227,"column":14},"end":{"line":235,"column":27}},"type":"cond-expr","locations":[{"start":{"line":227,"column":14},"end":{"line":235,"column":27}}]},"10":{"loc":{"start":{"line":236,"column":14},"end":{"line":238,"column":15}},"type":"cond-expr","locations":[{"start":{"line":236,"column":14},"end":{"line":238,"column":15}}]},"11":{"loc":{"start":{"line":254,"column":24},"end":{"line":254,"column":54}},"type":"binary-expr","locations":[{"start":{"line":254,"column":24},"end":{"line":254,"column":37}},{"start":{"line":254,"column":41},"end":{"line":254,"column":54}}]},"12":{"loc":{"start":{"line":252,"column":27},"end":{"line":252,"column":55}},"type":"binary-expr","locations":[{"start":{"line":252,"column":27},"end":{"line":252,"column":38}},{"start":{"line":252,"column":42},"end":{"line":252,"column":55}}]}},"s":{"0":24,"1":1,"2":1,"3":1,"4":1,"5":1,"6":1,"7":1,"8":1,"9":1,"10":1,"11":1,"12":1,"13":1,"14":25,"15":25,"16":25,"17":25,"18":25,"19":25,"20":25,"21":25,"22":25,"23":0,"24":0,"25":40,"26":40,"27":24,"28":0,"29":38,"30":38,"31":38},"f":{"0":1,"1":1,"2":1,"3":25,"4":0,"5":40,"6":40,"7":24,"8":0,"9":38},"b":{"0":[25,3],"1":[25,4],"2":[23,2],"3":[2,1],"4":[1],"5":[4],"6":[2],"7":[3],"8":[24],"9":[0],"10":[4],"11":[38,0],"12":[38,0]}}
,"C:\\Users\\JaAb450\\Documents\\3asoftwares\\E-Storefront-Web\\app\\providers.tsx": {"path":"C:\\Users\\JaAb450\\Documents\\3asoftwares\\E-Storefront-Web\\app\\providers.tsx","statementMap":{"0":{"start":{"line":41,"column":16},"end":{"line":41,"column":26}},"1":{"start":{"line":3,"column":49},"end":{"line":3,"column":null}},"2":{"start":{"line":4,"column":35},"end":{"line":4,"column":null}},"3":{"start":{"line":5,"column":31},"end":{"line":5,"column":null}},"4":{"start":{"line":6,"column":27},"end":{"line":6,"column":null}},"5":{"start":{"line":7,"column":36},"end":{"line":7,"column":null}},"6":{"start":{"line":8,"column":30},"end":{"line":8,"column":null}},"7":{"start":{"line":9,"column":34},"end":{"line":9,"column":null}},"8":{"start":{"line":10,"column":34},"end":{"line":10,"column":null}},"9":{"start":{"line":11,"column":26},"end":{"line":11,"column":null}},"10":{"start":{"line":12,"column":29},"end":{"line":12,"column":null}},"11":{"start":{"line":15,"column":2},"end":{"line":15,"column":null}},"12":{"start":{"line":16,"column":2},"end":{"line":16,"column":null}},"13":{"start":{"line":18,"column":2},"end":{"line":36,"column":null}},"14":{"start":{"line":19,"column":4},"end":{"line":35,"column":null}},"15":{"start":{"line":20,"column":21},"end":{"line":20,"column":null}},"16":{"start":{"line":21,"column":26},"end":{"line":21,"column":null}},"17":{"start":{"line":22,"column":27},"end":{"line":22,"column":null}},"18":{"start":{"line":23,"column":26},"end":{"line":23,"column":null}},"19":{"start":{"line":24,"column":19},"end":{"line":24,"column":null}},"20":{"start":{"line":26,"column":6},"end":{"line":34,"column":null}},"21":{"start":{"line":27,"column":27},"end":{"line":27,"column":null}},"22":{"start":{"line":28,"column":8},"end":{"line":33,"column":null}},"23":{"start":{"line":42,"column":24},"end":{"line":52,"column":null}},"24":{"start":{"line":44,"column":6},"end":{"line":52,"column":null}}},"fnMap":{"0":{"name":"AuthLoader","decl":{"start":{"line":14,"column":9},"end":{"line":14,"column":20}},"loc":{"start":{"line":14,"column":63},"end":{"line":39,"column":null}}},"1":{"name":"(anonymous_2)","decl":{"start":{"line":18,"column":12},"end":{"line":18,"column":null}},"loc":{"start":{"line":18,"column":12},"end":{"line":36,"column":5}}},"2":{"name":"Providers","decl":{"start":{"line":41,"column":16},"end":{"line":41,"column":26}},"loc":{"start":{"line":41,"column":69},"end":{"line":69,"column":null}}},"3":{"name":"(anonymous_4)","decl":{"start":{"line":43,"column":4},"end":{"line":43,"column":null}},"loc":{"start":{"line":44,"column":6},"end":{"line":52,"column":null}}}},"branchMap":{"0":{"loc":{"start":{"line":19,"column":4},"end":{"line":35,"column":null}},"type":"if","locations":[{"start":{"line":19,"column":4},"end":{"line":35,"column":null}}]},"1":{"loc":{"start":{"line":26,"column":6},"end":{"line":34,"column":null}},"type":"if","locations":[{"start":{"line":26,"column":6},"end":{"line":34,"column":null}}]},"2":{"loc":{"start":{"line":27,"column":27},"end":{"line":27,"column":null}},"type":"cond-expr","locations":[{"start":{"line":27,"column":34},"end":{"line":27,"column":53}},{"start":{"line":27,"column":53},"end":{"line":27,"column":null}}]},"3":{"loc":{"start":{"line":31,"column":24},"end":{"line":31,"column":null}},"type":"binary-expr","locations":[{"start":{"line":31,"column":24},"end":{"line":31,"column":40}},{"start":{"line":31,"column":40},"end":{"line":31,"column":null}}]},"4":{"loc":{"start":{"line":32,"column":21},"end":{"line":32,"column":null}},"type":"cond-expr","locations":[{"start":{"line":32,"column":35},"end":{"line":32,"column":59}},{"start":{"line":32,"column":59},"end":{"line":32,"column":null}}]},"5":{"loc":{"start":{"line":63,"column":9},"end":{"line":63,"column":null}},"type":"binary-expr","locations":[{"start":{"line":63,"column":9},"end":{"line":63,"column":null}}]}},"s":{"0":8,"1":1,"2":1,"3":1,"4":1,"5":1,"6":1,"7":1,"8":1,"9":1,"10":1,"11":8,"12":8,"13":8,"14":8,"15":8,"16":8,"17":8,"18":8,"19":8,"20":8,"21":1,"22":1,"23":8,"24":8},"f":{"0":8,"1":8,"2":8,"3":8},"b":{"0":[8],"1":[1],"2":[1,0],"3":[1,0],"4":[1,0],"5":[8]}}
,"C:\\Users\\JaAb450\\Documents\\3asoftwares\\E-Storefront-Web\\app\\about\\page.tsx": {"path":"C:\\Users\\JaAb450\\Documents\\3asoftwares\\E-Storefront-Web\\app\\about\\page.tsx","statementMap":{"0":{"start":{"line":6,"column":24},"end":{"line":6,"column":null}},"1":{"start":{"line":3,"column":32},"end":{"line":3,"column":null}},"2":{"start":{"line":4,"column":75},"end":{"line":4,"column":null}}},"fnMap":{"0":{"name":"AboutPage","decl":{"start":{"line":6,"column":24},"end":{"line":6,"column":null}},"loc":{"start":{"line":6,"column":24},"end":{"line":158,"column":null}}}},"branchMap":{},"s":{"0":11,"1":1,"2":1},"f":{"0":11},"b":{}}
,"C:\\Users\\JaAb450\\Documents\\3asoftwares\\E-Storefront-Web\\app\\cart\\page.tsx": {"path":"C:\\Users\\JaAb450\\Documents\\3asoftwares\\E-Storefront-Web\\app\\cart\\page.tsx","statementMap":{"0":{"start":{"line":27,"column":24},"end":{"line":27,"column":null}},"1":{"start":{"line":25,"column":13},"end":{"line":25,"column":23}},"2":{"start":{"line":3,"column":26},"end":{"line":3,"column":null}},"3":{"start":{"line":4,"column":29},"end":{"line":4,"column":null}},"4":{"start":{"line":5,"column":17},"end":{"line":5,"column":null}},"5":{"start":{"line":6,"column":25},"end":{"line":6,"column":null}},"6":{"start":{"line":7,"column":35},"end":{"line":7,"column":null}},"7":{"start":{"line":8,"column":32},"end":{"line":8,"column":null}},"8":{"start":{"line":19,"column":7},"end":{"line":19,"column":null}},"9":{"start":{"line":20,"column":28},"end":{"line":20,"column":null}},"10":{"start":{"line":21,"column":39},"end":{"line":21,"column":null}},"11":{"start":{"line":22,"column":23},"end":{"line":22,"column":null}},"12":{"start":{"line":23,"column":33},"end":{"line":23,"column":null}},"13":{"start":{"line":25,"column":23},"end":{"line":25,"column":null}},"14":{"start":{"line":28,"column":17},"end":{"line":28,"column":null}},"15":{"start":{"line":29,"column":59},"end":{"line":29,"column":null}},"16":{"start":{"line":30,"column":24},"end":{"line":30,"column":null}},"17":{"start":{"line":31,"column":30},"end":{"line":31,"column":null}},"18":{"start":{"line":33,"column":25},"end":{"line":39,"column":null}},"19":{"start":{"line":34,"column":4},"end":{"line":38,"column":null}},"20":{"start":{"line":35,"column":6},"end":{"line":35,"column":null}},"21":{"start":{"line":37,"column":6},"end":{"line":37,"column":null}},"22":{"start":{"line":41,"column":19},"end":{"line":43,"column":null}},"23":{"start":{"line":42,"column":64},"end":{"line":42,"column":96}},"24":{"start":{"line":45,"column":14},"end":{"line":45,"column":null}},"25":{"start":{"line":46,"column":19},"end":{"line":46,"column":null}},"26":{"start":{"line":47,"column":16},"end":{"line":47,"column":null}},"27":{"start":{"line":83,"column":20},"end":{"line":84,"column":null}},"28":{"start":{"line":118,"column":30},"end":{"line":118,"column":null}},"29":{"start":{"line":119,"column":30},"end":{"line":121,"column":null}},"30":{"start":{"line":120,"column":32},"end":{"line":120,"column":null}},"31":{"start":{"line":135,"column":30},"end":{"line":135,"column":null}},"32":{"start":{"line":136,"column":30},"end":{"line":136,"column":null}},"33":{"start":{"line":153,"column":30},"end":{"line":153,"column":null}},"34":{"start":{"line":154,"column":30},"end":{"line":154,"column":null}},"35":{"start":{"line":171,"column":24},"end":{"line":174,"column":null}},"36":{"start":{"line":172,"column":26},"end":{"line":172,"column":null}},"37":{"start":{"line":173,"column":26},"end":{"line":173,"column":null}},"38":{"start":{"line":189,"column":33},"end":{"line":189,"column":null}}},"fnMap":{"0":{"name":"CartPage","decl":{"start":{"line":27,"column":24},"end":{"line":27,"column":null}},"loc":{"start":{"line":27,"column":24},"end":{"line":279,"column":null}}},"1":{"name":"(anonymous_5)","decl":{"start":{"line":33,"column":25},"end":{"line":33,"column":null}},"loc":{"start":{"line":33,"column":25},"end":{"line":39,"column":null}}},"2":{"name":"(anonymous_6)","decl":{"start":{"line":42,"column":4},"end":{"line":42,"column":5}},"loc":{"start":{"line":42,"column":64},"end":{"line":42,"column":96}}},"3":{"name":"(anonymous_7)","decl":{"start":{"line":82,"column":29},"end":{"line":82,"column":30}},"loc":{"start":{"line":83,"column":20},"end":{"line":84,"column":null}}},"4":{"name":"(anonymous_8)","decl":{"start":{"line":117,"column":37},"end":{"line":117,"column":null}},"loc":{"start":{"line":117,"column":37},"end":{"line":122,"column":null}}},"5":{"name":"(anonymous_9)","decl":{"start":{"line":134,"column":37},"end":{"line":134,"column":null}},"loc":{"start":{"line":134,"column":37},"end":{"line":137,"column":null}}},"6":{"name":"(anonymous_10)","decl":{"start":{"line":152,"column":37},"end":{"line":152,"column":null}},"loc":{"start":{"line":152,"column":37},"end":{"line":155,"column":null}}},"7":{"name":"(anonymous_11)","decl":{"start":{"line":170,"column":31},"end":{"line":170,"column":null}},"loc":{"start":{"line":170,"column":31},"end":{"line":175,"column":null}}},"8":{"name":"(anonymous_12)","decl":{"start":{"line":189,"column":27},"end":{"line":189,"column":33}},"loc":{"start":{"line":189,"column":33},"end":{"line":189,"column":null}}}},"branchMap":{"0":{"loc":{"start":{"line":34,"column":4},"end":{"line":38,"column":null}},"type":"if","locations":[{"start":{"line":34,"column":4},"end":{"line":38,"column":null}},{"start":{"line":36,"column":11},"end":{"line":38,"column":null}}]},"1":{"loc":{"start":{"line":46,"column":19},"end":{"line":46,"column":null}},"type":"cond-expr","locations":[{"start":{"line":46,"column":36},"end":{"line":46,"column":40}},{"start":{"line":46,"column":40},"end":{"line":46,"column":null}}]},"2":{"loc":{"start":{"line":56,"column":12},"end":{"line":61,"column":null}},"type":"cond-expr","locations":[{"start":{"line":57,"column":16},"end":{"line":60,"column":null}},{"start":{"line":61,"column":16},"end":{"line":61,"column":null}}]},"3":{"loc":{"start":{"line":59,"column":25},"end":{"line":59,"column":null}},"type":"cond-expr","locations":[{"start":{"line":59,"column":46},"end":{"line":59,"column":55}},{"start":{"line":59,"column":55},"end":{"line":59,"column":null}}]},"4":{"loc":{"start":{"line":69,"column":12},"end":{"line":79,"column":13}},"type":"cond-expr","locations":[{"start":{"line":69,"column":12},"end":{"line":79,"column":13}}]},"5":{"loc":{"start":{"line":90,"column":28},"end":{"line":98,"column":29}},"type":"cond-expr","locations":[{"start":{"line":90,"column":28},"end":{"line":98,"column":29}}]},"6":{"loc":{"start":{"line":119,"column":30},"end":{"line":121,"column":null}},"type":"if","locations":[{"start":{"line":119,"column":30},"end":{"line":121,"column":null}}]},"7":{"loc":{"start":{"line":171,"column":24},"end":{"line":174,"column":null}},"type":"if","locations":[{"start":{"line":171,"column":24},"end":{"line":174,"column":null}}]},"8":{"loc":{"start":{"line":211,"column":24},"end":{"line":215,"column":25}},"type":"cond-expr","locations":[{"start":{"line":211,"column":24},"end":{"line":215,"column":25}}]},"9":{"loc":{"start":{"line":220,"column":19},"end":{"line":220,"column":35}},"type":"binary-expr","locations":[{"start":{"line":220,"column":19},"end":{"line":220,"column":35}},{"start":{"line":220,"column":35},"end":{"line":220,"column":null}}]}},"s":{"0":16,"1":0,"2":1,"3":1,"4":1,"5":1,"6":1,"7":1,"8":1,"9":1,"10":1,"11":1,"12":1,"13":1,"14":16,"15":16,"16":16,"17":16,"18":16,"19":2,"20":1,"21":1,"22":16,"23":19,"24":16,"25":16,"26":16,"27":19,"28":1,"29":1,"30":1,"31":0,"32":0,"33":0,"34":0,"35":0,"36":0,"37":0,"38":0},"f":{"0":16,"1":2,"2":19,"3":19,"4":1,"5":0,"6":0,"7":0,"8":0},"b":{"0":[1,1],"1":[5,11],"2":[14,2],"3":[9,5],"4":[2],"5":[6],"6":[1],"7":[0],"8":[5],"9":[14,9]}}
,"C:\\Users\\JaAb450\\Documents\\3asoftwares\\E-Storefront-Web\\app\\checkout\\page.tsx": {"path":"C:\\Users\\JaAb450\\Documents\\3asoftwares\\E-Storefront-Web\\app\\checkout\\page.tsx","statementMap":{"0":{"start":{"line":52,"column":24},"end":{"line":52,"column":null}},"1":{"start":{"line":3,"column":36},"end":{"line":3,"column":null}},"2":{"start":{"line":4,"column":26},"end":{"line":4,"column":null}},"3":{"start":{"line":5,"column":29},"end":{"line":5,"column":null}},"4":{"start":{"line":6,"column":60},"end":{"line":6,"column":null}},"5":{"start":{"line":7,"column":49},"end":{"line":7,"column":null}},"6":{"start":{"line":8,"column":29},"end":{"line":8,"column":null}},"7":{"start":{"line":9,"column":28},"end":{"line":9,"column":null}},"8":{"start":{"line":10,"column":32},"end":{"line":10,"column":null}},"9":{"start":{"line":23,"column":7},"end":{"line":23,"column":null}},"10":{"start":{"line":24,"column":36},"end":{"line":24,"column":null}},"11":{"start":{"line":25,"column":27},"end":{"line":25,"column":null}},"12":{"start":{"line":53,"column":17},"end":{"line":53,"column":null}},"13":{"start":{"line":54,"column":44},"end":{"line":54,"column":null}},"14":{"start":{"line":55,"column":59},"end":{"line":55,"column":null}},"15":{"start":{"line":56,"column":64},"end":{"line":56,"column":null}},"16":{"start":{"line":57,"column":72},"end":{"line":57,"column":null}},"17":{"start":{"line":58,"column":52},"end":{"line":58,"column":null}},"18":{"start":{"line":59,"column":44},"end":{"line":59,"column":null}},"19":{"start":{"line":60,"column":46},"end":{"line":60,"column":null}},"20":{"start":{"line":61,"column":44},"end":{"line":61,"column":null}},"21":{"start":{"line":62,"column":38},"end":{"line":62,"column":null}},"22":{"start":{"line":65,"column":38},"end":{"line":65,"column":null}},"23":{"start":{"line":66,"column":44},"end":{"line":66,"column":null}},"24":{"start":{"line":67,"column":44},"end":{"line":67,"column":null}},"25":{"start":{"line":68,"column":40},"end":{"line":68,"column":null}},"26":{"start":{"line":71,"column":42},"end":{"line":71,"column":null}},"27":{"start":{"line":72,"column":36},"end":{"line":72,"column":null}},"28":{"start":{"line":73,"column":42},"end":{"line":73,"column":null}},"29":{"start":{"line":76,"column":44},"end":{"line":76,"column":null}},"30":{"start":{"line":78,"column":38},"end":{"line":87,"column":null}},"31":{"start":{"line":90,"column":2},"end":{"line":95,"column":null}},"32":{"start":{"line":91,"column":4},"end":{"line":94,"column":null}},"33":{"start":{"line":92,"column":26},"end":{"line":92,"column":null}},"34":{"start":{"line":92,"column":57},"end":{"line":92,"column":68}},"35":{"start":{"line":93,"column":6},"end":{"line":93,"column":null}},"36":{"start":{"line":97,"column":19},"end":{"line":99,"column":null}},"37":{"start":{"line":98,"column":64},"end":{"line":98,"column":96}},"38":{"start":{"line":101,"column":14},"end":{"line":101,"column":null}},"39":{"start":{"line":102,"column":19},"end":{"line":102,"column":null}},"40":{"start":{"line":103,"column":19},"end":{"line":103,"column":null}},"41":{"start":{"line":104,"column":16},"end":{"line":104,"column":null}},"42":{"start":{"line":106,"column":27},"end":{"line":110,"column":null}},"43":{"start":{"line":107,"column":4},"end":{"line":107,"column":null}},"44":{"start":{"line":108,"column":4},"end":{"line":108,"column":null}},"45":{"start":{"line":109,"column":4},"end":{"line":109,"column":null}},"46":{"start":{"line":112,"column":29},"end":{"line":146,"column":null}},"47":{"start":{"line":113,"column":43},"end":{"line":113,"column":null}},"48":{"start":{"line":115,"column":4},"end":{"line":117,"column":null}},"49":{"start":{"line":116,"column":6},"end":{"line":116,"column":null}},"50":{"start":{"line":118,"column":4},"end":{"line":122,"column":null}},"51":{"start":{"line":119,"column":6},"end":{"line":119,"column":null}},"52":{"start":{"line":120,"column":11},"end":{"line":122,"column":null}},"53":{"start":{"line":121,"column":6},"end":{"line":121,"column":null}},"54":{"start":{"line":123,"column":4},"end":{"line":125,"column":null}},"55":{"start":{"line":124,"column":6},"end":{"line":124,"column":null}},"56":{"start":{"line":126,"column":4},"end":{"line":128,"column":null}},"57":{"start":{"line":127,"column":6},"end":{"line":127,"column":null}},"58":{"start":{"line":129,"column":4},"end":{"line":131,"column":null}},"59":{"start":{"line":130,"column":6},"end":{"line":130,"column":null}},"60":{"start":{"line":132,"column":4},"end":{"line":134,"column":null}},"61":{"start":{"line":133,"column":6},"end":{"line":133,"column":null}},"62":{"start":{"line":135,"column":4},"end":{"line":139,"column":null}},"63":{"start":{"line":136,"column":6},"end":{"line":136,"column":null}},"64":{"start":{"line":137,"column":11},"end":{"line":139,"column":null}},"65":{"start":{"line":138,"column":6},"end":{"line":138,"column":null}},"66":{"start":{"line":140,"column":4},"end":{"line":142,"column":null}},"67":{"start":{"line":141,"column":6},"end":{"line":141,"column":null}},"68":{"start":{"line":144,"column":4},"end":{"line":144,"column":null}},"69":{"start":{"line":145,"column":4},"end":{"line":145,"column":null}},"70":{"start":{"line":148,"column":31},"end":{"line":184,"column":null}},"71":{"start":{"line":149,"column":4},"end":{"line":152,"column":null}},"72":{"start":{"line":150,"column":6},"end":{"line":150,"column":null}},"73":{"start":{"line":151,"column":6},"end":{"line":151,"column":null}},"74":{"start":{"line":154,"column":4},"end":{"line":183,"column":null}},"75":{"start":{"line":155,"column":21},"end":{"line":165,"column":null}},"76":{"start":{"line":167,"column":6},"end":{"line":175,"column":null}},"77":{"start":{"line":168,"column":8},"end":{"line":168,"column":null}},"78":{"start":{"line":169,"column":8},"end":{"line":169,"column":null}},"79":{"start":{"line":170,"column":8},"end":{"line":170,"column":null}},"80":{"start":{"line":171,"column":8},"end":{"line":171,"column":null}},"81":{"start":{"line":172,"column":8},"end":{"line":172,"column":null}},"82":{"start":{"line":174,"column":8},"end":{"line":174,"column":null}},"83":{"start":{"line":178,"column":27},"end":{"line":181,"column":null}},"84":{"start":{"line":182,"column":6},"end":{"line":182,"column":null}},"85":{"start":{"line":186,"column":28},"end":{"line":226,"column":null}},"86":{"start":{"line":187,"column":4},"end":{"line":190,"column":null}},"87":{"start":{"line":188,"column":6},"end":{"line":188,"column":null}},"88":{"start":{"line":189,"column":6},"end":{"line":189,"column":null}},"89":{"start":{"line":192,"column":4},"end":{"line":192,"column":null}},"90":{"start":{"line":193,"column":4},"end":{"line":193,"column":null}},"91":{"start":{"line":195,"column":4},"end":{"line":225,"column":null}},"92":{"start":{"line":196,"column":23},"end":{"line":203,"column":null}},"93":{"start":{"line":205,"column":6},"end":{"line":214,"column":null}},"94":{"start":{"line":206,"column":8},"end":{"line":206,"column":null}},"95":{"start":{"line":207,"column":8},"end":{"line":209,"column":null}},"96":{"start":{"line":212,"column":8},"end":{"line":212,"column":null}},"97":{"start":{"line":213,"column":8},"end":{"line":213,"column":null}},"98":{"start":{"line":217,"column":27},"end":{"line":220,"column":null}},"99":{"start":{"line":221,"column":6},"end":{"line":221,"column":null}},"100":{"start":{"line":222,"column":6},"end":{"line":222,"column":null}},"101":{"start":{"line":224,"column":6},"end":{"line":224,"column":null}},"102":{"start":{"line":228,"column":29},"end":{"line":233,"column":null}},"103":{"start":{"line":229,"column":4},"end":{"line":229,"column":null}},"104":{"start":{"line":230,"column":4},"end":{"line":230,"column":null}},"105":{"start":{"line":231,"column":4},"end":{"line":231,"column":null}},"106":{"start":{"line":232,"column":4},"end":{"line":232,"column":null}},"107":{"start":{"line":235,"column":28},"end":{"line":334,"column":null}},"108":{"start":{"line":237,"column":4},"end":{"line":241,"column":null}},"109":{"start":{"line":238,"column":6},"end":{"line":238,"column":null}},"110":{"start":{"line":239,"column":6},"end":{"line":239,"column":null}},"111":{"start":{"line":240,"column":6},"end":{"line":240,"column":null}},"112":{"start":{"line":243,"column":4},"end":{"line":246,"column":null}},"113":{"start":{"line":244,"column":6},"end":{"line":244,"column":null}},"114":{"start":{"line":245,"column":6},"end":{"line":245,"column":null}},"115":{"start":{"line":249,"column":42},"end":{"line":249,"column":null}},"116":{"start":{"line":251,"column":4},"end":{"line":282,"column":null}},"117":{"start":{"line":253,"column":6},"end":{"line":256,"column":null}},"118":{"start":{"line":254,"column":8},"end":{"line":254,"column":null}},"119":{"start":{"line":255,"column":8},"end":{"line":255,"column":null}},"120":{"start":{"line":257,"column":6},"end":{"line":269,"column":null}},"121":{"start":{"line":272,"column":6},"end":{"line":275,"column":null}},"122":{"start":{"line":273,"column":8},"end":{"line":273,"column":null}},"123":{"start":{"line":274,"column":8},"end":{"line":274,"column":null}},"124":{"start":{"line":276,"column":6},"end":{"line":276,"column":null}},"125":{"start":{"line":276,"column":56},"end":{"line":276,"column":87}},"126":{"start":{"line":278,"column":6},"end":{"line":281,"column":null}},"127":{"start":{"line":279,"column":8},"end":{"line":279,"column":null}},"128":{"start":{"line":280,"column":8},"end":{"line":280,"column":null}},"129":{"start":{"line":284,"column":4},"end":{"line":287,"column":null}},"130":{"start":{"line":285,"column":6},"end":{"line":285,"column":null}},"131":{"start":{"line":286,"column":6},"end":{"line":286,"column":null}},"132":{"start":{"line":289,"column":4},"end":{"line":333,"column":null}},"133":{"start":{"line":290,"column":24},"end":{"line":319,"column":null}},"134":{"start":{"line":293,"column":41},"end":{"line":300,"column":null}},"135":{"start":{"line":321,"column":6},"end":{"line":321,"column":null}},"136":{"start":{"line":322,"column":6},"end":{"line":322,"column":null}},"137":{"start":{"line":323,"column":6},"end":{"line":323,"column":null}},"138":{"start":{"line":324,"column":6},"end":{"line":324,"column":null}},"139":{"start":{"line":326,"column":6},"end":{"line":326,"column":null}},"140":{"start":{"line":328,"column":27},"end":{"line":331,"column":null}},"141":{"start":{"line":332,"column":6},"end":{"line":332,"column":null}},"142":{"start":{"line":336,"column":2},"end":{"line":351,"column":null}},"143":{"start":{"line":345,"column":49},"end":{"line":345,"column":75}},"144":{"start":{"line":382,"column":20},"end":{"line":383,"column":null}},"145":{"start":{"line":391,"column":37},"end":{"line":391,"column":null}},"146":{"start":{"line":398,"column":40},"end":{"line":398,"column":null}},"147":{"start":{"line":436,"column":31},"end":{"line":436,"column":null}},"148":{"start":{"line":453,"column":44},"end":{"line":453,"column":null}},"149":{"start":{"line":460,"column":44},"end":{"line":460,"column":null}},"150":{"start":{"line":468,"column":42},"end":{"line":468,"column":null}},"151":{"start":{"line":475,"column":42},"end":{"line":475,"column":null}},"152":{"start":{"line":482,"column":44},"end":{"line":482,"column":null}},"153":{"start":{"line":488,"column":44},"end":{"line":488,"column":null}},"154":{"start":{"line":496,"column":44},"end":{"line":496,"column":null}},"155":{"start":{"line":503,"column":24},"end":{"line":503,"column":null}},"156":{"start":{"line":513,"column":26},"end":{"line":513,"column":42}},"157":{"start":{"line":601,"column":38},"end":{"line":601,"column":null}},"158":{"start":{"line":615,"column":18},"end":{"line":615,"column":37}},"159":{"start":{"line":666,"column":26},"end":{"line":666,"column":null}},"160":{"start":{"line":667,"column":26},"end":{"line":667,"column":null}},"161":{"start":{"line":731,"column":31},"end":{"line":731,"column":null}},"162":{"start":{"line":743,"column":25},"end":{"line":743,"column":null}}},"fnMap":{"0":{"name":"CheckoutPage","decl":{"start":{"line":52,"column":24},"end":{"line":52,"column":null}},"loc":{"start":{"line":52,"column":24},"end":{"line":748,"column":null}}},"1":{"name":"(anonymous_2)","decl":{"start":{"line":90,"column":12},"end":{"line":90,"column":null}},"loc":{"start":{"line":90,"column":12},"end":{"line":95,"column":5}}},"2":{"name":"(anonymous_3)","decl":{"start":{"line":92,"column":41},"end":{"line":92,"column":42}},"loc":{"start":{"line":92,"column":57},"end":{"line":92,"column":68}}},"3":{"name":"(anonymous_4)","decl":{"start":{"line":98,"column":4},"end":{"line":98,"column":5}},"loc":{"start":{"line":98,"column":64},"end":{"line":98,"column":96}}},"4":{"name":"(anonymous_5)","decl":{"start":{"line":106,"column":27},"end":{"line":106,"column":28}},"loc":{"start":{"line":106,"column":45},"end":{"line":110,"column":null}}},"5":{"name":"(anonymous_6)","decl":{"start":{"line":112,"column":29},"end":{"line":112,"column":null}},"loc":{"start":{"line":112,"column":29},"end":{"line":146,"column":null}}},"6":{"name":"(anonymous_7)","decl":{"start":{"line":148,"column":31},"end":{"line":148,"column":null}},"loc":{"start":{"line":148,"column":31},"end":{"line":184,"column":null}}},"7":{"name":"(anonymous_8)","decl":{"start":{"line":186,"column":28},"end":{"line":186,"column":null}},"loc":{"start":{"line":186,"column":28},"end":{"line":226,"column":null}}},"8":{"name":"(anonymous_9)","decl":{"start":{"line":228,"column":29},"end":{"line":228,"column":null}},"loc":{"start":{"line":228,"column":29},"end":{"line":233,"column":null}}},"9":{"name":"(anonymous_10)","decl":{"start":{"line":235,"column":28},"end":{"line":235,"column":null}},"loc":{"start":{"line":235,"column":28},"end":{"line":334,"column":null}}},"10":{"name":"(anonymous_11)","decl":{"start":{"line":276,"column":40},"end":{"line":276,"column":41}},"loc":{"start":{"line":276,"column":56},"end":{"line":276,"column":87}}},"11":{"name":"(anonymous_12)","decl":{"start":{"line":293,"column":25},"end":{"line":293,"column":26}},"loc":{"start":{"line":293,"column":41},"end":{"line":300,"column":null}}},"12":{"name":"(anonymous_13)","decl":{"start":{"line":345,"column":43},"end":{"line":345,"column":49}},"loc":{"start":{"line":345,"column":49},"end":{"line":345,"column":75}}},"13":{"name":"(anonymous_14)","decl":{"start":{"line":381,"column":33},"end":{"line":381,"column":34}},"loc":{"start":{"line":382,"column":20},"end":{"line":383,"column":null}}},"14":{"name":"(anonymous_15)","decl":{"start":{"line":391,"column":31},"end":{"line":391,"column":37}},"loc":{"start":{"line":391,"column":37},"end":{"line":391,"column":null}}},"15":{"name":"(anonymous_16)","decl":{"start":{"line":398,"column":34},"end":{"line":398,"column":40}},"loc":{"start":{"line":398,"column":40},"end":{"line":398,"column":null}}},"16":{"name":"(anonymous_17)","decl":{"start":{"line":436,"column":25},"end":{"line":436,"column":31}},"loc":{"start":{"line":436,"column":31},"end":{"line":436,"column":null}}},"17":{"name":"(anonymous_18)","decl":{"start":{"line":453,"column":32},"end":{"line":453,"column":33}},"loc":{"start":{"line":453,"column":44},"end":{"line":453,"column":null}}},"18":{"name":"(anonymous_19)","decl":{"start":{"line":460,"column":32},"end":{"line":460,"column":33}},"loc":{"start":{"line":460,"column":44},"end":{"line":460,"column":null}}},"19":{"name":"(anonymous_20)","decl":{"start":{"line":468,"column":30},"end":{"line":468,"column":31}},"loc":{"start":{"line":468,"column":42},"end":{"line":468,"column":null}}},"20":{"name":"(anonymous_21)","decl":{"start":{"line":475,"column":30},"end":{"line":475,"column":31}},"loc":{"start":{"line":475,"column":42},"end":{"line":475,"column":null}}},"21":{"name":"(anonymous_22)","decl":{"start":{"line":482,"column":32},"end":{"line":482,"column":33}},"loc":{"start":{"line":482,"column":44},"end":{"line":482,"column":null}}},"22":{"name":"(anonymous_23)","decl":{"start":{"line":488,"column":32},"end":{"line":488,"column":33}},"loc":{"start":{"line":488,"column":44},"end":{"line":488,"column":null}}},"23":{"name":"(anonymous_24)","decl":{"start":{"line":496,"column":32},"end":{"line":496,"column":33}},"loc":{"start":{"line":496,"column":44},"end":{"line":496,"column":null}}},"24":{"name":"(anonymous_25)","decl":{"start":{"line":502,"column":32},"end":{"line":502,"column":33}},"loc":{"start":{"line":503,"column":24},"end":{"line":503,"column":null}}},"25":{"name":"(anonymous_26)","decl":{"start":{"line":512,"column":58},"end":{"line":512,"column":59}},"loc":{"start":{"line":513,"column":26},"end":{"line":513,"column":42}}},"26":{"name":"(anonymous_27)","decl":{"start":{"line":601,"column":26},"end":{"line":601,"column":27}},"loc":{"start":{"line":601,"column":38},"end":{"line":601,"column":null}}},"27":{"name":"(anonymous_28)","decl":{"start":{"line":614,"column":27},"end":{"line":614,"column":28}},"loc":{"start":{"line":615,"column":18},"end":{"line":615,"column":37}}},"28":{"name":"(anonymous_29)","decl":{"start":{"line":665,"column":34},"end":{"line":665,"column":35}},"loc":{"start":{"line":665,"column":35},"end":{"line":668,"column":null}}},"29":{"name":"(anonymous_30)","decl":{"start":{"line":731,"column":25},"end":{"line":731,"column":31}},"loc":{"start":{"line":731,"column":31},"end":{"line":731,"column":null}}},"30":{"name":"(anonymous_31)","decl":{"start":{"line":743,"column":19},"end":{"line":743,"column":25}},"loc":{"start":{"line":743,"column":25},"end":{"line":743,"column":null}}}},"branchMap":{"0":{"loc":{"start":{"line":56,"column":16},"end":{"line":56,"column":30}},"type":"default-arg","locations":[{"start":{"line":56,"column":28},"end":{"line":56,"column":30}}]},"1":{"loc":{"start":{"line":91,"column":4},"end":{"line":94,"column":null}},"type":"if","locations":[{"start":{"line":91,"column":4},"end":{"line":94,"column":null}}]},"2":{"loc":{"start":{"line":91,"column":8},"end":{"line":91,"column":43}},"type":"binary-expr","locations":[{"start":{"line":91,"column":8},"end":{"line":91,"column":21}},{"start":{"line":91,"column":21},"end":{"line":91,"column":43}}]},"3":{"loc":{"start":{"line":93,"column":27},"end":{"line":93,"column":61}},"type":"binary-expr","locations":[{"start":{"line":93,"column":27},"end":{"line":93,"column":46}},{"start":{"line":93,"column":46},"end":{"line":93,"column":61}}]},"4":{"loc":{"start":{"line":102,"column":19},"end":{"line":102,"column":null}},"type":"cond-expr","locations":[{"start":{"line":102,"column":50},"end":{"line":102,"column":55}},{"start":{"line":102,"column":55},"end":{"line":102,"column":null}}]},"5":{"loc":{"start":{"line":102,"column":55},"end":{"line":102,"column":null}},"type":"cond-expr","locations":[{"start":{"line":102,"column":72},"end":{"line":102,"column":76}},{"start":{"line":102,"column":76},"end":{"line":102,"column":null}}]},"6":{"loc":{"start":{"line":103,"column":19},"end":{"line":103,"column":null}},"type":"cond-expr","locations":[{"start":{"line":103,"column":42},"end":{"line":103,"column":64}},{"start":{"line":103,"column":67},"end":{"line":103,"column":null}}]},"7":{"loc":{"start":{"line":115,"column":4},"end":{"line":117,"column":null}},"type":"if","locations":[{"start":{"line":115,"column":4},"end":{"line":117,"column":null}}]},"8":{"loc":{"start":{"line":118,"column":4},"end":{"line":122,"column":null}},"type":"if","locations":[{"start":{"line":118,"column":4},"end":{"line":122,"column":null}},{"start":{"line":120,"column":11},"end":{"line":122,"column":null}}]},"9":{"loc":{"start":{"line":120,"column":11},"end":{"line":122,"column":null}},"type":"if","locations":[{"start":{"line":120,"column":11},"end":{"line":122,"column":null}}]},"10":{"loc":{"start":{"line":123,"column":4},"end":{"line":125,"column":null}},"type":"if","locations":[{"start":{"line":123,"column":4},"end":{"line":125,"column":null}}]},"11":{"loc":{"start":{"line":123,"column":8},"end":{"line":123,"column":96}},"type":"binary-expr","locations":[{"start":{"line":123,"column":8},"end":{"line":123,"column":35}},{"start":{"line":123,"column":35},"end":{"line":123,"column":96}}]},"12":{"loc":{"start":{"line":126,"column":4},"end":{"line":128,"column":null}},"type":"if","locations":[{"start":{"line":126,"column":4},"end":{"line":128,"column":null}}]},"13":{"loc":{"start":{"line":129,"column":4},"end":{"line":131,"column":null}},"type":"if","locations":[{"start":{"line":129,"column":4},"end":{"line":131,"column":null}}]},"14":{"loc":{"start":{"line":132,"column":4},"end":{"line":134,"column":null}},"type":"if","locations":[{"start":{"line":132,"column":4},"end":{"line":134,"column":null}}]},"15":{"loc":{"start":{"line":135,"column":4},"end":{"line":139,"column":null}},"type":"if","locations":[{"start":{"line":135,"column":4},"end":{"line":139,"column":null}},{"start":{"line":137,"column":11},"end":{"line":139,"column":null}}]},"16":{"loc":{"start":{"line":137,"column":11},"end":{"line":139,"column":null}},"type":"if","locations":[{"start":{"line":137,"column":11},"end":{"line":139,"column":null}}]},"17":{"loc":{"start":{"line":140,"column":4},"end":{"line":142,"column":null}},"type":"if","locations":[{"start":{"line":140,"column":4},"end":{"line":142,"column":null}}]},"18":{"loc":{"start":{"line":149,"column":4},"end":{"line":152,"column":null}},"type":"if","locations":[{"start":{"line":149,"column":4},"end":{"line":152,"column":null}}]},"19":{"loc":{"start":{"line":158,"column":15},"end":{"line":158,"column":null}},"type":"binary-expr","locations":[{"start":{"line":158,"column":15},"end":{"line":158,"column":42}},{"start":{"line":158,"column":42},"end":{"line":158,"column":null}}]},"20":{"loc":{"start":{"line":167,"column":6},"end":{"line":175,"column":null}},"type":"if","locations":[{"start":{"line":167,"column":6},"end":{"line":175,"column":null}},{"start":{"line":173,"column":13},"end":{"line":175,"column":null}}]},"21":{"loc":{"start":{"line":167,"column":10},"end":{"line":167,"column":46}},"type":"binary-expr","locations":[{"start":{"line":167,"column":10},"end":{"line":167,"column":29}},{"start":{"line":167,"column":29},"end":{"line":167,"column":46}}]},"22":{"loc":{"start":{"line":174,"column":25},"end":{"line":174,"column":69}},"type":"binary-expr","locations":[{"start":{"line":174,"column":25},"end":{"line":174,"column":44}},{"start":{"line":174,"column":44},"end":{"line":174,"column":69}}]},"23":{"loc":{"start":{"line":178,"column":27},"end":{"line":181,"column":null}},"type":"binary-expr","locations":[{"start":{"line":178,"column":27},"end":{"line":178,"column":null}},{"start":{"line":179,"column":11},"end":{"line":179,"column":null}},{"start":{"line":180,"column":11},"end":{"line":180,"column":null}},{"start":{"line":181,"column":11},"end":{"line":181,"column":null}}]},"24":{"loc":{"start":{"line":187,"column":4},"end":{"line":190,"column":null}},"type":"if","locations":[{"start":{"line":187,"column":4},"end":{"line":190,"column":null}}]},"25":{"loc":{"start":{"line":205,"column":6},"end":{"line":214,"column":null}},"type":"if","locations":[{"start":{"line":205,"column":6},"end":{"line":214,"column":null}},{"start":{"line":211,"column":13},"end":{"line":214,"column":null}}]},"26":{"loc":{"start":{"line":212,"column":23},"end":{"line":212,"column":null}},"type":"binary-expr","locations":[{"start":{"line":212,"column":23},"end":{"line":212,"column":56}},{"start":{"line":212,"column":56},"end":{"line":212,"column":null}}]},"27":{"loc":{"start":{"line":217,"column":27},"end":{"line":220,"column":null}},"type":"binary-expr","locations":[{"start":{"line":217,"column":27},"end":{"line":217,"column":null}},{"start":{"line":218,"column":11},"end":{"line":218,"column":null}},{"start":{"line":219,"column":11},"end":{"line":219,"column":null}},{"start":{"line":220,"column":11},"end":{"line":220,"column":null}}]},"28":{"loc":{"start":{"line":237,"column":4},"end":{"line":241,"column":null}},"type":"if","locations":[{"start":{"line":237,"column":4},"end":{"line":241,"column":null}}]},"29":{"loc":{"start":{"line":243,"column":4},"end":{"line":246,"column":null}},"type":"if","locations":[{"start":{"line":243,"column":4},"end":{"line":246,"column":null}}]},"30":{"loc":{"start":{"line":251,"column":4},"end":{"line":282,"column":null}},"type":"if","locations":[{"start":{"line":251,"column":4},"end":{"line":282,"column":null}},{"start":{"line":270,"column":11},"end":{"line":282,"column":null}}]},"31":{"loc":{"start":{"line":253,"column":6},"end":{"line":256,"column":null}},"type":"if","locations":[{"start":{"line":253,"column":6},"end":{"line":256,"column":null}}]},"32":{"loc":{"start":{"line":262,"column":15},"end":{"line":262,"column":null}},"type":"binary-expr","locations":[{"start":{"line":262,"column":15},"end":{"line":262,"column":42}},{"start":{"line":262,"column":42},"end":{"line":262,"column":null}}]},"33":{"loc":{"start":{"line":272,"column":6},"end":{"line":275,"column":null}},"type":"if","locations":[{"start":{"line":272,"column":6},"end":{"line":275,"column":null}}]},"34":{"loc":{"start":{"line":276,"column":24},"end":{"line":276,"column":null}},"type":"binary-expr","locations":[{"start":{"line":276,"column":24},"end":{"line":276,"column":87}},{"start":{"line":276,"column":87},"end":{"line":276,"column":null}}]},"35":{"loc":{"start":{"line":278,"column":6},"end":{"line":281,"column":null}},"type":"if","locations":[{"start":{"line":278,"column":6},"end":{"line":281,"column":null}}]},"36":{"loc":{"start":{"line":284,"column":4},"end":{"line":287,"column":null}},"type":"if","locations":[{"start":{"line":284,"column":4},"end":{"line":287,"column":null}}]},"37":{"loc":{"start":{"line":294,"column":21},"end":{"line":294,"column":46}},"type":"binary-expr","locations":[{"start":{"line":294,"column":21},"end":{"line":294,"column":35}},{"start":{"line":294,"column":39},"end":{"line":294,"column":46}}]},"38":{"loc":{"start":{"line":298,"column":20},"end":{"line":298,"column":null}},"type":"binary-expr","locations":[{"start":{"line":298,"column":20},"end":{"line":298,"column":33}},{"start":{"line":298,"column":37},"end":{"line":298,"column":null}}]},"39":{"loc":{"start":{"line":318,"column":20},"end":{"line":318,"column":null}},"type":"cond-expr","locations":[{"start":{"line":318,"column":43},"end":{"line":318,"column":77}},{"start":{"line":318,"column":77},"end":{"line":318,"column":null}}]},"40":{"loc":{"start":{"line":328,"column":27},"end":{"line":331,"column":null}},"type":"binary-expr","locations":[{"start":{"line":328,"column":27},"end":{"line":328,"column":null}},{"start":{"line":329,"column":11},"end":{"line":329,"column":null}},{"start":{"line":330,"column":11},"end":{"line":330,"column":null}},{"start":{"line":331,"column":11},"end":{"line":331,"column":null}}]},"41":{"loc":{"start":{"line":336,"column":2},"end":{"line":351,"column":null}},"type":"if","locations":[{"start":{"line":336,"column":2},"end":{"line":351,"column":null}}]},"42":{"loc":{"start":{"line":372,"column":16},"end":{"line":379,"column":31}},"type":"cond-expr","locations":[{"start":{"line":372,"column":16},"end":{"line":379,"column":31}}]},"43":{"loc":{"start":{"line":380,"column":16},"end":{"line":428,"column":17}},"type":"cond-expr","locations":[{"start":{"line":380,"column":16},"end":{"line":428,"column":17}}]},"44":{"loc":{"start":{"line":379,"column":18},"end":{"line":379,"column":null}},"type":"binary-expr","locations":[{"start":{"line":379,"column":18},"end":{"line":379,"column":31}},{"start":{"line":379,"column":31},"end":{"line":379,"column":55}},{"start":{"line":379,"column":55},"end":{"line":379,"column":null}}]},"45":{"loc":{"start":{"line":387,"column":26},"end":{"line":387,"column":null}},"type":"cond-expr","locations":[{"start":{"line":387,"column":61},"end":{"line":387,"column":83}},{"start":{"line":387,"column":83},"end":{"line":387,"column":null}}]},"46":{"loc":{"start":{"line":389,"column":26},"end":{"line":389,"column":null}},"type":"cond-expr","locations":[{"start":{"line":389,"column":61},"end":{"line":389,"column":84}},{"start":{"line":389,"column":84},"end":{"line":389,"column":null}}]},"47":{"loc":{"start":{"line":403,"column":27},"end":{"line":403,"column":40}},"type":"binary-expr","locations":[{"start":{"line":403,"column":27},"end":{"line":403,"column":40}}]},"48":{"loc":{"start":{"line":406,"column":27},"end":{"line":406,"column":null}},"type":"binary-expr","locations":[{"start":{"line":406,"column":27},"end":{"line":406,"column":39}},{"start":{"line":406,"column":43},"end":{"line":406,"column":null}}]},"49":{"loc":{"start":{"line":409,"column":27},"end":{"line":409,"column":41}},"type":"binary-expr","locations":[{"start":{"line":409,"column":27},"end":{"line":409,"column":41}}]},"50":{"loc":{"start":{"line":410,"column":27},"end":{"line":410,"column":40}},"type":"binary-expr","locations":[{"start":{"line":410,"column":27},"end":{"line":410,"column":40}}]},"51":{"loc":{"start":{"line":418,"column":25},"end":{"line":418,"column":42}},"type":"binary-expr","locations":[{"start":{"line":418,"column":25},"end":{"line":418,"column":42}}]},"52":{"loc":{"start":{"line":428,"column":16},"end":{"line":428,"column":null}},"type":"binary-expr","locations":[{"start":{"line":428,"column":16},"end":{"line":428,"column":null}}]},"53":{"loc":{"start":{"line":442,"column":17},"end":{"line":442,"column":null}},"type":"cond-expr","locations":[{"start":{"line":442,"column":33},"end":{"line":442,"column":57}},{"start":{"line":442,"column":57},"end":{"line":442,"column":null}}]},"54":{"loc":{"start":{"line":445,"column":15},"end":{"line":445,"column":null}},"type":"binary-expr","locations":[{"start":{"line":445,"column":15},"end":{"line":445,"column":null}}]},"55":{"loc":{"start":{"line":509,"column":19},"end":{"line":509,"column":null}},"type":"binary-expr","locations":[{"start":{"line":509,"column":19},"end":{"line":509,"column":null}}]},"56":{"loc":{"start":{"line":532,"column":24},"end":{"line":537,"column":null}},"type":"cond-expr","locations":[{"start":{"line":532,"column":24},"end":{"line":537,"column":null}}]},"57":{"loc":{"start":{"line":559,"column":56},"end":{"line":559,"column":90}},"type":"cond-expr","locations":[{"start":{"line":559,"column":73},"end":{"line":559,"column":82}},{"start":{"line":559,"column":82},"end":{"line":559,"column":90}}]},"58":{"loc":{"start":{"line":632,"column":18},"end":{"line":659,"column":19}},"type":"cond-expr","locations":[{"start":{"line":632,"column":18},"end":{"line":659,"column":19}}]},"59":{"loc":{"start":{"line":642,"column":24},"end":{"line":647,"column":25}},"type":"cond-expr","locations":[{"start":{"line":642,"column":24},"end":{"line":647,"column":25}}]},"60":{"loc":{"start":{"line":674,"column":34},"end":{"line":674,"column":null}},"type":"binary-expr","locations":[{"start":{"line":674,"column":34},"end":{"line":674,"column":51}},{"start":{"line":674,"column":51},"end":{"line":674,"column":null}}]},"61":{"loc":{"start":{"line":677,"column":25},"end":{"line":677,"column":null}},"type":"cond-expr","locations":[{"start":{"line":677,"column":41},"end":{"line":677,"column":57}},{"start":{"line":677,"column":57},"end":{"line":677,"column":null}}]},"62":{"loc":{"start":{"line":680,"column":21},"end":{"line":680,"column":null}},"type":"binary-expr","locations":[{"start":{"line":680,"column":21},"end":{"line":680,"column":null}}]},"63":{"loc":{"start":{"line":699,"column":20},"end":{"line":701,"column":21}},"type":"cond-expr","locations":[{"start":{"line":699,"column":20},"end":{"line":701,"column":21}}]},"64":{"loc":{"start":{"line":708,"column":17},"end":{"line":708,"column":41}},"type":"binary-expr","locations":[{"start":{"line":708,"column":17},"end":{"line":708,"column":41}},{"start":{"line":708,"column":41},"end":{"line":708,"column":null}}]},"65":{"loc":{"start":{"line":725,"column":17},"end":{"line":725,"column":null}},"type":"cond-expr","locations":[{"start":{"line":725,"column":27},"end":{"line":725,"column":45}},{"start":{"line":725,"column":45},"end":{"line":725,"column":null}}]},"66":{"loc":{"start":{"line":739,"column":7},"end":{"line":739,"column":null}},"type":"binary-expr","locations":[{"start":{"line":739,"column":7},"end":{"line":739,"column":null}}]}},"s":{"0":52,"1":5,"2":5,"3":5,"4":5,"5":5,"6":5,"7":5,"8":5,"9":5,"10":5,"11":5,"12":114,"13":114,"14":114,"15":114,"16":114,"17":114,"18":111,"19":111,"20":111,"21":111,"22":111,"23":111,"24":111,"25":111,"26":111,"27":111,"28":111,"29":111,"30":111,"31":111,"32":94,"33":34,"34":34,"35":34,"36":111,"37":158,"38":111,"39":111,"40":111,"41":111,"42":111,"43":7,"44":7,"45":7,"46":111,"47":1,"48":1,"49":1,"50":1,"51":1,"52":0,"53":0,"54":1,"55":0,"56":1,"57":1,"58":1,"59":1,"60":1,"61":1,"62":1,"63":1,"64":0,"65":0,"66":1,"67":1,"68":1,"69":1,"70":111,"71":0,"72":0,"73":0,"74":0,"75":0,"76":0,"77":0,"78":0,"79":0,"80":0,"81":0,"82":0,"83":0,"84":0,"85":111,"86":3,"87":0,"88":0,"89":3,"90":3,"91":3,"92":3,"93":2,"94":1,"95":1,"96":1,"97":1,"98":1,"99":1,"100":1,"101":3,"102":111,"103":0,"104":0,"105":0,"106":0,"107":111,"108":6,"109":1,"110":1,"111":1,"112":5,"113":0,"114":0,"115":5,"116":5,"117":1,"118":1,"119":1,"120":0,"121":4,"122":0,"123":0,"124":4,"125":4,"126":4,"127":0,"128":0,"129":4,"130":0,"131":0,"132":4,"133":4,"134":8,"135":4,"136":3,"137":3,"138":3,"139":1,"140":1,"141":1,"142":111,"143":1,"144":51,"145":0,"146":0,"147":6,"148":1,"149":1,"150":0,"151":1,"152":0,"153":0,"154":0,"155":0,"156":7,"157":2,"158":158,"159":4,"160":4,"161":1,"162":0},"f":{"0":114,"1":94,"2":34,"3":158,"4":7,"5":1,"6":0,"7":3,"8":0,"9":6,"10":4,"11":8,"12":1,"13":51,"14":0,"15":0,"16":6,"17":1,"18":1,"19":0,"20":1,"21":0,"22":0,"23":0,"24":0,"25":7,"26":2,"27":158,"28":4,"29":1,"30":0},"b":{"0":[0],"1":[34],"2":[94,94],"3":[34,0],"4":[0,111],"5":[83,28],"6":[1,110],"7":[1],"8":[1,0],"9":[0],"10":[0],"11":[1,0],"12":[1],"13":[1],"14":[1],"15":[1,0],"16":[0],"17":[1],"18":[0],"19":[0,0],"20":[0,0],"21":[0,0],"22":[0,0],"23":[0,0,0,0],"24":[0],"25":[1,1],"26":[1,0],"27":[1,1,1,0],"28":[1],"29":[0],"30":[1,4],"31":[1],"32":[0,0],"33":[0],"34":[4,0],"35":[0],"36":[0],"37":[8,0],"38":[8,0],"39":[0,4],"40":[1,1,1,0],"41":[4],"42":[0],"43":[51],"44":[107,107,51],"45":[36,15],"46":[36,15],"47":[51],"48":[51,0],"49":[51],"50":[51],"51":[51],"52":[56],"53":[9,98],"54":[107],"55":[9],"56":[0],"57":[83,24],"58":[1],"59":[1],"60":[106,103],"61":[3,103],"62":[106],"63":[83],"64":[107,1],"65":[0,107],"66":[107]}}
,"C:\\Users\\JaAb450\\Documents\\3asoftwares\\E-Storefront-Web\\app\\contact\\page.tsx": {"path":"C:\\Users\\JaAb450\\Documents\\3asoftwares\\E-Storefront-Web\\app\\contact\\page.tsx","statementMap":{"0":{"start":{"line":9,"column":24},"end":{"line":9,"column":null}},"1":{"start":{"line":3,"column":25},"end":{"line":3,"column":null}},"2":{"start":{"line":4,"column":32},"end":{"line":4,"column":null}},"3":{"start":{"line":5,"column":75},"end":{"line":5,"column":null}},"4":{"start":{"line":6,"column":25},"end":{"line":6,"column":null}},"5":{"start":{"line":7,"column":30},"end":{"line":7,"column":null}},"6":{"start":{"line":10,"column":24},"end":{"line":10,"column":null}},"7":{"start":{"line":11,"column":34},"end":{"line":16,"column":null}},"8":{"start":{"line":17,"column":32},"end":{"line":17,"column":null}},"9":{"start":{"line":19,"column":23},"end":{"line":28,"column":null}},"10":{"start":{"line":20,"column":4},"end":{"line":20,"column":null}},"11":{"start":{"line":21,"column":4},"end":{"line":21,"column":null}},"12":{"start":{"line":23,"column":4},"end":{"line":27,"column":null}},"13":{"start":{"line":24,"column":6},"end":{"line":24,"column":null}},"14":{"start":{"line":25,"column":6},"end":{"line":25,"column":null}},"15":{"start":{"line":26,"column":6},"end":{"line":26,"column":null}},"16":{"start":{"line":30,"column":23},"end":{"line":32,"column":null}},"17":{"start":{"line":31,"column":4},"end":{"line":31,"column":null}}},"fnMap":{"0":{"name":"ContactPage","decl":{"start":{"line":9,"column":24},"end":{"line":9,"column":null}},"loc":{"start":{"line":9,"column":24},"end":{"line":182,"column":null}}},"1":{"name":"(anonymous_2)","decl":{"start":{"line":19,"column":23},"end":{"line":19,"column":30}},"loc":{"start":{"line":19,"column":30},"end":{"line":28,"column":null}}},"2":{"name":"(anonymous_3)","decl":{"start":{"line":23,"column":15},"end":{"line":23,"column":null}},"loc":{"start":{"line":23,"column":15},"end":{"line":27,"column":7}}},"3":{"name":"(anonymous_4)","decl":{"start":{"line":30,"column":23},"end":{"line":30,"column":24}},"loc":{"start":{"line":30,"column":24},"end":{"line":32,"column":null}}}},"branchMap":{"0":{"loc":{"start":{"line":109,"column":19},"end":{"line":109,"column":null}},"type":"cond-expr","locations":[{"start":{"line":109,"column":29},"end":{"line":109,"column":44}},{"start":{"line":109,"column":44},"end":{"line":109,"column":null}}]}},"s":{"0":13,"1":1,"2":1,"3":1,"4":1,"5":1,"6":21,"7":21,"8":21,"9":21,"10":2,"11":2,"12":2,"13":1,"14":1,"15":1,"16":21,"17":5},"f":{"0":21,"1":2,"2":1,"3":5},"b":{"0":[2,19]}}
,"C:\\Users\\JaAb450\\Documents\\3asoftwares\\E-Storefront-Web\\app\\faq\\page.tsx": {"path":"C:\\Users\\JaAb450\\Documents\\3asoftwares\\E-Storefront-Web\\app\\faq\\page.tsx","statementMap":{"0":{"start":{"line":125,"column":24},"end":{"line":125,"column":null}},"1":{"start":{"line":3,"column":25},"end":{"line":3,"column":null}},"2":{"start":{"line":4,"column":32},"end":{"line":4,"column":null}},"3":{"start":{"line":5,"column":71},"end":{"line":5,"column":null}},"4":{"start":{"line":6,"column":30},"end":{"line":6,"column":null}},"5":{"start":{"line":15,"column":20},"end":{"line":123,"column":null}},"6":{"start":{"line":126,"column":30},"end":{"line":126,"column":null}},"7":{"start":{"line":127,"column":40},"end":{"line":127,"column":null}},"8":{"start":{"line":128,"column":50},"end":{"line":128,"column":null}},"9":{"start":{"line":130,"column":21},"end":{"line":130,"column":null}},"10":{"start":{"line":130,"column":67},"end":{"line":130,"column":79}},"11":{"start":{"line":132,"column":23},"end":{"line":138,"column":null}},"12":{"start":{"line":133,"column":28},"end":{"line":133,"column":null}},"13":{"start":{"line":134,"column":26},"end":{"line":136,"column":null}},"14":{"start":{"line":137,"column":4},"end":{"line":137,"column":null}},"15":{"start":{"line":140,"column":20},"end":{"line":142,"column":null}},"16":{"start":{"line":141,"column":4},"end":{"line":141,"column":null}},"17":{"start":{"line":170,"column":29},"end":{"line":170,"column":null}},"18":{"start":{"line":178,"column":12},"end":{"line":179,"column":null}},"19":{"start":{"line":180,"column":29},"end":{"line":180,"column":null}},"20":{"start":{"line":199,"column":14},"end":{"line":200,"column":null}},"21":{"start":{"line":204,"column":33},"end":{"line":204,"column":null}},"22":{"start":{"line":236,"column":28},"end":{"line":236,"column":null}}},"fnMap":{"0":{"name":"FAQPage","decl":{"start":{"line":125,"column":24},"end":{"line":125,"column":null}},"loc":{"start":{"line":125,"column":24},"end":{"line":247,"column":null}}},"1":{"name":"(anonymous_2)","decl":{"start":{"line":130,"column":60},"end":{"line":130,"column":67}},"loc":{"start":{"line":130,"column":67},"end":{"line":130,"column":79}}},"2":{"name":"(anonymous_3)","decl":{"start":{"line":132,"column":35},"end":{"line":132,"column":null}},"loc":{"start":{"line":132,"column":35},"end":{"line":138,"column":null}}},"3":{"name":"(anonymous_4)","decl":{"start":{"line":140,"column":20},"end":{"line":140,"column":21}},"loc":{"start":{"line":140,"column":21},"end":{"line":142,"column":null}}},"4":{"name":"(anonymous_5)","decl":{"start":{"line":170,"column":22},"end":{"line":170,"column":23}},"loc":{"start":{"line":170,"column":29},"end":{"line":170,"column":null}}},"5":{"name":"(anonymous_6)","decl":{"start":{"line":177,"column":26},"end":{"line":177,"column":27}},"loc":{"start":{"line":178,"column":12},"end":{"line":179,"column":null}}},"6":{"name":"(anonymous_7)","decl":{"start":{"line":180,"column":23},"end":{"line":180,"column":29}},"loc":{"start":{"line":180,"column":29},"end":{"line":180,"column":null}}},"7":{"name":"(anonymous_8)","decl":{"start":{"line":198,"column":30},"end":{"line":198,"column":31}},"loc":{"start":{"line":199,"column":14},"end":{"line":200,"column":null}}},"8":{"name":"(anonymous_9)","decl":{"start":{"line":204,"column":27},"end":{"line":204,"column":33}},"loc":{"start":{"line":204,"column":33},"end":{"line":204,"column":null}}},"9":{"name":"(anonymous_10)","decl":{"start":{"line":236,"column":21},"end":{"line":236,"column":28}},"loc":{"start":{"line":236,"column":28},"end":{"line":236,"column":null}}}},"branchMap":{"0":{"loc":{"start":{"line":133,"column":28},"end":{"line":133,"column":null}},"type":"binary-expr","locations":[{"start":{"line":133,"column":28},"end":{"line":133,"column":58}},{"start":{"line":133,"column":58},"end":{"line":133,"column":null}}]},"1":{"loc":{"start":{"line":134,"column":26},"end":{"line":136,"column":null}},"type":"binary-expr","locations":[{"start":{"line":134,"column":26},"end":{"line":134,"column":null}},{"start":{"line":135,"column":6},"end":{"line":135,"column":null}},{"start":{"line":136,"column":6},"end":{"line":136,"column":null}}]},"2":{"loc":{"start":{"line":137,"column":11},"end":{"line":137,"column":null}},"type":"binary-expr","locations":[{"start":{"line":137,"column":11},"end":{"line":137,"column":30}},{"start":{"line":137,"column":30},"end":{"line":137,"column":null}}]},"3":{"loc":{"start":{"line":141,"column":14},"end":{"line":141,"column":null}},"type":"cond-expr","locations":[{"start":{"line":141,"column":30},"end":{"line":141,"column":37}},{"start":{"line":141,"column":37},"end":{"line":141,"column":null}}]},"4":{"loc":{"start":{"line":181,"column":23},"end":{"line":181,"column":null}},"type":"cond-expr","locations":[{"start":{"line":181,"column":55},"end":{"line":181,"column":67}},{"start":{"line":181,"column":67},"end":{"line":181,"column":null}}]},"5":{"loc":{"start":{"line":191,"column":10},"end":{"line":197,"column":11}},"type":"cond-expr","locations":[{"start":{"line":191,"column":10},"end":{"line":197,"column":11}}]},"6":{"loc":{"start":{"line":214,"column":26},"end":{"line":214,"column":73}},"type":"cond-expr","locations":[{"start":{"line":214,"column":46},"end":{"line":214,"column":57}},{"start":{"line":214,"column":60},"end":{"line":214,"column":73}}]},"7":{"loc":{"start":{"line":216,"column":22},"end":{"line":216,"column":null}},"type":"cond-expr","locations":[{"start":{"line":216,"column":42},"end":{"line":216,"column":67}},{"start":{"line":216,"column":67},"end":{"line":216,"column":null}}]},"8":{"loc":{"start":{"line":220,"column":17},"end":{"line":220,"column":34}},"type":"binary-expr","locations":[{"start":{"line":220,"column":17},"end":{"line":220,"column":34}}]}},"s":{"0":14,"1":1,"2":1,"3":1,"4":1,"5":1,"6":21,"7":20,"8":20,"9":20,"10":340,"11":20,"12":340,"13":340,"14":340,"15":20,"16":3,"17":2,"18":120,"19":1,"20":295,"21":3,"22":1},"f":{"0":21,"1":340,"2":340,"3":3,"4":2,"5":120,"6":1,"7":295,"8":3,"9":1},"b":{"0":[340,17],"1":[340,34,33],"2":[340,326],"3":[1,2],"4":[20,100],"5":[1],"6":[2,293],"7":[2,293],"8":[295]}}
,"C:\\Users\\JaAb450\\Documents\\3asoftwares\\E-Storefront-Web\\app\\forgot-password\\page.tsx": {"path":"C:\\Users\\JaAb450\\Documents\\3asoftwares\\E-Storefront-Web\\app\\forgot-password\\page.tsx","statementMap":{"0":{"start":{"line":15,"column":24},"end":{"line":15,"column":null}},"1":{"start":{"line":3,"column":25},"end":{"line":3,"column":null}},"2":{"start":{"line":4,"column":17},"end":{"line":4,"column":null}},"3":{"start":{"line":5,"column":30},"end":{"line":5,"column":null}},"4":{"start":{"line":6,"column":32},"end":{"line":6,"column":null}},"5":{"start":{"line":12,"column":7},"end":{"line":12,"column":null}},"6":{"start":{"line":13,"column":34},"end":{"line":13,"column":null}},"7":{"start":{"line":16,"column":40},"end":{"line":16,"column":null}},"8":{"start":{"line":17,"column":28},"end":{"line":17,"column":null}},"9":{"start":{"line":18,"column":28},"end":{"line":18,"column":null}},"10":{"start":{"line":19,"column":32},"end":{"line":19,"column":null}},"11":{"start":{"line":21,"column":23},"end":{"line":45,"column":null}},"12":{"start":{"line":22,"column":4},"end":{"line":22,"column":null}},"13":{"start":{"line":23,"column":4},"end":{"line":23,"column":null}},"14":{"start":{"line":25,"column":4},"end":{"line":28,"column":null}},"15":{"start":{"line":26,"column":6},"end":{"line":26,"column":null}},"16":{"start":{"line":27,"column":6},"end":{"line":27,"column":null}},"17":{"start":{"line":30,"column":4},"end":{"line":44,"column":null}},"18":{"start":{"line":31,"column":21},"end":{"line":31,"column":null}},"19":{"start":{"line":32,"column":6},"end":{"line":36,"column":null}},"20":{"start":{"line":33,"column":8},"end":{"line":33,"column":null}},"21":{"start":{"line":35,"column":8},"end":{"line":35,"column":null}},"22":{"start":{"line":39,"column":27},"end":{"line":42,"column":null}},"23":{"start":{"line":43,"column":6},"end":{"line":43,"column":null}},"24":{"start":{"line":47,"column":2},"end":{"line":90,"column":null}},"25":{"start":{"line":74,"column":39},"end":{"line":74,"column":58}},"26":{"start":{"line":122,"column":33},"end":{"line":122,"column":null}}},"fnMap":{"0":{"name":"ForgotPasswordPage","decl":{"start":{"line":15,"column":24},"end":{"line":15,"column":null}},"loc":{"start":{"line":15,"column":24},"end":{"line":145,"column":null}}},"1":{"name":"(anonymous_3)","decl":{"start":{"line":21,"column":23},"end":{"line":21,"column":30}},"loc":{"start":{"line":21,"column":30},"end":{"line":45,"column":null}}},"2":{"name":"(anonymous_4)","decl":{"start":{"line":74,"column":33},"end":{"line":74,"column":39}},"loc":{"start":{"line":74,"column":39},"end":{"line":74,"column":58}}},"3":{"name":"(anonymous_5)","decl":{"start":{"line":122,"column":26},"end":{"line":122,"column":27}},"loc":{"start":{"line":122,"column":33},"end":{"line":122,"column":null}}}},"branchMap":{"0":{"loc":{"start":{"line":25,"column":4},"end":{"line":28,"column":null}},"type":"if","locations":[{"start":{"line":25,"column":4},"end":{"line":28,"column":null}}]},"1":{"loc":{"start":{"line":32,"column":6},"end":{"line":36,"column":null}},"type":"if","locations":[{"start":{"line":32,"column":6},"end":{"line":36,"column":null}},{"start":{"line":34,"column":13},"end":{"line":36,"column":null}}]},"2":{"loc":{"start":{"line":39,"column":27},"end":{"line":42,"column":null}},"type":"binary-expr","locations":[{"start":{"line":39,"column":27},"end":{"line":39,"column":null}},{"start":{"line":40,"column":11},"end":{"line":40,"column":null}},{"start":{"line":41,"column":11},"end":{"line":41,"column":null}},{"start":{"line":42,"column":11},"end":{"line":42,"column":null}}]},"3":{"loc":{"start":{"line":47,"column":2},"end":{"line":90,"column":null}},"type":"if","locations":[{"start":{"line":47,"column":2},"end":{"line":90,"column":null}}]},"4":{"loc":{"start":{"line":112,"column":13},"end":{"line":112,"column":null}},"type":"binary-expr","locations":[{"start":{"line":112,"column":13},"end":{"line":112,"column":null}}]},"5":{"loc":{"start":{"line":128,"column":17},"end":{"line":128,"column":null}},"type":"cond-expr","locations":[{"start":{"line":128,"column":29},"end":{"line":128,"column":44}},{"start":{"line":128,"column":44},"end":{"line":128,"column":null}}]}},"s":{"0":14,"1":1,"2":1,"3":1,"4":1,"5":1,"6":1,"7":31,"8":31,"9":31,"10":31,"11":31,"12":6,"13":6,"14":6,"15":1,"16":1,"17":5,"18":5,"19":3,"20":2,"21":1,"22":2,"23":2,"24":31,"25":0,"26":6},"f":{"0":31,"1":6,"2":0,"3":6},"b":{"0":[1],"1":[2,1],"2":[2,1,0,0],"3":[2],"4":[29],"5":[0,29]}}
,"C:\\Users\\JaAb450\\Documents\\3asoftwares\\E-Storefront-Web\\app\\login\\page.tsx": {"path":"C:\\Users\\JaAb450\\Documents\\3asoftwares\\E-Storefront-Web\\app\\login\\page.tsx","statementMap":{"0":{"start":{"line":12,"column":24},"end":{"line":12,"column":null}},"1":{"start":{"line":3,"column":25},"end":{"line":3,"column":null}},"2":{"start":{"line":4,"column":43},"end":{"line":4,"column":null}},"3":{"start":{"line":5,"column":17},"end":{"line":5,"column":null}},"4":{"start":{"line":6,"column":25},"end":{"line":6,"column":null}},"5":{"start":{"line":7,"column":29},"end":{"line":7,"column":null}},"6":{"start":{"line":8,"column":30},"end":{"line":8,"column":null}},"7":{"start":{"line":9,"column":31},"end":{"line":9,"column":null}},"8":{"start":{"line":13,"column":17},"end":{"line":13,"column":null}},"9":{"start":{"line":14,"column":23},"end":{"line":14,"column":null}},"10":{"start":{"line":15,"column":22},"end":{"line":15,"column":null}},"11":{"start":{"line":16,"column":50},"end":{"line":16,"column":null}},"12":{"start":{"line":17,"column":42},"end":{"line":17,"column":null}},"13":{"start":{"line":18,"column":28},"end":{"line":18,"column":null}},"14":{"start":{"line":19,"column":34},"end":{"line":19,"column":null}},"15":{"start":{"line":20,"column":28},"end":{"line":20,"column":null}},"16":{"start":{"line":21,"column":40},"end":{"line":21,"column":null}},"17":{"start":{"line":23,"column":23},"end":{"line":40,"column":null}},"18":{"start":{"line":24,"column":58},"end":{"line":24,"column":null}},"19":{"start":{"line":26,"column":4},"end":{"line":30,"column":null}},"20":{"start":{"line":27,"column":6},"end":{"line":27,"column":null}},"21":{"start":{"line":28,"column":11},"end":{"line":30,"column":null}},"22":{"start":{"line":29,"column":6},"end":{"line":29,"column":null}},"23":{"start":{"line":32,"column":4},"end":{"line":36,"column":null}},"24":{"start":{"line":33,"column":6},"end":{"line":33,"column":null}},"25":{"start":{"line":34,"column":11},"end":{"line":36,"column":null}},"26":{"start":{"line":35,"column":6},"end":{"line":35,"column":null}},"27":{"start":{"line":38,"column":4},"end":{"line":38,"column":null}},"28":{"start":{"line":39,"column":4},"end":{"line":39,"column":null}},"29":{"start":{"line":42,"column":23},"end":{"line":71,"column":null}},"30":{"start":{"line":43,"column":4},"end":{"line":43,"column":null}},"31":{"start":{"line":44,"column":4},"end":{"line":44,"column":null}},"32":{"start":{"line":46,"column":4},"end":{"line":48,"column":null}},"33":{"start":{"line":47,"column":6},"end":{"line":47,"column":null}},"34":{"start":{"line":50,"column":4},"end":{"line":70,"column":null}},"35":{"start":{"line":51,"column":21},"end":{"line":51,"column":null}},"36":{"start":{"line":53,"column":6},"end":{"line":65,"column":null}},"37":{"start":{"line":54,"column":8},"end":{"line":57,"column":null}},"38":{"start":{"line":55,"column":10},"end":{"line":55,"column":null}},"39":{"start":{"line":56,"column":10},"end":{"line":56,"column":null}},"40":{"start":{"line":59,"column":8},"end":{"line":64,"column":null}},"41":{"start":{"line":67,"column":6},"end":{"line":67,"column":null}},"42":{"start":{"line":69,"column":6},"end":{"line":69,"column":null}},"43":{"start":{"line":73,"column":2},"end":{"line":77,"column":null}},"44":{"start":{"line":74,"column":4},"end":{"line":76,"column":null}},"45":{"start":{"line":75,"column":6},"end":{"line":75,"column":null}},"46":{"start":{"line":129,"column":20},"end":{"line":129,"column":null}},"47":{"start":{"line":130,"column":20},"end":{"line":130,"column":null}},"48":{"start":{"line":130,"column":43},"end":{"line":130,"column":null}},"49":{"start":{"line":130,"column":67},"end":{"line":130,"column":null}},"50":{"start":{"line":143,"column":20},"end":{"line":143,"column":null}},"51":{"start":{"line":144,"column":20},"end":{"line":144,"column":null}},"52":{"start":{"line":144,"column":46},"end":{"line":144,"column":null}},"53":{"start":{"line":144,"column":70},"end":{"line":144,"column":null}}},"fnMap":{"0":{"name":"LoginPage","decl":{"start":{"line":12,"column":24},"end":{"line":12,"column":null}},"loc":{"start":{"line":12,"column":24},"end":{"line":186,"column":null}}},"1":{"name":"(anonymous_3)","decl":{"start":{"line":23,"column":23},"end":{"line":23,"column":null}},"loc":{"start":{"line":23,"column":23},"end":{"line":40,"column":null}}},"2":{"name":"(anonymous_4)","decl":{"start":{"line":42,"column":23},"end":{"line":42,"column":30}},"loc":{"start":{"line":42,"column":30},"end":{"line":71,"column":null}}},"3":{"name":"(anonymous_5)","decl":{"start":{"line":73,"column":12},"end":{"line":73,"column":null}},"loc":{"start":{"line":73,"column":12},"end":{"line":77,"column":5}}},"4":{"name":"(anonymous_6)","decl":{"start":{"line":128,"column":28},"end":{"line":128,"column":29}},"loc":{"start":{"line":128,"column":29},"end":{"line":131,"column":null}}},"5":{"name":"(anonymous_7)","decl":{"start":{"line":130,"column":58},"end":{"line":130,"column":67}},"loc":{"start":{"line":130,"column":67},"end":{"line":130,"column":null}}},"6":{"name":"(anonymous_8)","decl":{"start":{"line":142,"column":28},"end":{"line":142,"column":29}},"loc":{"start":{"line":142,"column":29},"end":{"line":145,"column":null}}},"7":{"name":"(anonymous_9)","decl":{"start":{"line":144,"column":61},"end":{"line":144,"column":70}},"loc":{"start":{"line":144,"column":70},"end":{"line":144,"column":null}}}},"branchMap":{"0":{"loc":{"start":{"line":15,"column":22},"end":{"line":15,"column":null}},"type":"binary-expr","locations":[{"start":{"line":15,"column":22},"end":{"line":15,"column":54}},{"start":{"line":15,"column":54},"end":{"line":15,"column":null}}]},"1":{"loc":{"start":{"line":26,"column":4},"end":{"line":30,"column":null}},"type":"if","locations":[{"start":{"line":26,"column":4},"end":{"line":30,"column":null}},{"start":{"line":28,"column":11},"end":{"line":30,"column":null}}]},"2":{"loc":{"start":{"line":28,"column":11},"end":{"line":30,"column":null}},"type":"if","locations":[{"start":{"line":28,"column":11},"end":{"line":30,"column":null}}]},"3":{"loc":{"start":{"line":32,"column":4},"end":{"line":36,"column":null}},"type":"if","locations":[{"start":{"line":32,"column":4},"end":{"line":36,"column":null}},{"start":{"line":34,"column":11},"end":{"line":36,"column":null}}]},"4":{"loc":{"start":{"line":34,"column":11},"end":{"line":36,"column":null}},"type":"if","locations":[{"start":{"line":34,"column":11},"end":{"line":36,"column":null}}]},"5":{"loc":{"start":{"line":46,"column":4},"end":{"line":48,"column":null}},"type":"if","locations":[{"start":{"line":46,"column":4},"end":{"line":48,"column":null}}]},"6":{"loc":{"start":{"line":53,"column":6},"end":{"line":65,"column":null}},"type":"if","locations":[{"start":{"line":53,"column":6},"end":{"line":65,"column":null}}]},"7":{"loc":{"start":{"line":54,"column":8},"end":{"line":57,"column":null}},"type":"if","locations":[{"start":{"line":54,"column":8},"end":{"line":57,"column":null}}]},"8":{"loc":{"start":{"line":54,"column":12},"end":{"line":54,"column":65}},"type":"binary-expr","locations":[{"start":{"line":54,"column":12},"end":{"line":54,"column":28}},{"start":{"line":54,"column":32},"end":{"line":54,"column":65}}]},"9":{"loc":{"start":{"line":62,"column":16},"end":{"line":62,"column":67}},"type":"binary-expr","locations":[{"start":{"line":62,"column":16},"end":{"line":62,"column":32}},{"start":{"line":62,"column":36},"end":{"line":62,"column":67}}]},"10":{"loc":{"start":{"line":69,"column":15},"end":{"line":69,"column":null}},"type":"binary-expr","locations":[{"start":{"line":69,"column":15},"end":{"line":69,"column":38}},{"start":{"line":69,"column":38},"end":{"line":69,"column":null}}]},"11":{"loc":{"start":{"line":74,"column":4},"end":{"line":76,"column":null}},"type":"if","locations":[{"start":{"line":74,"column":4},"end":{"line":76,"column":null}}]},"12":{"loc":{"start":{"line":118,"column":15},"end":{"line":118,"column":null}},"type":"binary-expr","locations":[{"start":{"line":118,"column":15},"end":{"line":118,"column":null}}]},"13":{"loc":{"start":{"line":130,"column":20},"end":{"line":130,"column":null}},"type":"if","locations":[{"start":{"line":130,"column":20},"end":{"line":130,"column":null}}]},"14":{"loc":{"start":{"line":144,"column":20},"end":{"line":144,"column":null}},"type":"if","locations":[{"start":{"line":144,"column":20},"end":{"line":144,"column":null}}]},"15":{"loc":{"start":{"line":160,"column":17},"end":{"line":160,"column":null}},"type":"cond-expr","locations":[{"start":{"line":160,"column":29},"end":{"line":160,"column":47}},{"start":{"line":160,"column":47},"end":{"line":160,"column":null}}]}},"s":{"0":18,"1":1,"2":1,"3":1,"4":1,"5":1,"6":1,"7":1,"8":38,"9":38,"10":38,"11":38,"12":38,"13":38,"14":38,"15":38,"16":38,"17":38,"18":6,"19":6,"20":1,"21":5,"22":1,"23":6,"24":0,"25":6,"26":1,"27":6,"28":6,"29":38,"30":6,"31":6,"32":6,"33":3,"34":3,"35":3,"36":3,"37":3,"38":1,"39":1,"40":2,"41":2,"42":0,"43":38,"44":18,"45":0,"46":6,"47":6,"48":0,"49":0,"50":7,"51":7,"52":0,"53":0},"f":{"0":38,"1":6,"2":6,"3":18,"4":6,"5":0,"6":7,"7":0},"b":{"0":[38,0],"1":[1,5],"2":[1],"3":[0,6],"4":[1],"5":[3],"6":[3],"7":[1],"8":[3,1],"9":[2,0],"10":[0,0],"11":[0],"12":[38],"13":[0],"14":[0],"15":[0,38]}}
,"C:\\Users\\JaAb450\\Documents\\3asoftwares\\E-Storefront-Web\\app\\offline\\page.tsx": {"path":"C:\\Users\\JaAb450\\Documents\\3asoftwares\\E-Storefront-Web\\app\\offline\\page.tsx","statementMap":{"0":{"start":{"line":8,"column":24},"end":{"line":8,"column":null}},"1":{"start":{"line":3,"column":17},"end":{"line":3,"column":null}},"2":{"start":{"line":4,"column":32},"end":{"line":4,"column":null}},"3":{"start":{"line":5,"column":57},"end":{"line":5,"column":null}},"4":{"start":{"line":6,"column":23},"end":{"line":6,"column":null}},"5":{"start":{"line":9,"column":22},"end":{"line":11,"column":null}},"6":{"start":{"line":10,"column":4},"end":{"line":10,"column":null}}},"fnMap":{"0":{"name":"OfflinePage","decl":{"start":{"line":8,"column":24},"end":{"line":8,"column":null}},"loc":{"start":{"line":8,"column":24},"end":{"line":124,"column":null}}},"1":{"name":"(anonymous_3)","decl":{"start":{"line":9,"column":22},"end":{"line":9,"column":null}},"loc":{"start":{"line":9,"column":22},"end":{"line":11,"column":null}}}},"branchMap":{},"s":{"0":8,"1":1,"2":1,"3":1,"4":1,"5":8,"6":1},"f":{"0":8,"1":1},"b":{}}
[...]
"name":"(anonymous_12)","decl":{"start":{"line":37,"column":35},"end":{"line":37,"column":36}},"loc":{"start":{"line":37,"column":45},"end":{"line":37,"column":null}}},"12":{"name":"(anonymous_13)","decl":{"start":{"line":40,"column":17},"end":{"line":40,"column":23}},"loc":{"start":{"line":40,"column":23},"end":{"line":40,"column":null}}},"13":{"name":"(anonymous_14)","decl":{"start":{"line":42,"column":21},"end":{"line":42,"column":null}},"loc":{"start":{"line":42,"column":21},"end":{"line":44,"column":null}}},"14":{"name":"(anonymous_15)","decl":{"start":{"line":43,"column":34},"end":{"line":43,"column":35}},"loc":{"start":{"line":43,"column":51},"end":{"line":43,"column":72}}},"15":{"name":"(anonymous_16)","decl":{"start":{"line":46,"column":21},"end":{"line":46,"column":null}},"loc":{"start":{"line":46,"column":21},"end":{"line":48,"column":null}}},"16":{"name":"(anonymous_17)","decl":{"start":{"line":47,"column":34},"end":{"line":47,"column":35}},"loc":{"start":{"line":47,"column":51},"end":{"line":47,"column":85}}},"17":{"name":"(anonymous_18)","decl":{"start":{"line":50,"column":21},"end":{"line":50,"column":22}},"loc":{"start":{"line":51,"column":8},"end":{"line":57,"column":null}}},"18":{"name":"(anonymous_19)","decl":{"start":{"line":51,"column":12},"end":{"line":51,"column":13}},"loc":{"start":{"line":51,"column":13},"end":{"line":57,"column":null}}},"19":{"name":"(anonymous_20)","decl":{"start":{"line":52,"column":45},"end":{"line":52,"column":46}},"loc":{"start":{"line":52,"column":52},"end":{"line":52,"column":82}}},"20":{"name":"(anonymous_21)","decl":{"start":{"line":59,"column":26},"end":{"line":59,"column":27}},"loc":{"start":{"line":60,"column":8},"end":{"line":62,"column":null}}},"21":{"name":"(anonymous_22)","decl":{"start":{"line":60,"column":12},"end":{"line":60,"column":13}},"loc":{"start":{"line":60,"column":24},"end":{"line":62,"column":null}}},"22":{"name":"(anonymous_23)","decl":{"start":{"line":61,"column":42},"end":{"line":61,"column":43}},"loc":{"start":{"line":61,"column":49},"end":{"line":61,"column":null}}},"23":{"name":"(anonymous_24)","decl":{"start":{"line":64,"column":20},"end":{"line":64,"column":21}},"loc":{"start":{"line":64,"column":21},"end":{"line":66,"column":null}}},"24":{"name":"(anonymous_25)","decl":{"start":{"line":65,"column":35},"end":{"line":65,"column":36}},"loc":{"start":{"line":65,"column":42},"end":{"line":65,"column":null}}},"25":{"name":"(anonymous_26)","decl":{"start":{"line":68,"column":25},"end":{"line":68,"column":26}},"loc":{"start":{"line":68,"column":26},"end":{"line":72,"column":null}}},"26":{"name":"(anonymous_27)","decl":{"start":{"line":70,"column":47},"end":{"line":70,"column":48}},"loc":{"start":{"line":70,"column":54},"end":{"line":70,"column":84}}},"27":{"name":"(anonymous_28)","decl":{"start":{"line":74,"column":27},"end":{"line":74,"column":33}},"loc":{"start":{"line":74,"column":33},"end":{"line":74,"column":null}}},"28":{"name":"(anonymous_29)","decl":{"start":{"line":76,"column":22},"end":{"line":76,"column":23}},"loc":{"start":{"line":76,"column":35},"end":{"line":76,"column":null}}},"29":{"name":"(anonymous_30)","decl":{"start":{"line":78,"column":27},"end":{"line":78,"column":null}},"loc":{"start":{"line":78,"column":27},"end":{"line":96,"column":null}}},"30":{"name":"(anonymous_31)","decl":{"start":{"line":98,"column":18},"end":{"line":98,"column":19}},"loc":{"start":{"line":99,"column":8},"end":{"line":109,"column":null}}},"31":{"name":"(anonymous_32)","decl":{"start":{"line":99,"column":12},"end":{"line":99,"column":13}},"loc":{"start":{"line":99,"column":13},"end":{"line":109,"column":null}}},"32":{"name":"(anonymous_33)","decl":{"start":{"line":111,"column":21},"end":{"line":111,"column":22}},"loc":{"start":{"line":112,"column":8},"end":{"line":124,"column":null}}},"33":{"name":"(anonymous_34)","decl":{"start":{"line":112,"column":12},"end":{"line":112,"column":13}},"loc":{"start":{"line":112,"column":13},"end":{"line":124,"column":null}}},"34":{"name":"(anonymous_35)","decl":{"start":{"line":117,"column":60},"end":{"line":117,"column":61}},"loc":{"start":{"line":117,"column":67},"end":{"line":117,"column":null}}},"35":{"name":"(anonymous_36)","decl":{"start":{"line":126,"column":25},"end":{"line":126,"column":26}},"loc":{"start":{"line":127,"column":8},"end":{"line":135,"column":null}}},"36":{"name":"(anonymous_37)","decl":{"start":{"line":127,"column":12},"end":{"line":127,"column":13}},"loc":{"start":{"line":127,"column":13},"end":{"line":135,"column":null}}}},"branchMap":{"0":{"loc":{"start":{"line":17,"column":10},"end":{"line":23,"column":null}},"type":"if","locations":[{"start":{"line":17,"column":10},"end":{"line":23,"column":null}}]},"1":{"loc":{"start":{"line":20,"column":16},"end":{"line":20,"column":null}},"type":"cond-expr","locations":[{"start":{"line":20,"column":35},"end":{"line":20,"column":84}},{"start":{"line":20,"column":84},"end":{"line":20,"column":null}}]},"2":{"loc":{"start":{"line":35,"column":12},"end":{"line":37,"column":null}},"type":"cond-expr","locations":[{"start":{"line":36,"column":16},"end":{"line":36,"column":null}},{"start":{"line":37,"column":16},"end":{"line":37,"column":null}}]},"3":{"loc":{"start":{"line":36,"column":43},"end":{"line":36,"column":null}},"type":"cond-expr","locations":[{"start":{"line":36,"column":60},"end":{"line":36,"column":84}},{"start":{"line":36,"column":84},"end":{"line":36,"column":null}}]},"4":{"loc":{"start":{"line":53,"column":10},"end":{"line":53,"column":null}},"type":"if","locations":[{"start":{"line":53,"column":10},"end":{"line":53,"column":null}}]},"5":{"loc":{"start":{"line":79,"column":8},"end":{"line":79,"column":null}},"type":"if","locations":[{"start":{"line":79,"column":8},"end":{"line":79,"column":null}}]},"6":{"loc":{"start":{"line":83,"column":10},"end":{"line":94,"column":null}},"type":"if","locations":[{"start":{"line":83,"column":10},"end":{"line":94,"column":null}}]},"7":{"loc":{"start":{"line":88,"column":22},"end":{"line":88,"column":59}},"type":"binary-expr","locations":[{"start":{"line":88,"column":22},"end":{"line":88,"column":31}},{"start":{"line":88,"column":35},"end":{"line":88,"column":59}}]},"8":{"loc":{"start":{"line":89,"column":27},"end":{"line":89,"column":47}},"type":"binary-expr","locations":[{"start":{"line":89,"column":27},"end":{"line":89,"column":41}},{"start":{"line":89,"column":45},"end":{"line":89,"column":47}}]},"9":{"loc":{"start":{"line":100,"column":10},"end":{"line":100,"column":null}},"type":"if","locations":[{"start":{"line":100,"column":10},"end":{"line":100,"column":null}}]},"10":{"loc":{"start":{"line":101,"column":36},"end":{"line":101,"column":69}},"type":"binary-expr","locations":[{"start":{"line":101,"column":36},"end":{"line":101,"column":63}},{"start":{"line":101,"column":67},"end":{"line":101,"column":69}}]},"11":{"loc":{"start":{"line":106,"column":32},"end":{"line":106,"column":99}},"type":"cond-expr","locations":[{"start":{"line":106,"column":52},"end":{"line":106,"column":62}},{"start":{"line":106,"column":65},"end":{"line":106,"column":99}}]},"12":{"loc":{"start":{"line":113,"column":10},"end":{"line":113,"column":null}},"type":"if","locations":[{"start":{"line":113,"column":10},"end":{"line":113,"column":null}}]},"13":{"loc":{"start":{"line":119,"column":16},"end":{"line":121,"column":54}},"type":"cond-expr","locations":[{"start":{"line":120,"column":20},"end":{"line":120,"column":null}},{"start":{"line":121,"column":20},"end":{"line":121,"column":54}}]},"14":{"loc":{"start":{"line":128,"column":10},"end":{"line":128,"column":null}},"type":"if","locations":[{"start":{"line":128,"column":10},"end":{"line":128,"column":null}}]}},"s":{"0":22,"1":22,"2":22,"3":22,"4":22,"5":22,"6":12,"7":12,"8":4,"9":12,"10":1,"11":1,"12":11,"13":1,"14":1,"15":1,"16":2,"17":2,"18":1,"19":1,"20":1,"21":1,"22":2,"23":1,"24":2,"25":5,"26":5,"27":1,"28":5,"29":1,"30":4,"31":1,"32":1,"33":1,"34":2,"35":2,"36":20,"37":20,"38":105,"39":20,"40":1,"41":4,"42":2,"43":0,"44":2,"45":2,"46":2,"47":0,"48":1,"49":1,"50":0,"51":1,"52":1,"53":1,"54":1,"55":0,"56":1,"57":1,"58":1,"59":1,"60":0,"61":1},"f":{"0":22,"1":12,"2":12,"3":4,"4":1,"5":1,"6":1,"7":1,"8":2,"9":2,"10":1,"11":1,"12":1,"13":1,"14":2,"15":1,"16":2,"17":5,"18":5,"19":1,"20":1,"21":1,"22":1,"23":2,"24":2,"25":20,"26":105,"27":1,"28":4,"29":2,"30":1,"31":1,"32":1,"33":1,"34":1,"35":1,"36":1},"b":{"0":[1],"1":[1,0],"2":[1,1],"3":[1,0],"4":[1],"5":[0],"6":[0],"7":[0,0],"8":[0,0],"9":[0],"10":[1,0],"11":[1,0],"12":[0],"13":[0,1],"14":[0]}}
,"C:\\Users\\JaAb450\\Documents\\3asoftwares\\E-Storefront-Web\\store\\categoryStore.ts": {"path":"C:\\Users\\JaAb450\\Documents\\3asoftwares\\E-Storefront-Web\\store\\categoryStore.ts","statementMap":{"0":{"start":{"line":76,"column":0},"end":{"line":76,"column":15}},"1":{"start":{"line":32,"column":13},"end":{"line":32,"column":32}},"2":{"start":{"line":1,"column":23},"end":{"line":1,"column":null}},"3":{"start":{"line":2,"column":24},"end":{"line":2,"column":null}},"4":{"start":{"line":30,"column":23},"end":{"line":30,"column":null}},"5":{"start":{"line":32,"column":32},"end":{"line":72,"column":null}},"6":{"start":{"line":34,"column":19},"end":{"line":65,"column":null}},"7":{"start":{"line":40,"column":8},"end":{"line":44,"column":null}},"8":{"start":{"line":46,"column":27},"end":{"line":46,"column":43}},"9":{"start":{"line":48,"column":35},"end":{"line":48,"column":null}},"10":{"start":{"line":48,"column":66},"end":{"line":48,"column":null}},"11":{"start":{"line":50,"column":31},"end":{"line":50,"column":null}},"12":{"start":{"line":50,"column":62},"end":{"line":50,"column":null}},"13":{"start":{"line":53,"column":8},"end":{"line":57,"column":null}},"14":{"start":{"line":60,"column":46},"end":{"line":60,"column":null}},"15":{"start":{"line":61,"column":8},"end":{"line":61,"column":null}},"16":{"start":{"line":61,"column":37},"end":{"line":61,"column":null}},"17":{"start":{"line":62,"column":8},"end":{"line":62,"column":null}},"18":{"start":{"line":62,"column":28},"end":{"line":62,"column":null}},"19":{"start":{"line":63,"column":8},"end":{"line":63,"column":null}},"20":{"start":{"line":68,"column":30},"end":{"line":71,"column":null}},"21":{"start":{"line":76,"column":15},"end":{"line":76,"column":null}}},"fnMap":{"0":{"name":"(anonymous_3)","decl":{"start":{"line":34,"column":4},"end":{"line":34,"column":5}},"loc":{"start":{"line":34,"column":19},"end":{"line":65,"column":null}}},"1":{"name":"(anonymous_4)","decl":{"start":{"line":39,"column":21},"end":{"line":39,"column":22}},"loc":{"start":{"line":40,"column":8},"end":{"line":44,"column":null}}},"2":{"name":"(anonymous_5)","decl":{"start":{"line":46,"column":21},"end":{"line":46,"column":27}},"loc":{"start":{"line":46,"column":27},"end":{"line":46,"column":43}}},"3":{"name":"(anonymous_6)","decl":{"start":{"line":48,"column":25},"end":{"line":48,"column":26}},"loc":{"start":{"line":48,"column":35},"end":{"line":48,"column":null}}},"4":{"name":"(anonymous_7)","decl":{"start":{"line":48,"column":57},"end":{"line":48,"column":58}},"loc":{"start":{"line":48,"column":66},"end":{"line":48,"column":null}}},"5":{"name":"(anonymous_8)","decl":{"start":{"line":50,"column":23},"end":{"line":50,"column":24}},"loc":{"start":{"line":50,"column":31},"end":{"line":50,"column":null}}},"6":{"name":"(anonymous_9)","decl":{"start":{"line":50,"column":53},"end":{"line":50,"column":54}},"loc":{"start":{"line":50,"column":62},"end":{"line":50,"column":null}}},"7":{"name":"(anonymous_10)","decl":{"start":{"line":52,"column":23},"end":{"line":52,"column":null}},"loc":{"start":{"line":53,"column":8},"end":{"line":57,"column":null}}},"8":{"name":"(anonymous_11)","decl":{"start":{"line":59,"column":21},"end":{"line":59,"column":null}},"loc":{"start":{"line":59,"column":21},"end":{"line":64,"column":null}}},"9":{"name":"(anonymous_12)","decl":{"start":{"line":68,"column":18},"end":{"line":68,"column":19}},"loc":{"start":{"line":68,"column":30},"end":{"line":71,"column":null}}}},"branchMap":{"0":{"loc":{"start":{"line":61,"column":8},"end":{"line":61,"column":null}},"type":"if","locations":[{"start":{"line":61,"column":8},"end":{"line":61,"column":null}}]},"1":{"loc":{"start":{"line":62,"column":8},"end":{"line":62,"column":null}},"type":"if","locations":[{"start":{"line":62,"column":8},"end":{"line":62,"column":null}}]}},"s":{"0":0,"1":104,"2":17,"3":17,"4":17,"5":17,"6":17,"7":26,"8":4,"9":4,"10":8,"11":5,"12":10,"13":23,"14":9,"15":9,"16":3,"17":6,"18":1,"19":5,"20":0,"21":17},"f":{"0":17,"1":26,"2":4,"3":4,"4":8,"5":5,"6":10,"7":23,"8":9,"9":0},"b":{"0":[3],"1":[1]}}
,"C:\\Users\\JaAb450\\Documents\\3asoftwares\\E-Storefront-Web\\store\\index.ts": {"path":"C:\\Users\\JaAb450\\Documents\\3asoftwares\\E-Storefront-Web\\store\\index.ts","statementMap":{"0":{"start":{"line":1,"column":9},"end":{"line":1,"column":29}},"1":{"start":{"line":2,"column":9},"end":{"line":2,"column":33}},"2":{"start":{"line":1,"column":29},"end":{"line":1,"column":null}},"3":{"start":{"line":2,"column":33},"end":{"line":2,"column":null}}},"fnMap":{},"branchMap":{},"s":{"0":0,"1":0,"2":0,"3":0},"f":{},"b":{}}
,"C:\\Users\\JaAb450\\Documents\\3asoftwares\\E-Storefront-Web\\store\\recoilState.ts": {"path":"C:\\Users\\JaAb450\\Documents\\3asoftwares\\E-Storefront-Web\\store\\recoilState.ts","statementMap":{"0":{"start":{"line":72,"column":13},"end":{"line":72,"column":31}},"1":{"start":{"line":28,"column":13},"end":{"line":28,"column":37}},"2":{"start":{"line":13,"column":13},"end":{"line":13,"column":31}},"3":{"start":{"line":23,"column":13},"end":{"line":23,"column":33}},"4":{"start":{"line":3,"column":13},"end":{"line":3,"column":32}},"5":{"start":{"line":8,"column":13},"end":{"line":8,"column":37}},"6":{"start":{"line":18,"column":13},"end":{"line":18,"column":27}},"7":{"start":{"line":1,"column":31},"end":{"line":1,"column":null}},"8":{"start":{"line":3,"column":32},"end":{"line":6,"column":null}},"9":{"start":{"line":8,"column":37},"end":{"line":11,"column":null}},"10":{"start":{"line":13,"column":31},"end":{"line":16,"column":null}},"11":{"start":{"line":18,"column":27},"end":{"line":21,"column":null}},"12":{"start":{"line":23,"column":33},"end":{"line":26,"column":null}},"13":{"start":{"line":28,"column":37},"end":{"line":70,"column":null}},"14":{"start":{"line":31,"column":21},"end":{"line":31,"column":null}},"15":{"start":{"line":32,"column":24},"end":{"line":32,"column":null}},"16":{"start":{"line":33,"column":29},"end":{"line":33,"column":null}},"17":{"start":{"line":34,"column":23},"end":{"line":34,"column":null}},"18":{"start":{"line":35,"column":19},"end":{"line":35,"column":null}},"19":{"start":{"line":37,"column":19},"end":{"line":37,"column":null}},"20":{"start":{"line":39,"column":4},"end":{"line":45,"column":null}},"21":{"start":{"line":40,"column":6},"end":{"line":43,"column":null}},"22":{"start":{"line":42,"column":10},"end":{"line":43,"column":null}},"23":{"start":{"line":47,"column":4},"end":{"line":49,"column":null}},"24":{"start":{"line":48,"column":6},"end":{"line":48,"column":null}},"25":{"start":{"line":48,"column":40},"end":{"line":48,"column":null}},"26":{"start":{"line":51,"column":4},"end":{"line":51,"column":null}},"27":{"start":{"line":51,"column":38},"end":{"line":51,"column":92}},"28":{"start":{"line":53,"column":4},"end":{"line":66,"column":null}},"29":{"start":{"line":55,"column":8},"end":{"line":55,"column":null}},"30":{"start":{"line":55,"column":32},"end":{"line":55,"column":49}},"31":{"start":{"line":56,"column":8},"end":{"line":56,"column":null}},"32":{"start":{"line":58,"column":8},"end":{"line":58,"column":null}},"33":{"start":{"line":58,"column":32},"end":{"line":58,"column":49}},"34":{"start":{"line":59,"column":8},"end":{"line":59,"column":null}},"35":{"start":{"line":61,"column":8},"end":{"line":61,"column":null}},"36":{"start":{"line":61,"column":32},"end":{"line":61,"column":null}},"37":{"start":{"line":62,"column":8},"end":{"line":62,"column":null}},"38":{"start":{"line":64,"column":8},"end":{"line":64,"column":null}},"39":{"start":{"line":64,"column":32},"end":{"line":64,"column":null}},"40":{"start":{"line":65,"column":8},"end":{"line":65,"column":null}},"41":{"start":{"line":68,"column":4},"end":{"line":68,"column":null}},"42":{"start":{"line":72,"column":31},"end":{"line":79,"column":null}},"43":{"start":{"line":75,"column":21},"end":{"line":75,"column":null}},"44":{"start":{"line":76,"column":23},"end":{"line":76,"column":null}},"45":{"start":{"line":76,"column":51},"end":{"line":76,"column":61}},"46":{"start":{"line":77,"column":4},"end":{"line":77,"column":null}}},"fnMap":{"0":{"name":"(anonymous_8)","decl":{"start":{"line":30,"column":7},"end":{"line":30,"column":8}},"loc":{"start":{"line":30,"column":15},"end":{"line":69,"column":null}}},"1":{"name":"(anonymous_9)","decl":{"start":{"line":41,"column":8},"end":{"line":41,"column":9}},"loc":{"start":{"line":42,"column":10},"end":{"line":43,"column":null}}},"2":{"name":"(anonymous_10)","decl":{"start":{"line":48,"column":33},"end":{"line":48,"column":34}},"loc":{"start":{"line":48,"column":40},"end":{"line":48,"column":null}}},"3":{"name":"(anonymous_11)","decl":{"start":{"line":51,"column":31},"end":{"line":51,"column":32}},"loc":{"start":{"line":51,"column":38},"end":{"line":51,"column":92}}},"4":{"name":"(anonymous_12)","decl":{"start":{"line":55,"column":22},"end":{"line":55,"column":23}},"loc":{"start":{"line":55,"column":32},"end":{"line":55,"column":49}}},"5":{"name":"(anonymous_13)","decl":{"start":{"line":58,"column":22},"end":{"line":58,"column":23}},"loc":{"start":{"line":58,"column":32},"end":{"line":58,"column":49}}},"6":{"name":"(anonymous_14)","decl":{"start":{"line":61,"column":22},"end":{"line":61,"column":23}},"loc":{"start":{"line":61,"column":32},"end":{"line":61,"column":null}}},"7":{"name":"(anonymous_15)","decl":{"start":{"line":64,"column":22},"end":{"line":64,"column":23}},"loc":{"start":{"line":64,"column":32},"end":{"line":64,"column":null}}},"8":{"name":"(anonymous_16)","decl":{"start":{"line":74,"column":7},"end":{"line":74,"column":8}},"loc":{"start":{"line":74,"column":15},"end":{"line":78,"column":null}}},"9":{"name":"(anonymous_17)","decl":{"start":{"line":76,"column":44},"end":{"line":76,"column":45}},"loc":{"start":{"line":76,"column":51},"end":{"line":76,"column":61}}}},"branchMap":{"0":{"loc":{"start":{"line":39,"column":4},"end":{"line":45,"column":null}},"type":"if","locations":[{"start":{"line":39,"column":4},"end":{"line":45,"column":null}}]},"1":{"loc":{"start":{"line":42,"column":10},"end":{"line":43,"column":null}},"type":"binary-expr","locations":[{"start":{"line":42,"column":10},"end":{"line":42,"column":null}},{"start":{"line":43,"column":10},"end":{"line":43,"column":null}}]},"2":{"loc":{"start":{"line":47,"column":4},"end":{"line":49,"column":null}},"type":"if","locations":[{"start":{"line":47,"column":4},"end":{"line":49,"column":null}}]},"3":{"loc":{"start":{"line":51,"column":38},"end":{"line":51,"column":92}},"type":"binary-expr","locations":[{"start":{"line":51,"column":38},"end":{"line":51,"column":63}},{"start":{"line":51,"column":67},"end":{"line":51,"column":92}}]},"4":{"loc":{"start":{"line":53,"column":4},"end":{"line":66,"column":null}},"type":"switch","locations":[{"start":{"line":54,"column":6},"end":{"line":56,"column":null}},{"start":{"line":57,"column":6},"end":{"line":59,"column":null}},{"start":{"line":60,"column":6},"end":{"line":62,"column":null}},{"start":{"line":63,"column":6},"end":{"line":65,"column":null}}]}},"s":{"0":3,"1":9,"2":2,"3":12,"4":3,"5":2,"6":5,"7":1,"8":1,"9":1,"10":1,"11":1,"12":1,"13":1,"14":8,"15":8,"16":8,"17":8,"18":8,"19":8,"20":8,"21":2,"22":8,"23":8,"24":1,"25":4,"26":8,"27":24,"28":8,"29":1,"30":5,"31":1,"32":1,"33":5,"34":1,"35":1,"36":3,"37":1,"38":5,"39":6,"40":5,"41":8,"42":1,"43":3,"44":3,"45":8,"46":3},"f":{"0":8,"1":8,"2":4,"3":24,"4":5,"5":5,"6":3,"7":6,"8":3,"9":8},"b":{"0":[2],"1":[8,7],"2":[1],"3":[24,23],"4":[1,1,1,5]}}
}
