TN:
SF:app\layout.tsx
FN:68,RootLayout
FNF:1
FNH:0
FNDA:0,RootLayout
DA:2,0
DA:3,0
DA:4,0
DA:5,0
DA:6,0
DA:8,0
DA:9,0
DA:11,0
DA:68,0
LF:9
LH:0
BRDA:35,0,0,0
BRDA:35,0,1,0
BRDA:39,1,0,0
BRDA:39,1,1,0
BRF:4
BRH:0
end_of_record
TN:
SF:app\page.tsx
FN:30,HomePage
FN:48,(anonymous_3)
FN:136,(anonymous_4)
FN:176,(anonymous_5)
FN:193,(anonymous_6)
FN:218,(anonymous_7)
FN:229,(anonymous_8)
FNF:7
FNH:0
FNDA:0,HomePage
FNDA:0,(anonymous_3)
FNDA:0,(anonymous_4)
FNDA:0,(anonymous_5)
FNDA:0,(anonymous_6)
FNDA:0,(anonymous_7)
FNDA:0,(anonymous_8)
DA:3,0
DA:4,0
DA:5,0
DA:6,0
DA:19,0
DA:20,0
DA:27,0
DA:28,0
DA:30,0
DA:31,0
DA:32,0
DA:34,0
DA:37,0
DA:39,0
DA:43,0
DA:45,0
DA:46,0
DA:48,0
DA:49,0
DA:56,0
DA:137,0
DA:177,0
DA:194,0
DA:219,0
DA:230,0
DA:238,0
DA:240,0
LF:27
LH:0
BRDA:37,0,0,0
BRDA:37,0,1,0
BRDA:43,1,0,0
BRDA:43,1,1,0
BRDA:46,2,0,0
BRDA:46,2,1,0
BRDA:46,3,0,0
BRDA:46,3,1,0
BRDA:128,4,0,0
BRDA:130,5,0,0
BRDA:169,6,0,0
BRDA:171,7,0,0
BRDA:184,8,0,0
BRDA:217,9,0,0
BRDA:226,10,0,0
BRDA:244,11,0,0
BRDA:244,11,1,0
BRDA:242,12,0,0
BRDA:242,12,1,0
BRF:19
BRH:0
end_of_record
TN:
SF:app\providers.tsx
FN:14,AuthLoader
FN:18,(anonymous_2)
FN:41,Providers
FN:43,(anonymous_4)
FNF:4
FNH:0
FNDA:0,AuthLoader
FNDA:0,(anonymous_2)
FNDA:0,Providers
FNDA:0,(anonymous_4)
DA:3,0
DA:4,0
DA:5,0
DA:6,0
DA:7,0
DA:8,0
DA:9,0
DA:10,0
DA:11,0
DA:12,0
DA:15,0
DA:16,0
DA:18,0
DA:19,0
DA:20,0
DA:21,0
DA:22,0
DA:23,0
DA:24,0
DA:26,0
DA:27,0
DA:28,0
DA:41,0
DA:42,0
DA:44,0
LF:25
LH:0
BRDA:19,0,0,0
BRDA:26,1,0,0
BRDA:27,2,0,0
BRDA:27,2,1,0
BRDA:31,3,0,0
BRDA:31,3,1,0
BRDA:32,4,0,0
BRDA:32,4,1,0
BRDA:63,5,0,0
BRF:9
BRH:0
end_of_record
TN:
SF:app\about\page.tsx
FN:6,AboutPage
FNF:1
FNH:0
FNDA:0,AboutPage
DA:3,0
DA:4,0
DA:6,0
LF:3
LH:0
BRF:0
BRH:0
end_of_record
TN:
SF:app\cart\page.tsx
FN:27,CartPage
FN:33,(anonymous_5)
FN:42,(anonymous_6)
FN:82,(anonymous_7)
FN:117,(anonymous_8)
FN:134,(anonymous_9)
FN:152,(anonymous_10)
FN:170,(anonymous_11)
FN:189,(anonymous_12)
FNF:9
FNH:0
FNDA:0,CartPage
FNDA:0,(anonymous_5)
FNDA:0,(anonymous_6)
FNDA:0,(anonymous_7)
FNDA:0,(anonymous_8)
FNDA:0,(anonymous_9)
FNDA:0,(anonymous_10)
FNDA:0,(anonymous_11)
FNDA:0,(anonymous_12)
DA:3,0
DA:4,0
DA:5,0
DA:6,0
DA:7,0
DA:8,0
DA:19,0
DA:20,0
DA:21,0
DA:22,0
DA:23,0
DA:25,0
DA:27,0
DA:28,0
DA:29,0
DA:30,0
DA:31,0
DA:33,0
DA:34,0
DA:35,0
DA:37,0
DA:41,0
DA:42,0
DA:45,0
DA:46,0
DA:47,0
DA:83,0
DA:118,0
DA:119,0
DA:120,0
DA:135,0
DA:136,0
DA:153,0
DA:154,0
DA:171,0
DA:172,0
DA:173,0
DA:189,0
LF:38
LH:0
BRDA:34,0,0,0
BRDA:34,0,1,0
BRDA:46,1,0,0
BRDA:46,1,1,0
BRDA:56,2,0,0
BRDA:56,2,1,0
BRDA:59,3,0,0
BRDA:59,3,1,0
BRDA:69,4,0,0
BRDA:90,5,0,0
BRDA:119,6,0,0
BRDA:171,7,0,0
BRDA:211,8,0,0
BRDA:220,9,0,0
BRDA:220,9,1,0
BRF:15
BRH:0
end_of_record
TN:
SF:app\checkout\page.tsx
FN:52,CheckoutPage
FN:90,(anonymous_2)
FN:92,(anonymous_3)
FN:98,(anonymous_4)
FN:106,(anonymous_5)
FN:112,(anonymous_6)
FN:148,(anonymous_7)
FN:181,(anonymous_8)
FN:218,(anonymous_9)
FN:225,(anonymous_10)
FN:266,(anonymous_11)
FN:283,(anonymous_12)
FN:330,(anonymous_13)
FN:366,(anonymous_14)
FN:376,(anonymous_15)
FN:383,(anonymous_16)
FN:421,(anonymous_17)
FN:438,(anonymous_18)
FN:445,(anonymous_19)
FN:453,(anonymous_20)
FN:460,(anonymous_21)
FN:467,(anonymous_22)
FN:473,(anonymous_23)
FN:481,(anonymous_24)
FN:487,(anonymous_25)
FN:497,(anonymous_26)
FN:586,(anonymous_27)
FN:599,(anonymous_28)
FN:650,(anonymous_29)
FN:716,(anonymous_30)
FN:728,(anonymous_31)
FNF:31
FNH:0
FNDA:0,CheckoutPage
FNDA:0,(anonymous_2)
FNDA:0,(anonymous_3)
FNDA:0,(anonymous_4)
FNDA:0,(anonymous_5)
FNDA:0,(anonymous_6)
FNDA:0,(anonymous_7)
FNDA:0,(anonymous_8)
FNDA:0,(anonymous_9)
FNDA:0,(anonymous_10)
FNDA:0,(anonymous_11)
FNDA:0,(anonymous_12)
FNDA:0,(anonymous_13)
FNDA:0,(anonymous_14)
FNDA:0,(anonymous_15)
FNDA:0,(anonymous_16)
FNDA:0,(anonymous_17)
FNDA:0,(anonymous_18)
FNDA:0,(anonymous_19)
FNDA:0,(anonymous_20)
FNDA:0,(anonymous_21)
FNDA:0,(anonymous_22)
FNDA:0,(anonymous_23)
FNDA:0,(anonymous_24)
FNDA:0,(anonymous_25)
FNDA:0,(anonymous_26)
FNDA:0,(anonymous_27)
FNDA:0,(anonymous_28)
FNDA:0,(anonymous_29)
FNDA:0,(anonymous_30)
FNDA:0,(anonymous_31)
DA:3,0
DA:4,0
DA:5,0
DA:6,0
DA:7,0
DA:8,0
DA:9,0
DA:10,0
DA:23,0
DA:24,0
DA:25,0
DA:52,0
DA:53,0
DA:54,0
DA:55,0
DA:56,0
DA:57,0
DA:58,0
DA:59,0
DA:60,0
DA:61,0
DA:62,0
DA:65,0
DA:66,0
DA:67,0
DA:68,0
DA:71,0
DA:72,0
DA:73,0
DA:76,0
DA:78,0
DA:90,0
DA:91,0
DA:92,0
DA:93,0
DA:97,0
DA:98,0
DA:101,0
DA:102,0
DA:103,0
DA:104,0
DA:106,0
DA:107,0
DA:108,0
DA:109,0
DA:112,0
DA:113,0
DA:115,0
DA:116,0
DA:118,0
DA:119,0
DA:120,0
DA:121,0
DA:123,0
DA:124,0
DA:126,0
DA:127,0
DA:129,0
DA:130,0
DA:132,0
DA:133,0
DA:135,0
DA:136,0
DA:137,0
DA:138,0
DA:140,0
DA:141,0
DA:144,0
DA:145,0
DA:148,0
DA:149,0
DA:150,0
DA:151,0
DA:154,0
DA:155,0
DA:167,0
DA:168,0
DA:169,0
DA:170,0
DA:171,0
DA:172,0
DA:174,0
DA:177,0
DA:181,0
DA:182,0
DA:183,0
DA:184,0
DA:187,0
DA:188,0
DA:190,0
DA:191,0
DA:200,0
DA:201,0
DA:202,0
DA:207,0
DA:208,0
DA:211,0
DA:212,0
DA:214,0
DA:218,0
DA:219,0
DA:220,0
DA:221,0
DA:222,0
DA:225,0
DA:227,0
DA:228,0
DA:229,0
DA:230,0
DA:233,0
DA:234,0
DA:235,0
DA:239,0
DA:241,0
DA:243,0
DA:244,0
DA:245,0
DA:247,0
DA:262,0
DA:263,0
DA:264,0
DA:266,0
DA:268,0
DA:269,0
DA:270,0
DA:274,0
DA:275,0
DA:276,0
DA:279,0
DA:280,0
DA:283,0
DA:311,0
DA:312,0
DA:313,0
DA:314,0
DA:316,0
DA:317,0
DA:321,0
DA:330,0
DA:367,0
DA:376,0
DA:383,0
DA:421,0
DA:438,0
DA:445,0
DA:453,0
DA:460,0
DA:467,0
DA:473,0
DA:481,0
DA:488,0
DA:498,0
DA:586,0
DA:600,0
DA:651,0
DA:652,0
DA:716,0
DA:728,0
LF:158
LH:0
BRDA:56,0,0,0
BRDA:91,1,0,0
BRDA:91,2,0,0
BRDA:91,2,1,0
BRDA:93,3,0,0
BRDA:93,3,1,0
BRDA:102,4,0,0
BRDA:102,4,1,0
BRDA:102,5,0,0
BRDA:102,5,1,0
BRDA:103,6,0,0
BRDA:103,6,1,0
BRDA:115,7,0,0
BRDA:118,8,0,0
BRDA:118,8,1,0
BRDA:120,9,0,0
BRDA:123,10,0,0
BRDA:123,11,0,0
BRDA:123,11,1,0
BRDA:126,12,0,0
BRDA:129,13,0,0
BRDA:132,14,0,0
BRDA:135,15,0,0
BRDA:135,15,1,0
BRDA:137,16,0,0
BRDA:140,17,0,0
BRDA:149,18,0,0
BRDA:158,19,0,0
BRDA:158,19,1,0
BRDA:167,20,0,0
BRDA:167,20,1,0
BRDA:167,21,0,0
BRDA:167,21,1,0
BRDA:174,22,0,0
BRDA:174,22,1,0
BRDA:177,23,0,0
BRDA:177,23,1,0
BRDA:182,24,0,0
BRDA:200,25,0,0
BRDA:200,25,1,0
BRDA:207,26,0,0
BRDA:207,26,1,0
BRDA:227,27,0,0
BRDA:233,28,0,0
BRDA:241,29,0,0
BRDA:241,29,1,0
BRDA:243,30,0,0
BRDA:252,31,0,0
BRDA:252,31,1,0
BRDA:262,32,0,0
BRDA:266,33,0,0
BRDA:266,33,1,0
BRDA:268,34,0,0
BRDA:274,35,0,0
BRDA:284,36,0,0
BRDA:284,36,1,0
BRDA:288,37,0,0
BRDA:288,37,1,0
BRDA:308,38,0,0
BRDA:308,38,1,0
BRDA:317,39,0,0
BRDA:317,39,1,0
BRDA:321,40,0,0
BRDA:357,41,0,0
BRDA:365,42,0,0
BRDA:364,43,0,0
BRDA:364,43,1,0
BRDA:364,43,2,0
BRDA:372,44,0,0
BRDA:372,44,1,0
BRDA:374,45,0,0
BRDA:374,45,1,0
BRDA:388,46,0,0
BRDA:391,47,0,0
BRDA:391,47,1,0
BRDA:394,48,0,0
BRDA:395,49,0,0
BRDA:403,50,0,0
BRDA:413,51,0,0
BRDA:427,52,0,0
BRDA:427,52,1,0
BRDA:430,53,0,0
BRDA:494,54,0,0
BRDA:517,55,0,0
BRDA:544,56,0,0
BRDA:544,56,1,0
BRDA:617,57,0,0
BRDA:627,58,0,0
BRDA:659,59,0,0
BRDA:659,59,1,0
BRDA:662,60,0,0
BRDA:662,60,1,0
BRDA:665,61,0,0
BRDA:684,62,0,0
BRDA:693,63,0,0
BRDA:693,63,1,0
BRDA:710,64,0,0
BRDA:710,64,1,0
BRDA:724,65,0,0
BRF:99
BRH:0
end_of_record
TN:
SF:app\contact\page.tsx
FN:9,ContactPage
FN:19,(anonymous_2)
FN:23,(anonymous_3)
FN:30,(anonymous_4)
FNF:4
FNH:0
FNDA:0,ContactPage
FNDA:0,(anonymous_2)
FNDA:0,(anonymous_3)
FNDA:0,(anonymous_4)
DA:3,0
DA:4,0
DA:5,0
DA:6,0
DA:7,0
DA:9,0
DA:10,0
DA:11,0
DA:17,0
DA:19,0
DA:20,0
DA:21,0
DA:23,0
DA:24,0
DA:25,0
DA:26,0
DA:30,0
DA:31,0
LF:18
LH:0
BRDA:109,0,0,0
BRDA:109,0,1,0
BRF:2
BRH:0
end_of_record
TN:
SF:app\faq\page.tsx
FN:125,FAQPage
FN:130,(anonymous_2)
FN:132,(anonymous_3)
FN:140,(anonymous_4)
FN:170,(anonymous_5)
FN:177,(anonymous_6)
FN:180,(anonymous_7)
FN:198,(anonymous_8)
FN:204,(anonymous_9)
FN:236,(anonymous_10)
FNF:10
FNH:0
FNDA:0,FAQPage
FNDA:0,(anonymous_2)
FNDA:0,(anonymous_3)
FNDA:0,(anonymous_4)
FNDA:0,(anonymous_5)
FNDA:0,(anonymous_6)
FNDA:0,(anonymous_7)
FNDA:0,(anonymous_8)
FNDA:0,(anonymous_9)
FNDA:0,(anonymous_10)
DA:3,0
DA:4,0
DA:5,0
DA:6,0
DA:15,0
DA:125,0
DA:126,0
DA:127,0
DA:128,0
DA:130,0
DA:132,0
DA:133,0
DA:134,0
DA:137,0
DA:140,0
DA:141,0
DA:170,0
DA:178,0
DA:180,0
DA:199,0
DA:204,0
DA:236,0
LF:22
LH:0
BRDA:133,0,0,0
BRDA:133,0,1,0
BRDA:134,1,0,0
BRDA:134,1,1,0
BRDA:134,1,2,0
BRDA:137,2,0,0
BRDA:137,2,1,0
BRDA:141,3,0,0
BRDA:141,3,1,0
BRDA:181,4,0,0
BRDA:181,4,1,0
BRDA:191,5,0,0
BRDA:214,6,0,0
BRDA:214,6,1,0
BRDA:216,7,0,0
BRDA:216,7,1,0
BRDA:220,8,0,0
BRF:17
BRH:0
end_of_record
TN:
SF:app\forgot-password\page.tsx
FN:15,ForgotPasswordPage
FN:21,(anonymous_3)
FN:69,(anonymous_4)
FN:117,(anonymous_5)
FNF:4
FNH:0
FNDA:0,ForgotPasswordPage
FNDA:0,(anonymous_3)
FNDA:0,(anonymous_4)
FNDA:0,(anonymous_5)
DA:3,0
DA:4,0
DA:5,0
DA:6,0
DA:12,0
DA:13,0
DA:15,0
DA:16,0
DA:17,0
DA:18,0
DA:19,0
DA:21,0
DA:22,0
DA:23,0
DA:25,0
DA:26,0
DA:27,0
DA:30,0
DA:31,0
DA:32,0
DA:33,0
DA:35,0
DA:38,0
DA:42,0
DA:69,0
DA:117,0
LF:26
LH:0
BRDA:25,0,0,0
BRDA:32,1,0,0
BRDA:32,1,1,0
BRDA:38,2,0,0
BRDA:38,2,1,0
BRDA:42,3,0,0
BRDA:107,4,0,0
BRDA:123,5,0,0
BRDA:123,5,1,0
BRF:9
BRH:0
end_of_record
TN:
SF:app\login\page.tsx
FN:11,LoginPage
FN:21,(anonymous_3)
FN:91,(anonymous_4)
FN:99,(anonymous_5)
FNF:4
FNH:0
FNDA:0,LoginPage
FNDA:0,(anonymous_3)
FNDA:0,(anonymous_4)
FNDA:0,(anonymous_5)
DA:3,0
DA:4,0
DA:5,0
DA:6,0
DA:7,0
DA:8,0
DA:9,0
DA:11,0
DA:12,0
DA:13,0
DA:14,0
DA:15,0
DA:16,0
DA:17,0
DA:18,0
DA:19,0
DA:21,0
DA:22,0
DA:23,0
DA:25,0
DA:26,0
DA:28,0
DA:29,0
DA:37,0
DA:39,0
DA:91,0
DA:99,0
LF:27
LH:0
BRDA:14,0,0,0
BRDA:14,0,1,0
BRDA:28,1,0,0
BRDA:32,2,0,0
BRDA:32,2,1,0
BRDA:39,3,0,0
BRDA:39,3,1,0
BRDA:39,4,0,0
BRDA:39,4,1,0
BRDA:82,5,0,0
BRDA:112,6,0,0
BRDA:112,6,1,0
BRF:12
BRH:0
end_of_record
TN:
SF:app\offline\page.tsx
FN:8,OfflinePage
FN:9,(anonymous_3)
FNF:2
FNH:0
FNDA:0,OfflinePage
FNDA:0,(anonymous_3)
DA:3,0
DA:4,0
DA:5,0
DA:6,0
DA:8,0
DA:9,0
DA:10,0
LF:7
LH:0
BRF:0
BRH:0
end_of_record
TN:
SF:app\orders\page.tsx
FN:25,(anonymous_1)
FN:50,OrdersPage
FN:75,(anonymous_3)
FN:107,(anonymous_4)
FN:146,(anonymous_5)
FN:168,(anonymous_6)
FN:187,(anonymous_7)
FN:196,(anonymous_8)
FN:206,(anonymous_9)
FN:222,(anonymous_10)
FN:228,(anonymous_11)
FN:231,(anonymous_12)
FN:239,(anonymous_13)
FNF:13
FNH:0
FNDA:0,(anonymous_1)
FNDA:0,OrdersPage
FNDA:0,(anonymous_3)
FNDA:0,(anonymous_4)
FNDA:0,(anonymous_5)
FNDA:0,(anonymous_6)
FNDA:0,(anonymous_7)
FNDA:0,(anonymous_8)
FNDA:0,(anonymous_9)
FNDA:0,(anonymous_10)
FNDA:0,(anonymous_11)
FNDA:0,(anonymous_12)
FNDA:0,(anonymous_13)
DA:3,0
DA:4,0
DA:5,0
DA:6,0
DA:7,0
DA:8,0
DA:19,0
DA:20,0
DA:21,0
DA:25,0
DA:26,0
DA:32,0
DA:41,0
DA:50,0
DA:51,0
DA:52,0
DA:53,0
DA:55,0
DA:57,0
DA:58,0
DA:60,0
DA:68,0
DA:75,0
DA:108,0
DA:146,0
DA:169,0
DA:187,0
DA:196,0
DA:206,0
DA:222,0
DA:229,0
DA:231,0
DA:239,0
LF:33
LH:0
BRDA:27,0,0,0
BRDA:27,0,1,0
BRDA:57,1,0,0
BRDA:57,1,1,0
BRDA:58,2,0,0
BRDA:58,2,1,0
BRDA:60,3,0,0
BRDA:68,4,0,0
BRDA:96,5,0,0
BRDA:129,6,0,0
BRDA:177,7,0,0
BRDA:193,8,0,0
BRDA:193,8,1,0
BRDA:193,9,0,0
BRDA:193,9,1,0
BRDA:193,9,2,0
BRDA:204,10,0,0
BRDA:204,10,1,0
BRDA:204,11,0,0
BRDA:204,11,1,0
BRDA:219,12,0,0
BRDA:232,13,0,0
BRDA:232,13,1,0
BRF:23
BRH:0
end_of_record
TN:
SF:app\orders\[id]\page.tsx
FN:36,OrderDetailPage
FN:59,(anonymous_2)
FN:67,(anonymous_3)
FN:68,(anonymous_4)
FN:76,(anonymous_5)
FN:92,(anonymous_6)
FN:110,(anonymous_7)
FN:160,(anonymous_8)
FN:279,(anonymous_9)
FN:299,(anonymous_10)
FNF:10
FNH:0
FNDA:0,OrderDetailPage
FNDA:0,(anonymous_2)
FNDA:0,(anonymous_3)
FNDA:0,(anonymous_4)
FNDA:0,(anonymous_5)
FNDA:0,(anonymous_6)
FNDA:0,(anonymous_7)
FNDA:0,(anonymous_8)
FNDA:0,(anonymous_9)
FNDA:0,(anonymous_10)
DA:3,0
DA:4,0
DA:5,0
DA:6,0
DA:7,0
DA:8,0
DA:19,0
DA:20,0
DA:28,0
DA:36,0
DA:37,0
DA:38,0
DA:39,0
DA:40,0
DA:42,0
DA:43,0
DA:45,0
DA:53,0
DA:59,0
DA:67,0
DA:68,0
DA:71,0
DA:74,0
DA:76,0
DA:77,0
DA:78,0
DA:79,0
DA:80,0
DA:82,0
DA:92,0
DA:111,0
DA:161,0
DA:279,0
DA:300,0
LF:34
LH:0
BRDA:45,0,0,0
BRDA:53,1,0,0
BRDA:53,2,0,0
BRDA:53,2,1,0
BRDA:72,3,0,0
BRDA:72,3,1,0
BRDA:74,4,0,0
BRDA:74,4,1,0
BRDA:82,5,0,0
BRDA:82,5,1,0
BRDA:115,6,0,0
BRDA:115,6,1,0
BRDA:117,7,0,0
BRDA:117,7,1,0
BRDA:129,8,0,0
BRDA:132,9,0,0
BRDA:132,9,1,0
BRDA:142,10,0,0
BRDA:190,11,0,0
BRDA:193,12,0,0
BRDA:193,12,1,0
BRDA:195,13,0,0
BRDA:196,14,0,0
BRDA:226,15,0,0
BRDA:230,16,0,0
BRDA:268,17,0,0
BRDA:268,17,1,0
BRDA:275,18,0,0
BRDA:275,18,1,0
BRDA:278,19,0,0
BRF:30
BRH:0
end_of_record
TN:
SF:app\products\layout.tsx
FN:1,ProductsLayout
FNF:1
FNH:0
FNDA:0,ProductsLayout
DA:1,0
LF:1
LH:0
BRF:0
BRH:0
end_of_record
TN:
SF:app\products\page.tsx
FN:25,ProductsPage
FN:49,(anonymous_2)
FN:55,(anonymous_3)
FN:59,(anonymous_4)
FN:62,(anonymous_5)
FN:69,(anonymous_6)
FN:73,(anonymous_7)
FN:76,(anonymous_8)
FN:83,(anonymous_9)
FN:101,(anonymous_10)
FN:129,(anonymous_11)
FN:133,(anonymous_12)
FN:135,(anonymous_13)
FN:137,(anonymous_14)
FN:139,(anonymous_15)
FN:148,(anonymous_16)
FN:155,(anonymous_17)
FN:156,(anonymous_18)
FN:157,(anonymous_19)
FN:165,(anonymous_20)
FN:172,(anonymous_21)
FN:173,(anonymous_22)
FN:176,(anonymous_23)
FN:189,(anonymous_24)
FN:241,(anonymous_25)
FN:249,(anonymous_26)
FN:265,(anonymous_27)
FN:277,(anonymous_28)
FN:290,(anonymous_29)
FN:300,(anonymous_30)
FN:329,(anonymous_31)
FN:339,(anonymous_32)
FN:357,(anonymous_33)
FN:371,(anonymous_34)
FN:389,(anonymous_35)
FN:399,(anonymous_36)
FN:434,(anonymous_37)
FNF:37
FNH:0
FNDA:0,ProductsPage
FNDA:0,(anonymous_2)
FNDA:0,(anonymous_3)
FNDA:0,(anonymous_4)
FNDA:0,(anonymous_5)
FNDA:0,(anonymous_6)
FNDA:0,(anonymous_7)
FNDA:0,(anonymous_8)
FNDA:0,(anonymous_9)
FNDA:0,(anonymous_10)
FNDA:0,(anonymous_11)
FNDA:0,(anonymous_12)
FNDA:0,(anonymous_13)
FNDA:0,(anonymous_14)
FNDA:0,(anonymous_15)
FNDA:0,(anonymous_16)
FNDA:0,(anonymous_17)
FNDA:0,(anonymous_18)
FNDA:0,(anonymous_19)
FNDA:0,(anonymous_20)
FNDA:0,(anonymous_21)
FNDA:0,(anonymous_22)
FNDA:0,(anonymous_23)
FNDA:0,(anonymous_24)
FNDA:0,(anonymous_25)
FNDA:0,(anonymous_26)
FNDA:0,(anonymous_27)
FNDA:0,(anonymous_28)
FNDA:0,(anonymous_29)
FNDA:0,(anonymous_30)
FNDA:0,(anonymous_31)
FNDA:0,(anonymous_32)
FNDA:0,(anonymous_33)
FNDA:0,(anonymous_34)
FNDA:0,(anonymous_35)
FNDA:0,(anonymous_36)
FNDA:0,(anonymous_37)
DA:3,0
DA:4,0
DA:5,0
DA:6,0
DA:8,0
DA:9,0
DA:10,0
DA:11,0
DA:12,0
DA:13,0
DA:17,0
DA:25,0
DA:26,0
DA:27,0
DA:28,0
DA:29,0
DA:30,0
DA:31,0
DA:32,0
DA:33,0
DA:34,0
DA:35,0
DA:36,0
DA:37,0
DA:38,0
DA:39,0
DA:40,0
DA:41,0
DA:44,0
DA:47,0
DA:49,0
DA:55,0
DA:56,0
DA:57,0
DA:59,0
DA:60,0
DA:62,0
DA:63,0
DA:64,0
DA:69,0
DA:70,0
DA:71,0
DA:73,0
DA:74,0
DA:76,0
DA:77,0
DA:78,0
DA:83,0
DA:84,0
DA:85,0
DA:86,0
DA:88,0
DA:89,0
DA:90,0
DA:91,0
DA:93,0
DA:94,0
DA:97,0
DA:99,0
DA:100,0
DA:102,0
DA:105,0
DA:106,0
DA:107,0
DA:109,0
DA:111,0
DA:114,0
DA:117,0
DA:120,0
DA:129,0
DA:130,0
DA:131,0
DA:133,0
DA:135,0
DA:137,0
DA:139,0
DA:142,0
DA:146,0
DA:148,0
DA:149,0
DA:150,0
DA:152,0
DA:155,0
DA:156,0
DA:157,0
DA:158,0
DA:161,0
DA:165,0
DA:166,0
DA:167,0
DA:170,0
DA:172,0
DA:173,0
DA:176,0
DA:177,0
DA:186,0
DA:189,0
DA:190,0
DA:191,0
DA:192,0
DA:194,0
DA:201,0
DA:241,0
DA:250,0
DA:251,0
DA:266,0
DA:267,0
DA:278,0
DA:279,0
DA:291,0
DA:292,0
DA:301,0
DA:302,0
DA:303,0
DA:304,0
DA:305,0
DA:306,0
DA:307,0
DA:308,0
DA:309,0
DA:330,0
DA:340,0
DA:341,0
DA:358,0
DA:359,0
DA:372,0
DA:373,0
DA:390,0
DA:391,0
DA:400,0
DA:401,0
DA:402,0
DA:403,0
DA:404,0
DA:405,0
DA:406,0
DA:407,0
DA:408,0
DA:435,0
LF:139
LH:0
BRDA:44,0,0,0
BRDA:56,1,0,0
BRDA:63,2,0,0
BRDA:70,3,0,0
BRDA:77,4,0,0
BRDA:88,5,0,0
BRDA:88,5,1,0
BRDA:97,6,0,0
BRDA:97,6,1,0
BRDA:102,7,0,0
BRDA:102,7,1,0
BRDA:105,8,0,0
BRDA:105,8,1,0
BRDA:107,9,0,0
BRDA:107,9,1,0
BRDA:121,10,0,0
BRDA:121,10,1,0
BRDA:122,11,0,0
BRDA:122,11,1,0
BRDA:123,12,0,0
BRDA:123,12,1,0
BRDA:124,13,0,0
BRDA:124,13,1,0
BRDA:125,14,0,0
BRDA:125,14,1,0
BRDA:125,14,2,0
BRDA:126,15,0,0
BRDA:126,15,1,0
BRDA:131,16,0,0
BRDA:131,16,1,0
BRDA:131,16,2,0
BRDA:131,16,3,0
BRDA:131,16,4,0
BRDA:131,16,5,0
BRDA:137,17,0,0
BRDA:137,17,1,0
BRDA:137,18,0,0
BRDA:137,18,1,0
BRDA:139,19,0,0
BRDA:139,19,1,0
BRDA:139,20,0,0
BRDA:139,20,1,0
BRDA:149,21,0,0
BRDA:150,22,0,0
BRDA:150,22,1,0
BRDA:161,23,0,0
BRDA:161,23,1,0
BRDA:182,24,0,0
BRDA:182,24,1,0
BRDA:190,25,0,0
BRDA:190,25,1,0
BRDA:198,26,0,0
BRDA:198,26,1,0
BRDA:215,27,0,0
BRDA:215,27,1,0
BRDA:264,28,0,0
BRDA:264,28,1,0
BRDA:266,29,0,0
BRDA:266,29,1,0
BRDA:276,30,0,0
BRDA:276,30,1,0
BRDA:278,31,0,0
BRDA:278,31,1,0
BRDA:356,32,0,0
BRDA:356,32,1,0
BRDA:358,33,0,0
BRDA:358,33,1,0
BRDA:370,34,0,0
BRDA:370,34,1,0
BRDA:372,35,0,0
BRDA:372,35,1,0
BRDA:422,36,0,0
BRDA:426,37,0,0
BRDA:425,38,0,0
BRDA:425,38,1,0
BRDA:428,39,0,0
BRDA:446,40,0,0
BRDA:446,40,1,0
BRDA:454,41,0,0
BRDA:468,42,0,0
BRDA:468,42,1,0
BRF:81
BRH:0
end_of_record
TN:
SF:app\products\[id]\page.tsx
FN:14,ProductDetailPage
FN:25,(anonymous_3)
FN:55,(anonymous_4)
FN:64,(anonymous_5)
FN:80,(anonymous_6)
FN:122,(anonymous_7)
FN:140,(anonymous_8)
FN:143,(anonymous_9)
FN:160,(anonymous_10)
FN:197,(anonymous_11)
FN:208,(anonymous_12)
FN:215,(anonymous_13)
FNF:12
FNH:0
FNDA:0,ProductDetailPage
FNDA:0,(anonymous_3)
FNDA:0,(anonymous_4)
FNDA:0,(anonymous_5)
FNDA:0,(anonymous_6)
FNDA:0,(anonymous_7)
FNDA:0,(anonymous_8)
FNDA:0,(anonymous_9)
FNDA:0,(anonymous_10)
FNDA:0,(anonymous_11)
FNDA:0,(anonymous_12)
FNDA:0,(anonymous_13)
DA:3,0
DA:4,0
DA:5,0
DA:6,0
DA:7,0
DA:8,0
DA:9,0
DA:10,0
DA:11,0
DA:12,0
DA:14,0
DA:15,0
DA:16,0
DA:17,0
DA:18,0
DA:20,0
DA:21,0
DA:23,0
DA:25,0
DA:26,0
DA:27,0
DA:38,0
DA:46,0
DA:55,0
DA:64,0
DA:65,0
DA:67,0
DA:77,0
DA:80,0
DA:81,0
DA:83,0
DA:84,0
DA:85,0
DA:87,0
DA:94,0
DA:98,0
DA:123,0
DA:124,0
DA:125,0
DA:126,0
DA:127,0
DA:129,0
DA:130,0
DA:131,0
DA:132,0
DA:141,0
DA:143,0
DA:161,0
DA:197,0
DA:208,0
DA:215,0
LF:51
LH:0
BRDA:26,0,0,0
BRDA:31,1,0,0
BRDA:31,1,1,0
BRDA:38,2,0,0
BRDA:46,3,0,0
BRDA:46,4,0,0
BRDA:46,4,1,0
BRDA:65,5,0,0
BRDA:72,6,0,0
BRDA:72,6,1,0
BRDA:81,7,0,0
BRDA:83,8,0,0
BRDA:83,8,1,0
BRDA:91,9,0,0
BRDA:91,9,1,0
BRDA:98,10,0,0
BRDA:98,10,1,0
BRDA:111,11,0,0
BRDA:111,11,1,0
BRDA:120,12,0,0
BRDA:120,12,1,0
BRDA:125,13,0,0
BRDA:125,14,0,0
BRDA:125,14,1,0
BRDA:138,15,0,0
BRDA:145,16,0,0
BRDA:145,16,1,0
BRDA:165,17,0,0
BRDA:165,17,1,0
BRDA:165,18,0,0
BRDA:165,18,1,0
BRDA:171,19,0,0
BRDA:171,19,1,0
BRDA:171,20,0,0
BRDA:171,20,1,0
BRDA:185,21,0,0
BRDA:186,22,0,0
BRDA:186,22,1,0
BRDA:208,23,0,0
BRDA:208,23,1,0
BRDA:232,24,0,0
BRDA:232,24,1,0
BRDA:235,25,0,0
BRDA:235,25,1,0
BRDA:252,26,0,0
BRDA:252,26,1,0
BRDA:262,27,0,0
BRDA:262,27,1,0
BRDA:263,28,0,0
BRDA:263,28,1,0
BRF:50
BRH:0
end_of_record
TN:
SF:app\profile\page.tsx
FN:36,ProfilePage
FN:70,(anonymous_3)
FN:94,(anonymous_4)
FN:111,(anonymous_5)
FN:125,(anonymous_6)
FN:157,(anonymous_7)
FN:188,(anonymous_8)
FN:203,(anonymous_9)
FN:236,(anonymous_10)
FN:247,(anonymous_11)
FN:258,(anonymous_12)
FN:300,(anonymous_13)
FN:426,(anonymous_14)
FN:435,(anonymous_15)
FN:445,(anonymous_16)
FN:462,(anonymous_17)
FN:487,(anonymous_18)
FN:509,(anonymous_19)
FN:518,(anonymous_20)
FN:528,(anonymous_21)
FN:537,(anonymous_22)
FN:546,(anonymous_23)
FN:554,(anonymous_24)
FN:564,(anonymous_25)
FN:572,(anonymous_26)
FN:597,(anonymous_27)
FN:618,(anonymous_28)
FN:648,(anonymous_29)
FN:659,(anonymous_30)
FN:693,(anonymous_31)
FN:705,(anonymous_32)
FN:726,(anonymous_33)
FN:744,(anonymous_34)
FNF:33
FNH:0
FNDA:0,ProfilePage
FNDA:0,(anonymous_3)
FNDA:0,(anonymous_4)
FNDA:0,(anonymous_5)
FNDA:0,(anonymous_6)
FNDA:0,(anonymous_7)
FNDA:0,(anonymous_8)
FNDA:0,(anonymous_9)
FNDA:0,(anonymous_10)
FNDA:0,(anonymous_11)
FNDA:0,(anonymous_12)
FNDA:0,(anonymous_13)
FNDA:0,(anonymous_14)
FNDA:0,(anonymous_15)
FNDA:0,(anonymous_16)
FNDA:0,(anonymous_17)
FNDA:0,(anonymous_18)
FNDA:0,(anonymous_19)
FNDA:0,(anonymous_20)
FNDA:0,(anonymous_21)
FNDA:0,(anonymous_22)
FNDA:0,(anonymous_23)
FNDA:0,(anonymous_24)
FNDA:0,(anonymous_25)
FNDA:0,(anonymous_26)
FNDA:0,(anonymous_27)
FNDA:0,(anonymous_28)
FNDA:0,(anonymous_29)
FNDA:0,(anonymous_30)
FNDA:0,(anonymous_31)
FNDA:0,(anonymous_32)
FNDA:0,(anonymous_33)
FNDA:0,(anonymous_34)
DA:3,0
DA:4,0
DA:5,0
DA:6,0
DA:7,0
DA:8,0
DA:9,0
DA:23,0
DA:24,0
DA:25,0
DA:26,0
DA:27,0
DA:34,0
DA:36,0
DA:37,0
DA:38,0
DA:39,0
DA:40,0
DA:45,0
DA:46,0
DA:47,0
DA:50,0
DA:51,0
DA:52,0
DA:54,0
DA:56,0
DA:57,0
DA:58,0
DA:59,0
DA:60,0
DA:64,0
DA:70,0
DA:71,0
DA:74,0
DA:80,0
DA:92,0
DA:94,0
DA:95,0
DA:96,0
DA:97,0
DA:98,0
DA:99,0
DA:101,0
DA:104,0
DA:111,0
DA:112,0
DA:113,0
DA:117,0
DA:125,0
DA:126,0
DA:127,0
DA:128,0
DA:129,0
DA:133,0
DA:135,0
DA:140,0
DA:141,0
DA:143,0
DA:145,0
DA:148,0
DA:153,0
DA:157,0
DA:158,0
DA:159,0
DA:160,0
DA:163,0
DA:164,0
DA:176,0
DA:177,0
DA:178,0
DA:179,0
DA:181,0
DA:184,0
DA:188,0
DA:189,0
DA:191,0
DA:192,0
DA:193,0
DA:194,0
DA:196,0
DA:199,0
DA:203,0
DA:204,0
DA:205,0
DA:206,0
DA:207,0
DA:209,0
DA:212,0
DA:236,0
DA:247,0
DA:258,0
DA:300,0
DA:427,0
DA:436,0
DA:446,0
DA:463,0
DA:464,0
DA:487,0
DA:510,0
DA:519,0
DA:529,0
DA:538,0
DA:547,0
DA:555,0
DA:565,0
DA:573,0
DA:597,0
DA:619,0
DA:648,0
DA:659,0
DA:693,0
DA:706,0
DA:727,0
DA:735,0
DA:745,0
DA:746,0
LF:116
LH:0
BRDA:50,0,0,0
BRDA:75,1,0,0
BRDA:75,1,1,0
BRDA:76,2,0,0
BRDA:76,2,1,0
BRDA:77,3,0,0
BRDA:77,3,1,0
BRDA:92,4,0,0
BRDA:92,4,1,0
BRDA:98,5,0,0
BRDA:98,5,1,0
BRDA:106,6,0,0
BRDA:106,6,1,0
BRDA:112,7,0,0
BRDA:117,8,0,0
BRDA:133,9,0,0
BRDA:133,9,1,0
BRDA:137,10,0,0
BRDA:137,10,1,0
BRDA:138,11,0,0
BRDA:138,11,1,0
BRDA:145,12,0,0
BRDA:145,12,1,0
BRDA:150,13,0,0
BRDA:150,13,1,0
BRDA:158,14,0,0
BRDA:158,15,0,0
BRDA:158,15,1,0
BRDA:158,15,2,0
BRDA:158,15,3,0
BRDA:158,15,4,0
BRDA:158,15,5,0
BRDA:167,16,0,0
BRDA:167,16,1,0
BRDA:172,17,0,0
BRDA:172,17,1,0
BRDA:176,18,0,0
BRDA:176,18,1,0
BRDA:181,19,0,0
BRDA:181,19,1,0
BRDA:184,20,0,0
BRDA:184,20,1,0
BRDA:189,21,0,0
BRDA:193,22,0,0
BRDA:193,22,1,0
BRDA:196,23,0,0
BRDA:196,23,1,0
BRDA:199,24,0,0
BRDA:199,24,1,0
BRDA:206,25,0,0
BRDA:206,25,1,0
BRDA:209,26,0,0
BRDA:209,26,1,0
BRDA:212,27,0,0
BRDA:212,27,1,0
BRDA:238,28,0,0
BRDA:238,28,1,0
BRDA:249,29,0,0
BRDA:249,29,1,0
BRDA:260,30,0,0
BRDA:260,30,1,0
BRDA:273,31,0,0
BRDA:276,32,0,0
BRDA:279,33,0,0
BRDA:279,33,1,0
BRDA:287,34,0,0
BRDA:287,34,1,0
BRDA:298,35,0,0
BRDA:313,36,0,0
BRDA:324,37,0,0
BRDA:342,38,0,0
BRDA:342,38,1,0
BRDA:352,39,0,0
BRDA:365,40,0,0
BRDA:368,41,0,0
BRDA:368,41,1,0
BRDA:385,42,0,0
BRDA:403,43,0,0
BRDA:459,44,0,0
BRDA:459,44,1,0
BRDA:467,45,0,0
BRDA:467,45,1,0
BRDA:481,46,0,0
BRDA:485,47,0,0
BRDA:499,48,0,0
BRDA:508,49,0,0
BRDA:508,49,1,0
BRDA:517,50,0,0
BRDA:517,50,1,0
BRDA:527,51,0,0
BRDA:527,51,1,0
BRDA:536,52,0,0
BRDA:536,52,1,0
BRDA:545,53,0,0
BRDA:545,53,1,0
BRDA:553,54,0,0
BRDA:553,54,1,0
BRDA:563,55,0,0
BRDA:563,55,1,0
BRDA:571,56,0,0
BRDA:571,56,1,0
BRDA:584,57,0,0
BRDA:584,57,1,0
BRDA:609,58,0,0
BRDA:617,59,0,0
BRDA:616,60,0,0
BRDA:616,60,1,0
BRDA:622,61,0,0
BRDA:627,62,0,0
BRDA:627,62,1,0
BRDA:629,63,0,0
BRDA:630,64,0,0
BRDA:638,65,0,0
BRDA:646,66,0,0
BRDA:681,67,0,0
BRDA:685,68,0,0
BRDA:703,69,0,0
BRDA:703,69,1,0
BRDA:710,70,0,0
BRF:119
BRH:0
end_of_record
TN:
SF:app\reset-password\page.tsx
FN:19,ResetPasswordContent
FN:34,(anonymous_3)
FN:202,(anonymous_4)
FN:209,(anonymous_5)
FN:220,(anonymous_6)
FN:227,(anonymous_7)
FN:272,ResetPasswordPage
FNF:7
FNH:0
FNDA:0,ResetPasswordContent
FNDA:0,(anonymous_3)
FNDA:0,(anonymous_4)
FNDA:0,(anonymous_5)
FNDA:0,(anonymous_6)
FNDA:0,(anonymous_7)
FNDA:0,ResetPasswordPage
DA:3,0
DA:4,0
DA:5,0
DA:6,0
DA:7,0
DA:16,0
DA:17,0
DA:20,0
DA:21,0
DA:22,0
DA:24,0
DA:25,0
DA:27,0
DA:28,0
DA:29,0
DA:30,0
DA:31,0
DA:32,0
DA:34,0
DA:35,0
DA:36,0
DA:38,0
DA:39,0
DA:40,0
DA:43,0
DA:44,0
DA:45,0
DA:48,0
DA:49,0
DA:50,0
DA:53,0
DA:54,0
DA:55,0
DA:58,0
DA:59,0
DA:60,0
DA:61,0
DA:63,0
DA:66,0
DA:71,0
DA:87,0
DA:133,0
DA:202,0
DA:209,0
DA:220,0
DA:227,0
DA:272,0
LF:47
LH:0
BRDA:38,0,0,0
BRDA:38,1,0,0
BRDA:38,1,1,0
BRDA:43,2,0,0
BRDA:48,3,0,0
BRDA:53,4,0,0
BRDA:60,5,0,0
BRDA:60,5,1,0
BRDA:66,6,0,0
BRDA:66,6,1,0
BRDA:71,7,0,0
BRDA:87,8,0,0
BRDA:87,9,0,0
BRDA:87,9,1,0
BRDA:87,9,2,0
BRDA:133,10,0,0
BRDA:184,11,0,0
BRDA:191,12,0,0
BRDA:200,13,0,0
BRDA:200,13,1,0
BRDA:212,14,0,0
BRDA:212,14,1,0
BRDA:218,15,0,0
BRDA:218,15,1,0
BRDA:230,16,0,0
BRDA:230,16,1,0
BRDA:237,17,0,0
BRDA:237,17,1,0
BRDA:242,18,0,0
BRDA:242,18,1,0
BRDA:242,19,0,0
BRDA:242,19,1,0
BRDA:242,19,2,0
BRDA:253,20,0,0
BRDA:253,20,1,0
BRF:35
BRH:0
end_of_record
TN:
SF:app\returns\page.tsx
FN:7,ReturnsPage
FNF:1
FNH:0
FNDA:0,ReturnsPage
DA:3,0
DA:4,0
DA:5,0
DA:7,0
LF:4
LH:0
BRF:0
BRH:0
end_of_record
TN:
SF:app\shipping\page.tsx
FN:6,ShippingPage
FNF:1
FNH:0
FNDA:0,ShippingPage
DA:3,0
DA:4,0
DA:6,0
LF:3
LH:0
BRF:0
BRH:0
end_of_record
TN:
SF:app\signup\page.tsx
FN:10,SignupPage
FN:22,(anonymous_3)
FN:24,(anonymous_4)
FN:27,(anonymous_5)
FN:44,(anonymous_6)
FNF:5
FNH:0
FNDA:0,SignupPage
FNDA:0,(anonymous_3)
FNDA:0,(anonymous_4)
FNDA:0,(anonymous_5)
FNDA:0,(anonymous_6)
DA:3,0
DA:4,0
DA:5,0
DA:6,0
DA:7,0
DA:8,0
DA:10,0
DA:11,0
DA:12,0
DA:13,0
DA:19,0
DA:20,0
DA:22,0
DA:23,0
DA:24,0
DA:27,0
DA:28,0
DA:29,0
DA:30,0
DA:32,0
DA:33,0
DA:34,0
DA:37,0
DA:38,0
DA:43,0
DA:44,0
DA:46,0
LF:27
LH:0
BRDA:32,0,0,0
BRDA:46,1,0,0
BRDA:46,1,1,0
BRDA:46,2,0,0
BRDA:46,2,1,0
BRDA:89,3,0,0
BRDA:95,4,0,0
BRDA:144,5,0,0
BRDA:144,5,1,0
BRF:9
BRH:0
end_of_record
TN:
SF:app\verify-email\page.tsx
FN:18,VerifyEmailContent
FN:28,(anonymous_3)
FN:29,(anonymous_4)
FN:207,VerifyEmailPage
FNF:4
FNH:0
FNDA:0,VerifyEmailContent
FNDA:0,(anonymous_3)
FNDA:0,(anonymous_4)
FNDA:0,VerifyEmailPage
DA:3,0
DA:4,0
DA:5,0
DA:6,0
DA:7,0
DA:8,0
DA:14,0
DA:16,0
DA:19,0
DA:20,0
DA:22,0
DA:25,0
DA:26,0
DA:28,0
DA:29,0
DA:30,0
DA:31,0
DA:32,0
DA:33,0
DA:36,0
DA:38,0
DA:39,0
DA:41,0
DA:42,0
DA:43,0
DA:44,0
DA:46,0
DA:47,0
DA:49,0
DA:52,0
DA:55,0
DA:63,0
DA:65,0
DA:66,0
DA:67,0
DA:70,0
DA:71,0
DA:72,0
DA:78,0
DA:79,0
DA:80,0
DA:82,0
DA:83,0
DA:87,0
DA:88,0
DA:92,0
DA:95,0
DA:120,0
DA:207,0
LF:49
LH:0
BRDA:16,0,0,0
BRDA:16,0,1,0
BRDA:30,1,0,0
BRDA:41,2,0,0
BRDA:42,3,0,0
BRDA:42,3,1,0
BRDA:47,4,0,0
BRDA:47,4,1,0
BRDA:65,5,0,0
BRDA:65,5,1,0
BRDA:65,6,0,0
BRDA:65,6,1,0
BRDA:71,7,0,0
BRDA:71,8,0,0
BRDA:71,8,1,0
BRDA:78,9,0,0
BRDA:78,9,1,0
BRDA:83,10,0,0
BRDA:83,10,1,0
BRDA:95,11,0,0
BRDA:120,12,0,0
BRDA:120,13,0,0
BRDA:120,13,1,0
BRDA:130,14,0,0
BRDA:130,14,1,0
BRDA:137,15,0,0
BRF:26
BRH:0
end_of_record
TN:
SF:app\wishlist\page.tsx
FN:13,WishlistPage
FN:17,(anonymous_5)
FN:29,(anonymous_6)
FN:78,(anonymous_7)
FN:115,(anonymous_8)
FN:122,(anonymous_9)
FN:151,(anonymous_10)
FN:153,(anonymous_11)
FNF:8
FNH:0
FNDA:0,WishlistPage
FNDA:0,(anonymous_5)
FNDA:0,(anonymous_6)
FNDA:0,(anonymous_7)
FNDA:0,(anonymous_8)
FNDA:0,(anonymous_9)
FNDA:0,(anonymous_10)
FNDA:0,(anonymous_11)
DA:3,0
DA:4,0
DA:5,0
DA:6,0
DA:7,0
DA:8,0
DA:9,0
DA:11,0
DA:13,0
DA:14,0
DA:15,0
DA:17,0
DA:18,0
DA:26,0
DA:29,0
DA:30,0
DA:31,0
DA:79,0
DA:115,0
DA:122,0
DA:152,0
DA:153,0
DA:154,0
DA:163,0
LF:24
LH:0
BRDA:40,0,0,0
BRDA:40,0,1,0
BRDA:43,1,0,0
BRDA:43,1,1,0
BRDA:53,2,0,0
BRDA:66,3,0,0
BRDA:66,3,1,0
BRDA:86,4,0,0
BRDA:152,5,0,0
BRF:9
BRH:0
end_of_record
TN:
SF:components\CategoryModal.tsx
FN:25,(anonymous_6)
FN:37,(anonymous_7)
FN:40,(anonymous_8)
FN:47,(anonymous_9)
FN:50,(anonymous_10)
FN:56,(anonymous_11)
FN:64,(anonymous_12)
FN:74,(anonymous_13)
FN:114,(anonymous_14)
FN:117,(anonymous_15)
FN:146,(anonymous_16)
FN:175,(anonymous_17)
FNF:12
FNH:9
FNDA:23,(anonymous_6)
FNDA:23,(anonymous_7)
FNDA:12,(anonymous_8)
FNDA:66,(anonymous_9)
FNDA:2,(anonymous_10)
FNDA:0,(anonymous_11)
FNDA:5,(anonymous_12)
FNDA:2,(anonymous_13)
FNDA:51,(anonymous_14)
FNDA:2,(anonymous_15)
FNDA:0,(anonymous_16)
FNDA:0,(anonymous_17)
DA:3,1
DA:4,1
DA:5,1
DA:6,1
DA:25,18
DA:33,23
DA:34,23
DA:35,23
DA:37,23
DA:38,23
DA:39,4
DA:41,12
DA:46,23
DA:47,66
DA:50,23
DA:51,2
DA:52,2
DA:53,2
DA:56,23
DA:57,0
DA:58,0
DA:59,0
DA:60,0
DA:64,23
DA:65,5
DA:66,5
DA:67,5
DA:69,5
DA:70,4
DA:74,23
DA:75,2
DA:76,2
DA:77,2
DA:80,23
DA:115,51
DA:117,2
DA:146,0
DA:176,0
DA:177,0
DA:190,1
LF:40
LH:33
BRDA:30,0,0,22
BRDA:31,1,0,22
BRDA:38,2,0,19
BRDA:41,3,0,12
BRDA:41,3,1,10
BRDA:57,4,0,0
BRDA:69,5,0,4
BRDA:69,6,0,5
BRDA:69,6,1,4
BRDA:80,7,0,1
BRDA:111,8,0,1
BRDA:113,9,0,19
BRDA:122,10,0,51
BRDA:126,11,0,51
BRDA:136,12,0,22
BRDA:136,12,1,4
BRDA:136,12,2,4
BRDA:145,13,0,4
BRDA:145,13,1,4
BRDA:159,14,0,22
BRDA:173,15,0,22
BRF:21
BRH:20
end_of_record
TN:
SF:components\EmptyState.tsx
FN:15,(anonymous_2)
FNF:1
FNH:1
FNDA:8,(anonymous_2)
DA:1,1
DA:2,1
DA:15,8
LF:3
LH:3
BRDA:21,0,0,7
BRDA:22,1,0,7
BRDA:33,2,0,8
BRDA:33,2,1,2
BRF:4
BRH:4
end_of_record
TN:
SF:components\FeaturedCategories.tsx
FN:12,(anonymous_2)
FNF:1
FNH:1
FNDA:24,(anonymous_2)
DA:3,1
DA:10,6
DA:13,24
LF:3
LH:3
BRF:0
BRH:0
end_of_record
TN:
SF:components\FeaturedProducts.tsx
FN:5,(anonymous_2)
FNF:1
FNH:1
FNDA:13,(anonymous_2)
DA:3,6
DA:6,13
LF:2
LH:2
BRF:0
BRH:0
end_of_record
TN:
SF:components\Footer.tsx
FN:5,Footer
FNF:1
FNH:1
FNDA:16,Footer
DA:1,1
DA:2,1
DA:3,1
DA:5,16
LF:4
LH:4
BRF:0
BRH:0
end_of_record
TN:
SF:components\FooterWrapper.tsx
FN:5,FooterWrapper
FNF:1
FNH:0
FNDA:0,FooterWrapper
DA:3,0
DA:5,0
DA:6,0
LF:3
LH:0
BRF:0
BRH:0
end_of_record
TN:
SF:components\GoogleSignInButton.tsx
FN:31,GoogleSignInButton
FN:45,(anonymous_2)
FN:58,(anonymous_3)
FN:70,(anonymous_4)
FN:75,(anonymous_5)
FN:86,(anonymous_6)
FNF:6
FNH:4
FNDA:10,GoogleSignInButton
FNDA:0,(anonymous_2)
FNDA:10,(anonymous_3)
FNDA:0,(anonymous_4)
FNDA:9,(anonymous_5)
FNDA:10,(anonymous_6)
DA:3,1
DA:4,1
DA:5,1
DA:31,10
DA:40,10
DA:41,10
DA:42,10
DA:44,10
DA:46,0
DA:47,0
DA:48,0
DA:49,0
DA:51,0
DA:52,0
DA:58,10
DA:59,10
DA:61,10
DA:62,1
DA:66,9
DA:67,9
DA:68,9
DA:69,9
DA:70,9
DA:71,0
DA:73,9
DA:75,9
DA:77,9
DA:80,9
DA:81,9
DA:86,10
DA:87,10
DA:89,10
DA:90,10
DA:94,0
DA:102,0
DA:103,0
DA:104,0
DA:115,10
LF:38
LH:27
BRDA:34,0,0,9
BRDA:35,1,0,9
BRDA:36,2,0,9
BRDA:37,3,0,9
BRDA:38,4,0,9
BRDA:61,5,0,1
BRDA:80,6,0,9
BRDA:89,7,0,10
BRDA:89,8,0,10
BRDA:89,8,1,0
BRDA:89,8,2,0
BRDA:103,9,0,0
BRDA:115,10,0,1
BRDA:124,11,0,1
BRF:14
BRH:11
end_of_record
TN:
SF:components\Header.tsx
FN:22,Header
FN:31,(anonymous_3)
FN:47,(anonymous_4)
FN:55,(anonymous_5)
FN:82,(anonymous_6)
FN:147,(anonymous_7)
FN:192,(anonymous_8)
FN:212,(anonymous_9)
FN:236,(anonymous_10)
FN:243,(anonymous_11)
FN:250,(anonymous_12)
FN:257,(anonymous_13)
FN:264,(anonymous_14)
FN:271,(anonymous_15)
FN:281,(anonymous_16)
FN:301,(anonymous_17)
FNF:16
FNH:5
FNDA:20,Header
FNDA:16,(anonymous_3)
FNDA:1,(anonymous_4)
FNDA:1,(anonymous_5)
FNDA:1,(anonymous_6)
FNDA:0,(anonymous_7)
FNDA:0,(anonymous_8)
FNDA:0,(anonymous_9)
FNDA:0,(anonymous_10)
FNDA:0,(anonymous_11)
FNDA:0,(anonymous_12)
FNDA:0,(anonymous_13)
FNDA:0,(anonymous_14)
FNDA:0,(anonymous_15)
FNDA:0,(anonymous_16)
FNDA:0,(anonymous_17)
DA:3,1
DA:4,1
DA:5,1
DA:6,1
DA:7,1
DA:8,1
DA:19,1
DA:20,1
DA:22,16
DA:23,20
DA:24,20
DA:25,20
DA:26,20
DA:27,20
DA:28,20
DA:29,20
DA:31,20
DA:32,16
DA:33,16
DA:34,1
DA:38,1
DA:41,16
DA:42,16
DA:43,2
DA:47,20
DA:48,1
DA:49,1
DA:50,0
DA:51,0
DA:55,20
DA:56,1
DA:57,1
DA:58,1
DA:59,1
DA:82,1
DA:147,0
DA:192,0
DA:212,0
DA:236,0
DA:243,0
DA:250,0
DA:257,0
DA:264,0
DA:271,0
DA:281,0
DA:301,0
LF:46
LH:33
BRDA:33,0,0,1
BRDA:42,1,0,2
BRDA:49,2,0,0
BRDA:109,3,0,20
BRDA:111,4,0,0
BRDA:111,4,1,20
BRDA:125,5,0,20
BRDA:127,6,0,0
BRDA:127,6,1,20
BRDA:133,7,0,2
BRDA:142,8,0,2
BRDA:142,8,1,0
BRDA:199,9,0,0
BRDA:199,9,1,20
BRDA:231,10,0,20
BRDA:278,11,0,0
BRF:16
BRH:10
end_of_record
TN:
SF:components\HeaderWrapper.tsx
FN:5,HeaderWrapper
FNF:1
FNH:0
FNDA:0,HeaderWrapper
DA:3,0
DA:5,0
DA:6,0
LF:3
LH:0
BRF:0
BRH:0
end_of_record
TN:
SF:components\LoadingProductGrid.tsx
FN:8,(anonymous_3)
FN:20,(anonymous_4)
FNF:2
FNH:2
FNDA:19,(anonymous_3)
FNDA:61,(anonymous_4)
DA:8,2
DA:12,19
DA:16,19
DA:21,61
DA:45,19
LF:5
LH:5
BRDA:9,0,0,3
BRDA:10,1,0,16
BRDA:12,2,0,3
BRDA:12,2,1,16
BRDA:16,3,0,3
BRDA:16,3,1,16
BRDA:31,4,0,61
BRF:7
BRH:7
end_of_record
TN:
SF:components\PageHeader.tsx
FN:16,(anonymous_1)
FNF:1
FNH:1
FNDA:17,(anonymous_1)
DA:1,1
DA:16,17
LF:2
LH:2
BRDA:21,0,0,16
BRDA:22,1,0,16
BRDA:37,2,0,17
BRDA:37,2,1,15
BRDA:39,3,0,5
BRDA:43,4,0,0
BRDA:43,4,1,3
BRDA:46,5,0,5
BRDA:46,5,1,3
BRDA:46,5,2,3
BRF:10
BRH:9
end_of_record
TN:
SF:components\ProductCard.tsx
FN:33,(anonymous_4)
FN:48,(anonymous_5)
FN:58,(anonymous_6)
FN:90,(anonymous_7)
FN:122,(anonymous_8)
FN:149,(anonymous_9)
FNF:6
FNH:5
FNDA:0,(anonymous_4)
FNDA:17,(anonymous_5)
FNDA:1,(anonymous_6)
FNDA:1,(anonymous_7)
FNDA:80,(anonymous_8)
FNDA:1,(anonymous_9)
DA:3,1
DA:4,1
DA:10,1
DA:11,1
DA:12,1
DA:13,1
DA:33,1
DA:34,0
DA:35,0
DA:36,0
DA:37,0
DA:38,0
DA:40,0
DA:41,0
DA:42,0
DA:43,0
DA:48,17
DA:56,17
DA:57,17
DA:58,17
DA:60,17
DA:90,1
DA:123,80
DA:149,1
LF:24
LH:15
BRDA:36,0,0,0
BRDA:36,1,0,0
BRDA:36,1,1,0
BRDA:52,2,0,16
BRDA:53,3,0,13
BRDA:54,4,0,14
BRDA:74,5,0,16
BRDA:88,6,0,17
BRDA:88,6,1,3
BRDA:92,7,0,1
BRDA:92,7,1,2
BRDA:96,8,0,1
BRDA:96,8,1,2
BRDA:101,9,0,17
BRDA:119,10,0,17
BRDA:119,10,1,16
BRDA:119,10,2,0
BRDA:123,11,0,64
BRDA:123,11,1,16
BRDA:123,12,0,80
BRDA:123,12,1,0
BRDA:126,13,0,16
BRDA:137,14,0,17
BRDA:140,15,0,0
BRDA:144,16,0,0
BRF:25
BRH:18
end_of_record
TN:
SF:components\ProductCardCompact.tsx
FN:17,(anonymous_2)
FN:29,(anonymous_3)
FNF:2
FNH:2
FNDA:10,(anonymous_2)
FNDA:1,(anonymous_3)
DA:3,1
DA:4,1
DA:5,1
DA:6,1
DA:17,10
DA:30,1
DA:31,1
DA:32,1
DA:33,1
DA:34,1
DA:35,1
DA:36,1
DA:37,1
DA:38,1
LF:14
LH:14
BRDA:25,0,0,9
BRDA:32,1,0,1
BRDA:32,2,0,1
BRDA:32,2,1,1
BRF:4
BRH:4
end_of_record
TN:
SF:components\ProductCardSkeleton.tsx
FN:7,SingleSkeleton
FN:24,(anonymous_2)
FN:44,ProductCardSkeleton
FN:47,(anonymous_4)
FNF:4
FNH:4
FNDA:44,SingleSkeleton
FNDA:220,(anonymous_2)
FNDA:16,ProductCardSkeleton
FNDA:44,(anonymous_4)
DA:25,220
DA:44,16
DA:48,44
LF:3
LH:3
BRDA:44,0,0,3
BRF:1
BRH:1
end_of_record
TN:
SF:components\ProductForm.tsx
FN:23,(anonymous_7)
FN:39,(anonymous_8)
FN:41,(anonymous_9)
FN:47,(anonymous_10)
FN:48,(anonymous_11)
FN:54,(anonymous_12)
FN:55,(anonymous_13)
FN:61,(anonymous_14)
FN:127,(anonymous_15)
FN:150,(anonymous_16)
FNF:10
FNH:0
FNDA:0,(anonymous_7)
FNDA:0,(anonymous_8)
FNDA:0,(anonymous_9)
FNDA:0,(anonymous_10)
FNDA:0,(anonymous_11)
FNDA:0,(anonymous_12)
FNDA:0,(anonymous_13)
FNDA:0,(anonymous_14)
FNDA:0,(anonymous_15)
FNDA:0,(anonymous_16)
DA:3,0
DA:4,0
DA:5,0
DA:6,0
DA:7,0
DA:8,0
DA:9,0
DA:23,0
DA:28,0
DA:29,0
DA:30,0
DA:31,0
DA:39,0
DA:40,0
DA:41,0
DA:47,0
DA:48,0
DA:54,0
DA:55,0
DA:61,0
DA:62,0
DA:63,0
DA:64,0
DA:65,0
DA:67,0
DA:127,0
DA:150,0
DA:170,0
LF:28
LH:0
BRDA:25,0,0,0
BRDA:26,1,0,0
BRDA:32,2,0,0
BRDA:32,2,1,0
BRDA:33,3,0,0
BRDA:33,3,1,0
BRDA:34,4,0,0
BRDA:34,4,1,0
BRDA:35,5,0,0
BRDA:35,5,1,0
BRDA:36,6,0,0
BRDA:36,6,1,0
BRDA:63,7,0,0
BRDA:63,8,0,0
BRDA:63,8,1,0
BRDA:63,8,2,0
BRDA:131,9,0,0
BRDA:136,10,0,0
BRDA:163,11,0,0
BRDA:163,11,1,0
BRF:20
BRH:0
end_of_record
TN:
SF:components\ProductReviews.tsx
FN:17,ProductReviews
FN:35,(anonymous_2)
FN:54,(anonymous_3)
FN:70,(anonymous_4)
FN:89,(anonymous_5)
FN:102,(anonymous_6)
FN:107,(anonymous_7)
FN:123,(anonymous_8)
FN:141,(anonymous_9)
FN:164,(anonymous_10)
FN:171,(anonymous_11)
FN:187,(anonymous_12)
FNF:12
FNH:11
FNDA:23,ProductReviews
FNDA:1,(anonymous_2)
FNDA:1,(anonymous_3)
FNDA:115,(anonymous_4)
FNDA:5,(anonymous_5)
FNDA:30,(anonymous_6)
FNDA:0,(anonymous_7)
FNDA:1,(anonymous_8)
FNDA:1,(anonymous_9)
FNDA:40,(anonymous_10)
FNDA:200,(anonymous_11)
FNDA:1,(anonymous_12)
DA:3,1
DA:4,1
DA:5,1
DA:6,1
DA:7,1
DA:8,1
DA:9,1
DA:17,15
DA:22,23
DA:23,23
DA:28,23
DA:29,23
DA:30,23
DA:31,23
DA:33,23
DA:35,23
DA:36,1
DA:38,1
DA:39,1
DA:45,1
DA:46,1
DA:47,1
DA:49,0
DA:50,0
DA:54,23
DA:55,1
DA:56,1
DA:58,0
DA:71,115
DA:89,5
DA:103,30
DA:107,0
DA:123,1
DA:141,1
DA:165,40
DA:172,200
DA:187,1
LF:37
LH:33
BRDA:33,0,0,23
BRDA:33,0,1,2
BRDA:74,1,0,88
BRDA:74,1,1,27
BRDA:95,2,0,23
BRDA:109,3,0,30
BRDA:109,3,1,0
BRDA:132,4,0,0
BRDA:132,4,1,6
BRDA:149,5,0,1
BRDA:149,5,1,22
BRDA:154,6,0,1
BRDA:154,6,1,21
BRDA:158,7,0,1
BRDA:158,7,1,20
BRDA:175,8,0,180
BRDA:175,8,1,20
BRF:17
BRH:15
end_of_record
TN:
SF:components\ProductSlider.tsx
FN:14,ProductSlider
FN:25,(anonymous_2)
FN:26,(anonymous_3)
FN:41,(anonymous_4)
FN:44,(anonymous_5)
FN:47,(anonymous_6)
FN:48,(anonymous_7)
FN:51,(anonymous_8)
FN:54,(anonymous_9)
FN:55,(anonymous_10)
FN:58,(anonymous_11)
FN:59,(anonymous_12)
FN:62,(anonymous_13)
FN:75,(anonymous_14)
FN:110,(anonymous_15)
FN:113,(anonymous_16)
FNF:16
FNH:0
FNDA:0,ProductSlider
FNDA:0,(anonymous_2)
FNDA:0,(anonymous_3)
FNDA:0,(anonymous_4)
FNDA:0,(anonymous_5)
FNDA:0,(anonymous_6)
FNDA:0,(anonymous_7)
FNDA:0,(anonymous_8)
FNDA:0,(anonymous_9)
FNDA:0,(anonymous_10)
FNDA:0,(anonymous_11)
FNDA:0,(anonymous_12)
FNDA:0,(anonymous_13)
FNDA:0,(anonymous_14)
FNDA:0,(anonymous_15)
FNDA:0,(anonymous_16)
DA:3,0
DA:4,0
DA:5,0
DA:14,0
DA:20,0
DA:21,0
DA:22,0
DA:23,0
DA:25,0
DA:26,0
DA:27,0
DA:28,0
DA:29,0
DA:30,0
DA:31,0
DA:32,0
DA:33,0
DA:35,0
DA:39,0
DA:40,0
DA:41,0
DA:44,0
DA:45,0
DA:47,0
DA:48,0
DA:51,0
DA:54,0
DA:55,0
DA:58,0
DA:59,0
DA:62,0
DA:63,0
DA:76,0
DA:111,0
DA:113,0
LF:35
LH:0
BRDA:16,0,0,0
BRDA:17,1,0,0
BRDA:18,2,0,0
BRDA:28,3,0,0
BRDA:28,3,1,0
BRDA:30,4,0,0
BRDA:30,4,1,0
BRDA:32,5,0,0
BRDA:32,5,1,0
BRDA:45,6,0,0
BRDA:48,7,0,0
BRDA:48,7,1,0
BRDA:55,8,0,0
BRDA:55,8,1,0
BRDA:59,9,0,0
BRDA:59,9,1,0
BRDA:89,10,0,0
BRDA:108,11,0,0
BRDA:115,12,0,0
BRDA:115,12,1,0
BRF:20
BRH:0
end_of_record
TN:
SF:components\Recommendations.tsx
FN:7,(anonymous_2)
FNF:1
FNH:1
FNDA:53,(anonymous_2)
DA:3,17
DA:8,53
LF:2
LH:2
BRF:0
BRH:0
end_of_record
TN:
SF:components\SectionHeader.tsx
FN:13,(anonymous_1)
FNF:1
FNH:1
FNDA:10,(anonymous_1)
DA:13,10
LF:1
LH:1
BRDA:17,0,0,9
BRDA:21,1,0,10
BRDA:22,2,0,3
BRDA:22,2,1,2
BRDA:22,3,0,3
BRDA:22,3,1,2
BRF:6
BRH:6
end_of_record
TN:
SF:components\index.ts
FNF:0
FNH:0
DA:1,0
DA:2,0
DA:3,0
DA:4,0
DA:5,0
DA:6,0
DA:7,0
DA:8,0
DA:9,0
DA:10,0
DA:11,0
LF:11
LH:0
BRF:0
BRH:0
end_of_record
TN:
SF:lib\apollo\client.ts
FN:18,(anonymous_3)
FN:21,(anonymous_4)
FN:31,(anonymous_5)
FN:33,(anonymous_6)
FN:77,(anonymous_7)
FN:89,(anonymous_8)
FN:112,(anonymous_9)
FNF:7
FNH:0
FNDA:0,(anonymous_3)
FNDA:0,(anonymous_4)
FNDA:0,(anonymous_5)
FNDA:0,(anonymous_6)
FNDA:0,(anonymous_7)
FNDA:0,(anonymous_8)
FNDA:0,(anonymous_9)
DA:1,0
DA:2,0
DA:3,0
DA:4,0
DA:7,0
DA:8,0
DA:9,0
DA:11,0
DA:13,0
DA:18,0
DA:19,0
DA:21,0
DA:28,0
DA:31,0
DA:32,0
DA:33,0
DA:34,0
DA:43,0
DA:44,0
DA:45,0
DA:47,0
DA:48,0
DA:54,0
DA:58,0
DA:78,0
DA:79,0
DA:81,0
DA:90,0
DA:112,0
DA:113,0
LF:30
LH:0
BRDA:7,0,0,0
BRDA:11,1,0,0
BRDA:11,1,1,0
BRDA:19,2,0,0
BRDA:19,2,1,0
BRDA:21,3,0,0
BRDA:24,4,0,0
BRDA:24,4,1,0
BRDA:32,5,0,0
BRDA:43,6,0,0
BRDA:44,7,0,0
BRDA:47,8,0,0
BRDA:47,9,0,0
BRDA:47,9,1,0
BRDA:54,10,0,0
BRDA:78,11,0,0
BRDA:78,12,0,0
BRDA:78,12,1,0
BRDA:83,13,0,0
BRDA:83,13,1,0
BRDA:83,14,0,0
BRDA:83,14,1,0
BRF:22
BRH:0
end_of_record
TN:
SF:lib\apollo\queries\queries.ts
FN:77,(anonymous_6)
FNF:1
FNH:0
FNDA:0,(anonymous_6)
DA:1,0
DA:2,0
DA:4,0
DA:75,0
DA:77,0
DA:78,0
DA:79,0
DA:81,0
DA:84,0
LF:9
LH:0
BRDA:78,0,0,0
BRF:1
BRH:0
end_of_record
TN:
SF:lib\hooks\index.ts
FNF:0
FNH:0
DA:3,0
DA:4,0
DA:5,0
DA:6,0
DA:7,0
DA:8,0
DA:9,0
LF:7
LH:0
BRF:0
BRH:0
end_of_record
TN:
SF:lib\hooks\useAddresses.ts
FN:11,(anonymous_6)
FN:14,(anonymous_7)
FN:26,(anonymous_8)
FN:30,(anonymous_9)
FN:37,(anonymous_10)
FN:44,(anonymous_11)
FN:48,(anonymous_12)
FN:55,(anonymous_13)
FN:62,(anonymous_14)
FN:66,(anonymous_15)
FN:73,(anonymous_16)
FN:80,(anonymous_17)
FN:84,(anonymous_18)
FN:91,(anonymous_19)
FNF:14
FNH:0
FNDA:0,(anonymous_6)
FNDA:0,(anonymous_7)
FNDA:0,(anonymous_8)
FNDA:0,(anonymous_9)
FNDA:0,(anonymous_10)
FNDA:0,(anonymous_11)
FNDA:0,(anonymous_12)
FNDA:0,(anonymous_13)
FNDA:0,(anonymous_14)
FNDA:0,(anonymous_15)
FNDA:0,(anonymous_16)
FNDA:0,(anonymous_17)
FNDA:0,(anonymous_18)
FNDA:0,(anonymous_19)
DA:3,0
DA:4,0
DA:5,0
DA:11,0
DA:12,0
DA:15,0
DA:19,0
DA:26,0
DA:27,0
DA:29,0
DA:31,0
DA:35,0
DA:38,0
DA:44,0
DA:45,0
DA:47,0
DA:49,0
DA:53,0
DA:56,0
DA:62,0
DA:63,0
DA:65,0
DA:67,0
DA:71,0
DA:74,0
DA:80,0
DA:81,0
DA:83,0
DA:85,0
DA:89,0
DA:92,0
LF:31
LH:0
BRDA:19,0,0,0
BRDA:19,0,1,0
BRF:2
BRH:0
end_of_record
TN:
SF:lib\hooks\useAuth.ts
FN:17,useLogin
FN:21,(anonymous_8)
FN:33,(anonymous_9)
FN:55,useRegister
FN:59,(anonymous_11)
FN:71,(anonymous_12)
FN:105,useGoogleAuth
FN:109,(anonymous_14)
FN:121,(anonymous_15)
FN:143,useLogout
FN:148,(anonymous_17)
FN:153,(anonymous_18)
FN:172,useCurrentUser
FN:175,(anonymous_20)
FN:199,useIsAuthenticated
FNF:15
FNH:11
FNDA:3,useLogin
FNDA:3,(anonymous_8)
FNDA:1,(anonymous_9)
FNDA:3,useRegister
FNDA:2,(anonymous_11)
FNDA:1,(anonymous_12)
FNDA:0,useGoogleAuth
FNDA:0,(anonymous_14)
FNDA:0,(anonymous_15)
FNDA:2,useLogout
FNDA:1,(anonymous_17)
FNDA:1,(anonymous_18)
FNDA:4,useCurrentUser
FNDA:2,(anonymous_20)
FNDA:0,useIsAuthenticated
DA:3,1
DA:4,1
DA:5,1
DA:6,1
DA:15,1
DA:17,3
DA:18,3
DA:20,3
DA:22,3
DA:27,2
DA:28,1
DA:31,1
DA:34,1
DA:35,1
DA:42,1
DA:43,1
DA:47,3
DA:55,3
DA:56,3
DA:58,3
DA:60,2
DA:65,2
DA:66,1
DA:69,1
DA:72,1
DA:73,1
DA:80,1
DA:81,1
DA:85,3
DA:105,0
DA:106,0
DA:108,0
DA:110,0
DA:115,0
DA:116,0
DA:119,0
DA:122,0
DA:123,0
DA:130,0
DA:131,0
DA:135,0
DA:143,2
DA:144,2
DA:145,2
DA:147,2
DA:149,1
DA:154,1
DA:155,1
DA:158,1
DA:159,1
DA:161,1
DA:165,2
DA:172,4
DA:173,4
DA:176,2
DA:177,2
DA:178,2
DA:179,2
DA:180,0
DA:184,2
DA:189,1
DA:191,1
DA:199,0
DA:200,0
DA:201,0
LF:65
LH:49
BRDA:27,0,0,1
BRDA:34,1,0,1
BRDA:65,2,0,1
BRDA:72,3,0,1
BRDA:115,4,0,0
BRDA:122,5,0,0
BRDA:154,6,0,1
BRDA:177,7,0,2
BRDA:179,8,0,0
BRF:9
BRH:6
end_of_record
TN:
SF:lib\hooks\useCategories.ts
FN:7,(anonymous_3)
FN:16,(anonymous_4)
FN:38,(anonymous_5)
FNF:3
FNH:0
FNDA:0,(anonymous_3)
FNDA:0,(anonymous_4)
FNDA:0,(anonymous_5)
DA:1,0
DA:2,0
DA:3,0
DA:5,0
DA:7,0
DA:13,0
DA:16,0
DA:17,0
DA:18,0
DA:20,0
DA:23,0
DA:38,0
DA:39,0
DA:40,0
DA:41,0
DA:46,0
DA:48,0
DA:59,0
LF:18
LH:0
BRDA:17,0,0,0
BRDA:18,1,0,0
BRDA:20,2,0,0
BRDA:20,2,1,0
BRDA:20,2,2,0
BRDA:39,3,0,0
BRDA:39,3,1,0
BRDA:40,4,0,0
BRDA:46,5,0,0
BRDA:46,5,1,0
BRDA:46,6,0,0
BRDA:46,6,1,0
BRDA:51,7,0,0
BRDA:51,7,1,0
BRDA:52,8,0,0
BRDA:52,8,1,0
BRDA:55,9,0,0
BRDA:55,9,1,0
BRF:18
BRH:0
end_of_record
TN:
SF:lib\hooks\useEmailVerification.ts
FN:9,useSendVerificationEmail
FN:11,(anonymous_4)
FN:26,(anonymous_5)
FN:34,useVerifyEmail
FN:38,(anonymous_7)
FN:49,(anonymous_8)
FNF:6
FNH:0
FNDA:0,useSendVerificationEmail
FNDA:0,(anonymous_4)
FNDA:0,(anonymous_5)
FNDA:0,useVerifyEmail
FNDA:0,(anonymous_7)
FNDA:0,(anonymous_8)
DA:3,0
DA:4,0
DA:5,0
DA:6,0
DA:9,0
DA:10,0
DA:12,0
DA:17,0
DA:18,0
DA:21,0
DA:25,0
DA:26,0
DA:34,0
DA:35,0
DA:37,0
DA:39,0
DA:43,0
DA:44,0
DA:47,0
DA:50,0
DA:52,0
DA:53,0
DA:54,0
DA:60,0
DA:61,0
DA:66,0
LF:26
LH:0
BRDA:11,0,0,0
BRDA:17,1,0,0
BRDA:26,2,0,0
BRDA:26,2,1,0
BRDA:43,3,0,0
BRDA:50,4,0,0
BRDA:50,5,0,0
BRDA:50,5,1,0
BRDA:53,6,0,0
BRF:9
BRH:0
end_of_record
TN:
SF:lib\hooks\useInitializeAuth.ts
FN:6,useInitializeAuth
FN:9,(anonymous_2)
FNF:2
FNH:0
FNDA:0,useInitializeAuth
FNDA:0,(anonymous_2)
DA:3,0
DA:4,0
DA:6,0
DA:7,0
DA:9,0
DA:10,0
DA:11,0
LF:7
LH:0
BRDA:10,0,0,0
BRF:1
BRH:0
end_of_record
TN:
SF:lib\hooks\useOrders.ts
FN:15,useOrders
FN:18,(anonymous_6)
FN:33,useOrder
FN:36,(anonymous_8)
FN:51,useCreateOrder
FN:55,(anonymous_10)
FN:70,(anonymous_11)
FN:76,useCancelOrder
FN:80,(anonymous_13)
FN:92,(anonymous_14)
FNF:10
FNH:7
FNDA:7,useOrders
FNDA:3,(anonymous_6)
FNDA:4,useOrder
FNDA:1,(anonymous_8)
FNDA:4,useCreateOrder
FNDA:3,(anonymous_10)
FNDA:2,(anonymous_11)
FNDA:0,useCancelOrder
FNDA:0,(anonymous_13)
FNDA:0,(anonymous_14)
DA:1,1
DA:2,1
DA:3,1
DA:4,1
DA:15,7
DA:16,7
DA:19,3
DA:25,3
DA:33,4
DA:34,4
DA:37,1
DA:43,1
DA:51,4
DA:52,4
DA:54,4
DA:56,3
DA:61,3
DA:62,1
DA:66,2
DA:68,2
DA:71,2
DA:76,0
DA:77,0
DA:79,0
DA:81,0
DA:86,0
DA:87,0
DA:90,0
DA:93,0
DA:94,0
LF:30
LH:21
BRDA:15,0,0,3
BRDA:15,1,0,3
BRDA:46,2,0,4
BRDA:46,2,1,3
BRDA:61,3,0,1
BRDA:68,4,0,2
BRDA:68,4,1,1
BRDA:68,4,2,0
BRDA:86,5,0,0
BRF:9
BRH:7
end_of_record
TN:
SF:lib\hooks\usePasswordReset.ts
FN:12,useForgotPassword
FN:14,(anonymous_5)
FN:37,useResetPassword
FN:39,(anonymous_7)
FN:70,useValidateResetToken
FN:73,(anonymous_9)
FNF:6
FNH:0
FNDA:0,useForgotPassword
FNDA:0,(anonymous_5)
FNDA:0,useResetPassword
FNDA:0,(anonymous_7)
FNDA:0,useValidateResetToken
FNDA:0,(anonymous_9)
DA:3,0
DA:4,0
DA:5,0
DA:12,0
DA:13,0
DA:15,0
DA:20,0
DA:21,0
DA:24,0
DA:28,0
DA:37,0
DA:38,0
DA:48,0
DA:53,0
DA:54,0
DA:57,0
DA:61,0
DA:70,0
DA:71,0
DA:74,0
DA:75,0
DA:78,0
DA:84,0
DA:85,0
DA:88,0
DA:93,0
LF:26
LH:0
BRDA:20,0,0,0
BRDA:53,1,0,0
BRDA:74,2,0,0
BRDA:84,3,0,0
BRDA:97,4,0,0
BRDA:97,4,1,0
BRDA:98,5,0,0
BRDA:98,5,1,0
BRF:8
BRH:0
end_of_record
TN:
SF:lib\hooks\useProducts.ts
FN:13,useProducts
FN:16,(anonymous_5)
FN:33,useProduct
FN:36,(anonymous_7)
FN:50,useCategories
FN:53,(anonymous_9)
FNF:6
FNH:6
FNDA:8,useProducts
FNDA:4,(anonymous_5)
FNDA:3,useProduct
FNDA:1,(anonymous_7)
FNDA:2,useCategories
FNDA:1,(anonymous_9)
DA:3,1
DA:4,1
DA:5,1
DA:13,8
DA:14,8
DA:17,4
DA:27,3
DA:33,3
DA:34,3
DA:37,1
DA:43,1
DA:50,2
DA:51,2
DA:54,1
DA:59,1
LF:15
LH:15
BRDA:13,0,0,4
BRDA:13,1,0,4
BRF:2
BRH:2
end_of_record
TN:
SF:lib\hooks\useReviews.ts
FN:6,useProductReviews
FN:9,(anonymous_5)
FN:22,useCreateReview
FN:26,(anonymous_7)
FN:39,(anonymous_8)
FN:46,useMarkReviewHelpful
FN:50,(anonymous_10)
FN:59,(anonymous_11)
FNF:8
FNH:0
FNDA:0,useProductReviews
FNDA:0,(anonymous_5)
FNDA:0,useCreateReview
FNDA:0,(anonymous_7)
FNDA:0,(anonymous_8)
FNDA:0,useMarkReviewHelpful
FNDA:0,(anonymous_10)
FNDA:0,(anonymous_11)
DA:1,0
DA:2,0
DA:3,0
DA:6,0
DA:7,0
DA:10,0
DA:15,0
DA:22,0
DA:23,0
DA:25,0
DA:27,0
DA:28,0
DA:37,0
DA:40,0
DA:41,0
DA:46,0
DA:47,0
DA:49,0
DA:51,0
DA:57,0
DA:60,0
LF:21
LH:0
BRDA:6,0,0,0
BRDA:6,1,0,0
BRF:2
BRH:0
end_of_record
TN:
SF:lib\hooks\useToast.tsx
FN:21,ToastProvider
FN:24,(anonymous_4)
FN:26,(anonymous_5)
FN:28,(anonymous_6)
FN:29,(anonymous_7)
FN:29,(anonymous_8)
FN:33,(anonymous_9)
FN:34,(anonymous_10)
FN:34,(anonymous_11)
FN:37,(anonymous_12)
FN:50,(anonymous_13)
FN:67,(anonymous_14)
FN:77,(anonymous_15)
FN:89,useToast
FNF:14
FNH:7
FNDA:16,ToastProvider
FNDA:1,(anonymous_4)
FNDA:1,(anonymous_5)
FNDA:0,(anonymous_6)
FNDA:0,(anonymous_7)
FNDA:0,(anonymous_8)
FNDA:0,(anonymous_9)
FNDA:0,(anonymous_10)
FNDA:0,(anonymous_11)
FNDA:1,(anonymous_12)
FNDA:1,(anonymous_13)
FNDA:1,(anonymous_14)
FNDA:0,(anonymous_15)
FNDA:23,useToast
DA:3,1
DA:4,1
DA:5,1
DA:19,1
DA:21,15
DA:22,16
DA:24,16
DA:25,1
DA:26,1
DA:28,1
DA:29,0
DA:33,16
DA:34,0
DA:37,16
DA:38,1
DA:40,1
DA:42,0
DA:44,0
DA:46,0
DA:50,16
DA:51,1
DA:53,1
DA:55,0
DA:57,0
DA:59,0
DA:68,1
DA:77,0
DA:89,23
DA:90,23
DA:91,23
DA:92,0
DA:94,23
LF:32
LH:22
BRDA:24,0,0,0
BRDA:38,1,0,1
BRDA:38,1,1,0
BRDA:38,1,2,0
BRDA:38,1,3,0
BRDA:51,2,0,1
BRDA:51,2,1,0
BRDA:51,2,2,0
BRDA:51,2,3,0
BRDA:91,3,0,0
BRF:10
BRH:2
end_of_record
TN:
SF:lib\hooks\useTokenValidator.ts
FN:24,useTokenValidator
FN:31,(anonymous_2)
FN:33,(anonymous_3)
FN:86,(anonymous_4)
FN:116,(anonymous_5)
FN:124,(anonymous_6)
FN:142,(anonymous_7)
FN:150,(anonymous_8)
FN:156,(anonymous_9)
FN:165,(anonymous_10)
FNF:10
FNH:0
FNDA:0,useTokenValidator
FNDA:0,(anonymous_2)
FNDA:0,(anonymous_3)
FNDA:0,(anonymous_4)
FNDA:0,(anonymous_5)
FNDA:0,(anonymous_6)
FNDA:0,(anonymous_7)
FNDA:0,(anonymous_8)
FNDA:0,(anonymous_9)
FNDA:0,(anonymous_10)
DA:3,0
DA:4,0
DA:5,0
DA:6,0
DA:7,0
DA:8,0
DA:11,0
DA:14,0
DA:24,0
DA:25,0
DA:26,0
DA:27,0
DA:28,0
DA:31,0
DA:33,0
DA:34,0
DA:37,0
DA:38,0
DA:41,0
DA:42,0
DA:47,0
DA:49,0
DA:52,0
DA:53,0
DA:54,0
DA:61,0
DA:63,0
DA:66,0
DA:71,0
DA:77,0
DA:78,0
DA:82,0
DA:86,0
DA:88,0
DA:92,0
DA:93,0
DA:102,0
DA:105,0
DA:108,0
DA:111,0
DA:112,0
DA:116,0
DA:117,0
DA:119,0
DA:120,0
DA:124,0
DA:126,0
DA:129,0
DA:132,0
DA:133,0
DA:136,0
DA:139,0
DA:142,0
DA:143,0
DA:144,0
DA:150,0
DA:151,0
DA:154,0
DA:156,0
DA:157,0
DA:158,0
DA:159,0
DA:163,0
DA:165,0
DA:166,0
DA:170,0
LF:66
LH:0
BRDA:37,0,0,0
BRDA:47,1,0,0
BRDA:47,1,1,0
BRDA:53,2,0,0
BRDA:71,3,0,0
BRDA:71,3,1,0
BRDA:71,3,2,0
BRDA:71,3,3,0
BRDA:71,3,4,0
BRDA:77,4,0,0
BRDA:111,5,0,0
BRDA:111,6,0,0
BRDA:111,6,1,0
BRDA:119,7,0,0
BRDA:119,8,0,0
BRDA:119,8,1,0
BRDA:119,8,2,0
BRDA:126,9,0,0
BRDA:129,10,0,0
BRDA:133,11,0,0
BRDA:143,12,0,0
BRDA:151,13,0,0
BRDA:154,14,0,0
BRDA:158,15,0,0
BRF:24
BRH:0
end_of_record
TN:
SF:lib\hooks\useUpdateProfile.ts
FN:30,useUpdateProfile
FN:34,(anonymous_4)
FN:46,(anonymous_5)
FNF:3
FNH:0
FNDA:0,useUpdateProfile
FNDA:0,(anonymous_4)
FNDA:0,(anonymous_5)
DA:3,0
DA:4,0
DA:5,0
DA:6,0
DA:30,0
DA:31,0
DA:33,0
DA:35,0
DA:40,0
DA:41,0
DA:44,0
DA:47,0
DA:49,0
DA:50,0
DA:51,0
DA:58,0
DA:59,0
DA:64,0
DA:73,0
LF:19
LH:0
BRDA:40,0,0,0
BRDA:47,1,0,0
BRDA:47,2,0,0
BRDA:47,2,1,0
BRDA:50,3,0,0
BRF:5
BRH:0
end_of_record
TN:
SF:store\cartStore.ts
FN:8,(anonymous_1)
FN:14,(anonymous_2)
FN:15,(anonymous_3)
FN:16,(anonymous_4)
FN:19,(anonymous_5)
FN:27,(anonymous_6)
FN:28,(anonymous_7)
FN:29,(anonymous_8)
FN:32,(anonymous_9)
FN:33,(anonymous_10)
FN:36,(anonymous_11)
FN:37,(anonymous_12)
FN:40,(anonymous_13)
FN:42,(anonymous_14)
FN:43,(anonymous_15)
FN:46,(anonymous_16)
FN:47,(anonymous_17)
FN:50,(anonymous_18)
FN:51,(anonymous_19)
FN:52,(anonymous_20)
FN:59,(anonymous_21)
FN:60,(anonymous_22)
FN:61,(anonymous_23)
FN:64,(anonymous_24)
FN:65,(anonymous_25)
FN:68,(anonymous_26)
FN:70,(anonymous_27)
FN:74,(anonymous_28)
FN:76,(anonymous_29)
FN:78,(anonymous_30)
FN:98,(anonymous_31)
FN:99,(anonymous_32)
FN:111,(anonymous_33)
FN:112,(anonymous_34)
FN:117,(anonymous_35)
FN:126,(anonymous_36)
FN:127,(anonymous_37)
FNF:37
FNH:0
FNDA:0,(anonymous_1)
FNDA:0,(anonymous_2)
FNDA:0,(anonymous_3)
FNDA:0,(anonymous_4)
FNDA:0,(anonymous_5)
FNDA:0,(anonymous_6)
FNDA:0,(anonymous_7)
FNDA:0,(anonymous_8)
FNDA:0,(anonymous_9)
FNDA:0,(anonymous_10)
FNDA:0,(anonymous_11)
FNDA:0,(anonymous_12)
FNDA:0,(anonymous_13)
FNDA:0,(anonymous_14)
FNDA:0,(anonymous_15)
FNDA:0,(anonymous_16)
FNDA:0,(anonymous_17)
FNDA:0,(anonymous_18)
FNDA:0,(anonymous_19)
FNDA:0,(anonymous_20)
FNDA:0,(anonymous_21)
FNDA:0,(anonymous_22)
FNDA:0,(anonymous_23)
FNDA:0,(anonymous_24)
FNDA:0,(anonymous_25)
FNDA:0,(anonymous_26)
FNDA:0,(anonymous_27)
FNDA:0,(anonymous_28)
FNDA:0,(anonymous_29)
FNDA:0,(anonymous_30)
FNDA:0,(anonymous_31)
FNDA:0,(anonymous_32)
FNDA:0,(anonymous_33)
FNDA:0,(anonymous_34)
FNDA:0,(anonymous_35)
FNDA:0,(anonymous_36)
FNDA:0,(anonymous_37)
DA:1,0
DA:2,0
DA:4,0
DA:6,0
DA:8,0
DA:15,0
DA:16,0
DA:17,0
DA:18,0
DA:20,0
DA:24,0
DA:28,0
DA:29,0
DA:33,0
DA:36,0
DA:37,0
DA:40,0
DA:43,0
DA:47,0
DA:51,0
DA:52,0
DA:53,0
DA:54,0
DA:60,0
DA:61,0
DA:65,0
DA:69,0
DA:70,0
DA:71,0
DA:74,0
DA:76,0
DA:79,0
DA:81,0
DA:82,0
DA:83,0
DA:84,0
DA:99,0
DA:100,0
DA:101,0
DA:102,0
DA:112,0
DA:113,0
DA:114,0
DA:117,0
DA:127,0
DA:128,0
DA:129,0
LF:47
LH:0
BRDA:17,0,0,0
BRDA:20,1,0,0
BRDA:20,1,1,0
BRDA:35,2,0,0
BRDA:35,2,1,0
BRDA:36,3,0,0
BRDA:36,3,1,0
BRDA:53,4,0,0
BRDA:79,5,0,0
BRDA:83,6,0,0
BRDA:88,7,0,0
BRDA:88,7,1,0
BRDA:89,8,0,0
BRDA:89,8,1,0
BRDA:100,9,0,0
BRDA:101,10,0,0
BRDA:101,10,1,0
BRDA:106,11,0,0
BRDA:106,11,1,0
BRDA:113,12,0,0
BRDA:119,13,0,0
BRDA:119,13,1,0
BRDA:128,14,0,0
BRF:23
BRH:0
end_of_record
TN:
SF:store\categoryStore.ts
FN:34,(anonymous_3)
FN:39,(anonymous_4)
FN:46,(anonymous_5)
FN:48,(anonymous_6)
FN:48,(anonymous_7)
FN:50,(anonymous_8)
FN:50,(anonymous_9)
FN:52,(anonymous_10)
FN:59,(anonymous_11)
FN:68,(anonymous_12)
FNF:10
FNH:9
FNDA:1,(anonymous_3)
FNDA:13,(anonymous_4)
FNDA:2,(anonymous_5)
FNDA:2,(anonymous_6)
FNDA:4,(anonymous_7)
FNDA:2,(anonymous_8)
FNDA:4,(anonymous_9)
FNDA:22,(anonymous_10)
FNDA:4,(anonymous_11)
FNDA:0,(anonymous_12)
DA:1,1
DA:2,1
DA:30,1
DA:32,88
DA:34,1
DA:40,13
DA:46,2
DA:48,4
DA:50,4
DA:53,22
DA:60,4
DA:61,4
DA:62,2
DA:63,2
DA:68,0
DA:76,1
LF:16
LH:15
BRDA:61,0,0,2
BRDA:62,1,0,0
BRF:2
BRH:1
end_of_record
TN:
SF:store\index.ts
FNF:0
FNH:0
DA:1,0
DA:2,0
LF:2
LH:0
BRF:0
BRH:0
end_of_record
TN:
SF:store\recoilState.ts
FN:30,(anonymous_8)
FN:41,(anonymous_9)
FN:48,(anonymous_10)
FN:51,(anonymous_11)
FN:55,(anonymous_12)
FN:58,(anonymous_13)
FN:61,(anonymous_14)
FN:64,(anonymous_15)
FN:74,(anonymous_16)
FN:76,(anonymous_17)
FNF:10
FNH:0
FNDA:0,(anonymous_8)
FNDA:0,(anonymous_9)
FNDA:0,(anonymous_10)
FNDA:0,(anonymous_11)
FNDA:0,(anonymous_12)
FNDA:0,(anonymous_13)
FNDA:0,(anonymous_14)
FNDA:0,(anonymous_15)
FNDA:0,(anonymous_16)
FNDA:0,(anonymous_17)
DA:1,0
DA:3,0
DA:8,0
DA:13,0
DA:18,0
DA:23,0
DA:28,0
DA:31,0
DA:32,0
DA:33,0
DA:34,0
DA:35,0
DA:37,0
DA:39,0
DA:40,0
DA:42,0
DA:47,0
DA:48,0
DA:51,0
DA:53,0
DA:55,0
DA:56,0
DA:58,0
DA:59,0
DA:61,0
DA:62,0
DA:64,0
DA:65,0
DA:68,0
DA:72,0
DA:75,0
DA:76,0
DA:77,0
LF:33
LH:0
BRDA:39,0,0,0
BRDA:42,1,0,0
BRDA:42,1,1,0
BRDA:47,2,0,0
BRDA:51,3,0,0
BRDA:51,3,1,0
BRDA:53,4,0,0
BRDA:53,4,1,0
BRDA:53,4,2,0
BRDA:53,4,3,0
BRF:10
BRH:0
end_of_record
