TN:
SF:app\layout.tsx
FN:68,RootLayout
FNF:1
FNH:0
FNDA:0,RootLayout
DA:2,0
DA:3,0
DA:4,0
DA:5,0
DA:6,0
DA:8,0
DA:9,0
DA:11,0
DA:68,0
LF:9
LH:0
BRDA:35,0,0,0
BRDA:35,0,1,0
BRDA:39,1,0,0
BRDA:39,1,1,0
BRF:4
BRH:0
end_of_record
TN:
SF:app\page.tsx
FN:33,(anonymous_5)
FN:33,(anonymous_6)
FN:33,(anonymous_7)
FN:40,HomePage
FN:58,(anonymous_11)
FN:146,(anonymous_12)
FN:186,(anonymous_13)
FN:203,(anonymous_14)
FN:228,(anonymous_15)
FN:239,(anonymous_16)
FNF:10
FNH:8
FNDA:1,(anonymous_5)
FNDA:1,(anonymous_6)
FNDA:1,(anonymous_7)
FNDA:25,HomePage
FNDA:0,(anonymous_11)
FNDA:40,(anonymous_12)
FNDA:40,(anonymous_13)
FNDA:24,(anonymous_14)
FNDA:0,(anonymous_15)
FNDA:38,(anonymous_16)
DA:3,1
DA:4,1
DA:5,1
DA:6,1
DA:7,1
DA:8,1
DA:21,1
DA:22,1
DA:28,1
DA:29,1
DA:33,1
DA:40,24
DA:41,25
DA:42,25
DA:44,25
DA:47,25
DA:49,25
DA:53,25
DA:55,25
DA:56,25
DA:58,25
DA:59,0
DA:66,0
DA:147,40
DA:187,40
DA:204,24
DA:229,0
DA:240,38
DA:248,38
DA:250,38
LF:30
LH:27
BRDA:47,0,0,25
BRDA:47,0,1,3
BRDA:53,1,0,25
BRDA:53,1,1,4
BRDA:56,2,0,23
BRDA:56,2,1,2
BRDA:56,3,0,2
BRDA:56,3,1,1
BRDA:138,4,0,1
BRDA:140,5,0,4
BRDA:179,6,0,2
BRDA:181,7,0,3
BRDA:194,8,0,24
BRDA:227,9,0,0
BRDA:236,10,0,4
BRDA:254,11,0,38
BRDA:254,11,1,0
BRDA:252,12,0,38
BRDA:252,12,1,0
BRF:19
BRH:16
end_of_record
TN:
SF:app\providers.tsx
FN:14,AuthLoader
FN:18,(anonymous_2)
FN:41,Providers
FN:43,(anonymous_4)
FNF:4
FNH:4
FNDA:8,AuthLoader
FNDA:8,(anonymous_2)
FNDA:8,Providers
FNDA:8,(anonymous_4)
DA:3,1
DA:4,1
DA:5,1
DA:6,1
DA:7,1
DA:8,1
DA:9,1
DA:10,1
DA:11,1
DA:12,1
DA:15,8
DA:16,8
DA:18,8
DA:19,8
DA:20,8
DA:21,8
DA:22,8
DA:23,8
DA:24,8
DA:26,8
DA:27,1
DA:28,1
DA:41,8
DA:42,8
DA:44,8
LF:25
LH:25
BRDA:19,0,0,8
BRDA:26,1,0,1
BRDA:27,2,0,1
BRDA:27,2,1,0
BRDA:31,3,0,1
BRDA:31,3,1,0
BRDA:32,4,0,1
BRDA:32,4,1,0
BRDA:63,5,0,8
BRF:9
BRH:6
end_of_record
TN:
SF:app\about\page.tsx
FN:6,AboutPage
FNF:1
FNH:1
FNDA:11,AboutPage
DA:3,1
DA:4,1
DA:6,11
LF:3
LH:3
BRF:0
BRH:0
end_of_record
TN:
SF:app\cart\page.tsx
FN:27,CartPage
FN:33,(anonymous_5)
FN:42,(anonymous_6)
FN:82,(anonymous_7)
FN:117,(anonymous_8)
FN:134,(anonymous_9)
FN:152,(anonymous_10)
FN:170,(anonymous_11)
FN:189,(anonymous_12)
FNF:9
FNH:5
FNDA:16,CartPage
FNDA:2,(anonymous_5)
FNDA:19,(anonymous_6)
FNDA:19,(anonymous_7)
FNDA:1,(anonymous_8)
FNDA:0,(anonymous_9)
FNDA:0,(anonymous_10)
FNDA:0,(anonymous_11)
FNDA:0,(anonymous_12)
DA:3,1
DA:4,1
DA:5,1
DA:6,1
DA:7,1
DA:8,1
DA:19,1
DA:20,1
DA:21,1
DA:22,1
DA:23,1
DA:25,1
DA:27,16
DA:28,16
DA:29,16
DA:30,16
DA:31,16
DA:33,16
DA:34,2
DA:35,1
DA:37,1
DA:41,16
DA:42,19
DA:45,16
DA:46,16
DA:47,16
DA:83,19
DA:118,1
DA:119,1
DA:120,1
DA:135,0
DA:136,0
DA:153,0
DA:154,0
DA:171,0
DA:172,0
DA:173,0
DA:189,0
LF:38
LH:30
BRDA:34,0,0,1
BRDA:34,0,1,1
BRDA:46,1,0,5
BRDA:46,1,1,11
BRDA:56,2,0,14
BRDA:56,2,1,2
BRDA:59,3,0,9
BRDA:59,3,1,5
BRDA:69,4,0,2
BRDA:90,5,0,6
BRDA:119,6,0,1
BRDA:171,7,0,0
BRDA:211,8,0,5
BRDA:220,9,0,14
BRDA:220,9,1,9
BRF:15
BRH:14
end_of_record
TN:
SF:app\checkout\page.tsx
FN:52,CheckoutPage
FN:90,(anonymous_2)
FN:92,(anonymous_3)
FN:98,(anonymous_4)
FN:106,(anonymous_5)
FN:112,(anonymous_6)
FN:148,(anonymous_7)
FN:186,(anonymous_8)
FN:228,(anonymous_9)
FN:235,(anonymous_10)
FN:276,(anonymous_11)
FN:293,(anonymous_12)
FN:345,(anonymous_13)
FN:381,(anonymous_14)
FN:391,(anonymous_15)
FN:398,(anonymous_16)
FN:436,(anonymous_17)
FN:453,(anonymous_18)
FN:460,(anonymous_19)
FN:468,(anonymous_20)
FN:475,(anonymous_21)
FN:482,(anonymous_22)
FN:488,(anonymous_23)
FN:496,(anonymous_24)
FN:502,(anonymous_25)
FN:512,(anonymous_26)
FN:601,(anonymous_27)
FN:614,(anonymous_28)
FN:665,(anonymous_29)
FN:731,(anonymous_30)
FN:743,(anonymous_31)
FNF:31
FNH:21
FNDA:114,CheckoutPage
FNDA:94,(anonymous_2)
FNDA:34,(anonymous_3)
FNDA:158,(anonymous_4)
FNDA:7,(anonymous_5)
FNDA:1,(anonymous_6)
FNDA:0,(anonymous_7)
FNDA:3,(anonymous_8)
FNDA:0,(anonymous_9)
FNDA:6,(anonymous_10)
FNDA:4,(anonymous_11)
FNDA:8,(anonymous_12)
FNDA:1,(anonymous_13)
FNDA:51,(anonymous_14)
FNDA:0,(anonymous_15)
FNDA:0,(anonymous_16)
FNDA:6,(anonymous_17)
FNDA:1,(anonymous_18)
FNDA:1,(anonymous_19)
FNDA:0,(anonymous_20)
FNDA:1,(anonymous_21)
FNDA:0,(anonymous_22)
FNDA:0,(anonymous_23)
FNDA:0,(anonymous_24)
FNDA:0,(anonymous_25)
FNDA:7,(anonymous_26)
FNDA:2,(anonymous_27)
FNDA:158,(anonymous_28)
FNDA:4,(anonymous_29)
FNDA:1,(anonymous_30)
FNDA:0,(anonymous_31)
DA:3,5
DA:4,5
DA:5,5
DA:6,5
DA:7,5
DA:8,5
DA:9,5
DA:10,5
DA:23,5
DA:24,5
DA:25,5
DA:52,52
DA:53,114
DA:54,114
DA:55,114
DA:56,114
DA:57,114
DA:58,114
DA:59,111
DA:60,111
DA:61,111
DA:62,111
DA:65,111
DA:66,111
DA:67,111
DA:68,111
DA:71,111
DA:72,111
DA:73,111
DA:76,111
DA:78,111
DA:90,111
DA:91,94
DA:92,34
DA:93,34
DA:97,111
DA:98,158
DA:101,111
DA:102,111
DA:103,111
DA:104,111
DA:106,111
DA:107,7
DA:108,7
DA:109,7
DA:112,111
DA:113,1
DA:115,1
DA:116,1
DA:118,1
DA:119,1
DA:120,0
DA:121,0
DA:123,1
DA:124,0
DA:126,1
DA:127,1
DA:129,1
DA:130,1
DA:132,1
DA:133,1
DA:135,1
DA:136,1
DA:137,0
DA:138,0
DA:140,1
DA:141,1
DA:144,1
DA:145,1
DA:148,111
DA:149,0
DA:150,0
DA:151,0
DA:154,0
DA:155,0
DA:167,0
DA:168,0
DA:169,0
DA:170,0
DA:171,0
DA:172,0
DA:174,0
DA:178,0
DA:182,0
DA:186,111
DA:187,3
DA:188,0
DA:189,0
DA:192,3
DA:193,3
DA:195,3
DA:196,3
DA:205,2
DA:206,1
DA:207,1
DA:212,1
DA:213,1
DA:217,1
DA:221,1
DA:222,1
DA:224,3
DA:228,111
DA:229,0
DA:230,0
DA:231,0
DA:232,0
DA:235,111
DA:237,6
DA:238,1
DA:239,1
DA:240,1
DA:243,5
DA:244,0
DA:245,0
DA:249,5
DA:251,5
DA:253,1
DA:254,1
DA:255,1
DA:257,0
DA:272,4
DA:273,0
DA:274,0
DA:276,4
DA:278,4
DA:279,0
DA:280,0
DA:284,4
DA:285,0
DA:286,0
DA:289,4
DA:290,4
DA:293,8
DA:321,4
DA:322,3
DA:323,3
DA:324,3
DA:326,1
DA:328,1
DA:332,1
DA:336,111
DA:345,1
DA:382,51
DA:391,0
DA:398,0
DA:436,6
DA:453,1
DA:460,1
DA:468,0
DA:475,1
DA:482,0
DA:488,0
DA:496,0
DA:503,0
DA:513,7
DA:601,2
DA:615,158
DA:666,4
DA:667,4
DA:731,1
DA:743,0
LF:161
LH:119
BRDA:56,0,0,0
BRDA:91,1,0,34
BRDA:91,2,0,94
BRDA:91,2,1,94
BRDA:93,3,0,34
BRDA:93,3,1,0
BRDA:102,4,0,0
BRDA:102,4,1,111
BRDA:102,5,0,83
BRDA:102,5,1,28
BRDA:103,6,0,1
BRDA:103,6,1,110
BRDA:115,7,0,1
BRDA:118,8,0,1
BRDA:118,8,1,0
BRDA:120,9,0,0
BRDA:123,10,0,0
BRDA:123,11,0,1
BRDA:123,11,1,0
BRDA:126,12,0,1
BRDA:129,13,0,1
BRDA:132,14,0,1
BRDA:135,15,0,1
BRDA:135,15,1,0
BRDA:137,16,0,0
BRDA:140,17,0,1
BRDA:149,18,0,0
BRDA:158,19,0,0
BRDA:158,19,1,0
BRDA:167,20,0,0
BRDA:167,20,1,0
BRDA:167,21,0,0
BRDA:167,21,1,0
BRDA:174,22,0,0
BRDA:174,22,1,0
BRDA:178,23,0,0
BRDA:178,23,1,0
BRDA:178,23,2,0
BRDA:178,23,3,0
BRDA:187,24,0,0
BRDA:205,25,0,1
BRDA:205,25,1,1
BRDA:212,26,0,1
BRDA:212,26,1,0
BRDA:217,27,0,1
BRDA:217,27,1,1
BRDA:217,27,2,1
BRDA:217,27,3,0
BRDA:237,28,0,1
BRDA:243,29,0,0
BRDA:251,30,0,1
BRDA:251,30,1,4
BRDA:253,31,0,1
BRDA:262,32,0,0
BRDA:262,32,1,0
BRDA:272,33,0,0
BRDA:276,34,0,4
BRDA:276,34,1,0
BRDA:278,35,0,0
BRDA:284,36,0,0
BRDA:294,37,0,8
BRDA:294,37,1,0
BRDA:298,38,0,8
BRDA:298,38,1,0
BRDA:318,39,0,0
BRDA:318,39,1,4
BRDA:328,40,0,1
BRDA:328,40,1,1
BRDA:328,40,2,1
BRDA:328,40,3,0
BRDA:336,41,0,4
BRDA:372,42,0,0
BRDA:380,43,0,51
BRDA:379,44,0,107
BRDA:379,44,1,107
BRDA:379,44,2,51
BRDA:387,45,0,36
BRDA:387,45,1,15
BRDA:389,46,0,36
BRDA:389,46,1,15
BRDA:403,47,0,51
BRDA:406,48,0,51
BRDA:406,48,1,0
BRDA:409,49,0,51
BRDA:410,50,0,51
BRDA:418,51,0,51
BRDA:428,52,0,56
BRDA:442,53,0,9
BRDA:442,53,1,98
BRDA:445,54,0,107
BRDA:509,55,0,9
BRDA:532,56,0,0
BRDA:559,57,0,83
BRDA:559,57,1,24
BRDA:632,58,0,1
BRDA:642,59,0,1
BRDA:674,60,0,106
BRDA:674,60,1,103
BRDA:677,61,0,3
BRDA:677,61,1,103
BRDA:680,62,0,106
BRDA:699,63,0,83
BRDA:708,64,0,107
BRDA:708,64,1,1
BRDA:725,65,0,0
BRDA:725,65,1,107
BRDA:739,66,0,107
BRF:107
BRH:67
end_of_record
TN:
SF:app\contact\page.tsx
FN:9,ContactPage
FN:19,(anonymous_2)
FN:23,(anonymous_3)
FN:30,(anonymous_4)
FNF:4
FNH:4
FNDA:21,ContactPage
FNDA:2,(anonymous_2)
FNDA:1,(anonymous_3)
FNDA:5,(anonymous_4)
DA:3,1
DA:4,1
DA:5,1
DA:6,1
DA:7,1
DA:9,13
DA:10,21
DA:11,21
DA:17,21
DA:19,21
DA:20,2
DA:21,2
DA:23,2
DA:24,1
DA:25,1
DA:26,1
DA:30,21
DA:31,5
LF:18
LH:18
BRDA:109,0,0,2
BRDA:109,0,1,19
BRF:2
BRH:2
end_of_record
TN:
SF:app\faq\page.tsx
FN:125,FAQPage
FN:130,(anonymous_2)
FN:132,(anonymous_3)
FN:140,(anonymous_4)
FN:170,(anonymous_5)
FN:177,(anonymous_6)
FN:180,(anonymous_7)
FN:198,(anonymous_8)
FN:204,(anonymous_9)
FN:236,(anonymous_10)
FNF:10
FNH:10
FNDA:21,FAQPage
FNDA:340,(anonymous_2)
FNDA:340,(anonymous_3)
FNDA:3,(anonymous_4)
FNDA:2,(anonymous_5)
FNDA:120,(anonymous_6)
FNDA:1,(anonymous_7)
FNDA:295,(anonymous_8)
FNDA:3,(anonymous_9)
FNDA:1,(anonymous_10)
DA:3,1
DA:4,1
DA:5,1
DA:6,1
DA:15,1
DA:125,14
DA:126,21
DA:127,20
DA:128,20
DA:130,340
DA:132,20
DA:133,340
DA:134,340
DA:137,340
DA:140,20
DA:141,3
DA:170,2
DA:178,120
DA:180,1
DA:199,295
DA:204,3
DA:236,1
LF:22
LH:22
BRDA:133,0,0,340
BRDA:133,0,1,17
BRDA:134,1,0,340
BRDA:134,1,1,34
BRDA:134,1,2,33
BRDA:137,2,0,340
BRDA:137,2,1,326
BRDA:141,3,0,1
BRDA:141,3,1,2
BRDA:181,4,0,20
BRDA:181,4,1,100
BRDA:191,5,0,1
BRDA:214,6,0,2
BRDA:214,6,1,293
BRDA:216,7,0,2
BRDA:216,7,1,293
BRDA:220,8,0,295
BRF:17
BRH:17
end_of_record
TN:
SF:app\forgot-password\page.tsx
FN:15,ForgotPasswordPage
FN:21,(anonymous_3)
FN:74,(anonymous_4)
FN:122,(anonymous_5)
FNF:4
FNH:3
FNDA:31,ForgotPasswordPage
FNDA:6,(anonymous_3)
FNDA:0,(anonymous_4)
FNDA:6,(anonymous_5)
DA:3,1
DA:4,1
DA:5,1
DA:6,1
DA:12,1
DA:13,1
DA:15,14
DA:16,31
DA:17,31
DA:18,31
DA:19,31
DA:21,31
DA:22,6
DA:23,6
DA:25,6
DA:26,1
DA:27,1
DA:30,5
DA:31,5
DA:32,3
DA:33,2
DA:35,1
DA:39,2
DA:43,2
DA:47,31
DA:74,0
DA:122,6
LF:27
LH:26
BRDA:25,0,0,1
BRDA:32,1,0,2
BRDA:32,1,1,1
BRDA:39,2,0,2
BRDA:39,2,1,1
BRDA:39,2,2,0
BRDA:39,2,3,0
BRDA:47,3,0,2
BRDA:112,4,0,29
BRDA:128,5,0,0
BRDA:128,5,1,29
BRF:11
BRH:8
end_of_record
TN:
SF:app\login\page.tsx
FN:12,LoginPage
FN:23,(anonymous_3)
FN:42,(anonymous_4)
FN:73,(anonymous_5)
FN:128,(anonymous_6)
FN:130,(anonymous_7)
FN:142,(anonymous_8)
FN:144,(anonymous_9)
FNF:8
FNH:6
FNDA:38,LoginPage
FNDA:6,(anonymous_3)
FNDA:6,(anonymous_4)
FNDA:18,(anonymous_5)
FNDA:6,(anonymous_6)
FNDA:0,(anonymous_7)
FNDA:7,(anonymous_8)
FNDA:0,(anonymous_9)
DA:3,1
DA:4,1
DA:5,1
DA:6,1
DA:7,1
DA:8,1
DA:9,1
DA:12,18
DA:13,38
DA:14,38
DA:15,38
DA:16,38
DA:17,38
DA:18,38
DA:19,38
DA:20,38
DA:21,38
DA:23,38
DA:24,6
DA:26,6
DA:27,1
DA:28,5
DA:29,1
DA:32,6
DA:33,0
DA:34,6
DA:35,1
DA:38,6
DA:39,6
DA:42,38
DA:43,6
DA:44,6
DA:46,6
DA:47,3
DA:50,3
DA:51,3
DA:53,3
DA:54,3
DA:55,1
DA:56,1
DA:59,2
DA:67,2
DA:69,0
DA:73,38
DA:74,18
DA:75,0
DA:129,6
DA:130,6
DA:143,7
DA:144,7
LF:50
LH:47
BRDA:15,0,0,38
BRDA:15,0,1,0
BRDA:26,1,0,1
BRDA:26,1,1,5
BRDA:28,2,0,1
BRDA:32,3,0,0
BRDA:32,3,1,6
BRDA:34,4,0,1
BRDA:46,5,0,3
BRDA:53,6,0,3
BRDA:54,7,0,1
BRDA:54,8,0,3
BRDA:54,8,1,1
BRDA:62,9,0,2
BRDA:62,9,1,0
BRDA:69,10,0,0
BRDA:69,10,1,0
BRDA:74,11,0,0
BRDA:118,12,0,38
BRDA:130,13,0,0
BRDA:144,14,0,0
BRDA:160,15,0,0
BRDA:160,15,1,38
BRF:23
BRH:14
end_of_record
TN:
SF:app\offline\page.tsx
FN:8,OfflinePage
FN:9,(anonymous_3)
FNF:2
FNH:2
FNDA:8,OfflinePage
FNDA:1,(anonymous_3)
DA:3,1
DA:4,1
DA:5,1
DA:6,1
DA:8,8
DA:9,8
DA:10,1
LF:7
LH:7
BRF:0
BRH:0
end_of_record
TN:
SF:app\orders\page.tsx
FN:25,(anonymous_1)
FN:50,OrdersPage
FN:75,(anonymous_3)
FN:107,(anonymous_4)
FN:146,(anonymous_5)
FN:168,(anonymous_6)
FN:187,(anonymous_7)
FN:196,(anonymous_8)
FN:206,(anonymous_9)
FN:222,(anonymous_10)
FN:228,(anonymous_11)
FN:231,(anonymous_12)
FN:239,(anonymous_13)
FNF:13
FNH:11
FNDA:42,(anonymous_1)
FNDA:16,OrdersPage
FNDA:1,(anonymous_3)
FNDA:14,(anonymous_4)
FNDA:19,(anonymous_5)
FNDA:17,(anonymous_6)
FNDA:1,(anonymous_7)
FNDA:1,(anonymous_8)
FNDA:1,(anonymous_9)
FNDA:0,(anonymous_10)
FNDA:9,(anonymous_11)
FNDA:0,(anonymous_12)
FNDA:1,(anonymous_13)
DA:3,1
DA:4,1
DA:5,1
DA:6,1
DA:7,1
DA:8,1
DA:19,1
DA:20,1
DA:21,1
DA:25,1
DA:26,42
DA:32,1
DA:41,1
DA:50,15
DA:51,16
DA:52,16
DA:53,16
DA:55,16
DA:57,16
DA:58,16
DA:60,16
DA:68,15
DA:75,1
DA:108,14
DA:146,19
DA:169,17
DA:187,1
DA:196,1
DA:206,1
DA:222,0
DA:229,9
DA:231,0
DA:239,1
LF:33
LH:31
BRDA:27,0,0,42
BRDA:27,0,1,42
BRDA:57,1,0,16
BRDA:57,1,1,3
BRDA:58,2,0,16
BRDA:58,2,1,3
BRDA:60,3,0,1
BRDA:68,4,0,2
BRDA:96,5,0,1
BRDA:129,6,0,14
BRDA:177,7,0,14
BRDA:193,8,0,2
BRDA:193,8,1,12
BRDA:193,9,0,14
BRDA:193,9,1,14
BRDA:193,9,2,13
BRDA:204,10,0,5
BRDA:204,10,1,9
BRDA:204,11,0,14
BRDA:204,11,1,14
BRDA:219,12,0,12
BRDA:232,13,0,3
BRDA:232,13,1,6
BRF:23
BRH:23
end_of_record
TN:
SF:app\orders\[id]\page.tsx
FN:36,OrderDetailPage
FN:59,(anonymous_2)
FN:67,(anonymous_3)
FN:68,(anonymous_4)
FN:76,(anonymous_5)
FN:97,(anonymous_6)
FN:115,(anonymous_7)
FN:165,(anonymous_8)
FN:284,(anonymous_9)
FN:304,(anonymous_10)
FNF:10
FNH:0
FNDA:0,OrderDetailPage
FNDA:0,(anonymous_2)
FNDA:0,(anonymous_3)
FNDA:0,(anonymous_4)
FNDA:0,(anonymous_5)
FNDA:0,(anonymous_6)
FNDA:0,(anonymous_7)
FNDA:0,(anonymous_8)
FNDA:0,(anonymous_9)
FNDA:0,(anonymous_10)
DA:3,0
DA:4,0
DA:5,0
DA:6,0
DA:7,0
DA:8,0
DA:19,0
DA:20,0
DA:28,0
DA:36,0
DA:37,0
DA:38,0
DA:39,0
DA:40,0
DA:42,0
DA:43,0
DA:45,0
DA:53,0
DA:59,0
DA:67,0
DA:68,0
DA:71,0
DA:74,0
DA:76,0
DA:77,0
DA:78,0
DA:79,0
DA:80,0
DA:83,0
DA:87,0
DA:97,0
DA:116,0
DA:166,0
DA:284,0
DA:305,0
LF:35
LH:0
BRDA:45,0,0,0
BRDA:53,1,0,0
BRDA:53,2,0,0
BRDA:53,2,1,0
BRDA:72,3,0,0
BRDA:72,3,1,0
BRDA:74,4,0,0
BRDA:74,4,1,0
BRDA:83,5,0,0
BRDA:83,5,1,0
BRDA:83,5,2,0
BRDA:83,5,3,0
BRDA:120,6,0,0
BRDA:120,6,1,0
BRDA:122,7,0,0
BRDA:122,7,1,0
BRDA:134,8,0,0
BRDA:137,9,0,0
BRDA:137,9,1,0
BRDA:147,10,0,0
BRDA:195,11,0,0
BRDA:198,12,0,0
BRDA:198,12,1,0
BRDA:200,13,0,0
BRDA:201,14,0,0
BRDA:231,15,0,0
BRDA:235,16,0,0
BRDA:273,17,0,0
BRDA:273,17,1,0
BRDA:280,18,0,0
BRDA:280,18,1,0
BRDA:283,19,0,0
BRF:32
BRH:0
end_of_record
TN:
SF:app\products\layout.tsx
FN:1,ProductsLayout
FNF:1
FNH:0
FNDA:0,ProductsLayout
DA:1,0
LF:1
LH:0
BRF:0
BRH:0
end_of_record
TN:
SF:app\products\page.tsx
FN:26,ProductsPage
FN:49,(anonymous_2)
FN:51,(anonymous_3)
FN:59,(anonymous_4)
FN:75,(anonymous_5)
FN:103,(anonymous_6)
FN:107,(anonymous_7)
FN:109,(anonymous_8)
FN:111,(anonymous_9)
FN:113,(anonymous_10)
FN:122,(anonymous_11)
FN:129,(anonymous_12)
FN:130,(anonymous_13)
FN:131,(anonymous_14)
FN:139,(anonymous_15)
FN:146,(anonymous_16)
FN:147,(anonymous_17)
FN:150,(anonymous_18)
FN:163,(anonymous_19)
FN:215,(anonymous_20)
FN:223,(anonymous_21)
FN:239,(anonymous_22)
FN:251,(anonymous_23)
FN:264,(anonymous_24)
FN:274,(anonymous_25)
FN:301,(anonymous_26)
FN:311,(anonymous_27)
FN:329,(anonymous_28)
FN:343,(anonymous_29)
FN:361,(anonymous_30)
FN:371,(anonymous_31)
FN:404,(anonymous_32)
FNF:32
FNH:13
FNDA:57,ProductsPage
FNDA:18,(anonymous_2)
FNDA:36,(anonymous_3)
FNDA:38,(anonymous_4)
FNDA:2,(anonymous_5)
FNDA:57,(anonymous_6)
FNDA:0,(anonymous_7)
FNDA:0,(anonymous_8)
FNDA:0,(anonymous_9)
FNDA:0,(anonymous_10)
FNDA:18,(anonymous_11)
FNDA:0,(anonymous_12)
FNDA:0,(anonymous_13)
FNDA:0,(anonymous_14)
FNDA:22,(anonymous_15)
FNDA:0,(anonymous_16)
FNDA:0,(anonymous_17)
FNDA:1,(anonymous_18)
FNDA:2,(anonymous_19)
FNDA:1,(anonymous_20)
FNDA:0,(anonymous_21)
FNDA:0,(anonymous_22)
FNDA:0,(anonymous_23)
FNDA:0,(anonymous_24)
FNDA:1,(anonymous_25)
FNDA:0,(anonymous_26)
FNDA:0,(anonymous_27)
FNDA:0,(anonymous_28)
FNDA:0,(anonymous_29)
FNDA:0,(anonymous_30)
FNDA:0,(anonymous_31)
FNDA:111,(anonymous_32)
DA:3,1
DA:4,1
DA:5,1
DA:6,1
DA:7,1
DA:9,1
DA:10,1
DA:11,1
DA:12,1
DA:13,1
DA:14,1
DA:18,1
DA:26,18
DA:27,57
DA:28,57
DA:29,57
DA:30,57
DA:31,57
DA:32,57
DA:33,57
DA:34,57
DA:35,57
DA:36,57
DA:37,57
DA:38,57
DA:41,57
DA:42,57
DA:45,57
DA:48,57
DA:49,18
DA:51,36
DA:59,57
DA:60,38
DA:61,38
DA:62,38
DA:64,38
DA:65,2
DA:66,2
DA:68,36
DA:71,38
DA:73,2
DA:74,2
DA:76,2
DA:79,2
DA:80,2
DA:81,0
DA:83,0
DA:85,0
DA:88,36
DA:91,38
DA:94,57
DA:103,57
DA:104,57
DA:105,57
DA:107,0
DA:109,0
DA:111,0
DA:113,0
DA:116,57
DA:120,57
DA:122,57
DA:123,18
DA:124,17
DA:126,17
DA:129,0
DA:130,0
DA:131,0
DA:132,0
DA:135,17
DA:139,57
DA:140,22
DA:141,22
DA:144,57
DA:146,57
DA:147,0
DA:150,57
DA:151,1
DA:160,1
DA:163,57
DA:164,2
DA:165,1
DA:166,1
DA:168,1
DA:175,1
DA:215,1
DA:224,0
DA:225,0
DA:240,0
DA:241,0
DA:252,0
DA:253,0
DA:265,0
DA:266,0
DA:275,1
DA:276,1
DA:277,1
DA:278,1
DA:279,1
DA:280,1
DA:281,1
DA:302,0
DA:312,0
DA:313,0
DA:330,0
DA:331,0
DA:344,0
DA:345,0
DA:362,0
DA:363,0
DA:372,0
DA:373,0
DA:374,0
DA:375,0
DA:376,0
DA:377,0
DA:378,0
DA:405,111
LF:117
LH:81
BRDA:45,0,0,0
BRDA:64,1,0,2
BRDA:64,1,1,36
BRDA:71,2,0,2
BRDA:71,2,1,36
BRDA:76,3,0,2
BRDA:76,3,1,0
BRDA:79,4,0,2
BRDA:79,4,1,0
BRDA:81,5,0,0
BRDA:81,5,1,0
BRDA:95,6,0,57
BRDA:95,6,1,3
BRDA:96,7,0,57
BRDA:96,7,1,2
BRDA:97,8,0,57
BRDA:97,8,1,0
BRDA:98,9,0,57
BRDA:98,9,1,0
BRDA:99,10,0,57
BRDA:99,10,1,57
BRDA:99,10,2,0
BRDA:100,11,0,57
BRDA:100,11,1,0
BRDA:105,12,0,0
BRDA:105,12,1,0
BRDA:105,12,2,0
BRDA:105,12,3,0
BRDA:105,12,4,57
BRDA:105,12,5,57
BRDA:111,13,0,0
BRDA:111,13,1,0
BRDA:111,14,0,0
BRDA:111,14,1,0
BRDA:113,15,0,0
BRDA:113,15,1,0
BRDA:113,16,0,0
BRDA:113,16,1,0
BRDA:123,17,0,17
BRDA:124,18,0,17
BRDA:124,18,1,0
BRDA:135,19,0,17
BRDA:135,19,1,1
BRDA:156,20,0,1
BRDA:156,20,1,0
BRDA:164,21,0,1
BRDA:164,21,1,1
BRDA:172,22,0,1
BRDA:172,22,1,0
BRDA:189,23,0,57
BRDA:189,23,1,4
BRDA:238,24,0,57
BRDA:238,24,1,0
BRDA:240,25,0,0
BRDA:240,25,1,0
BRDA:250,26,0,57
BRDA:250,26,1,0
BRDA:252,27,0,0
BRDA:252,27,1,0
BRDA:328,28,0,57
BRDA:328,28,1,0
BRDA:330,29,0,0
BRDA:330,29,1,0
BRDA:342,30,0,57
BRDA:342,30,1,0
BRDA:344,31,0,0
BRDA:344,31,1,0
BRDA:392,32,0,0
BRDA:396,33,0,1
BRDA:395,34,0,57
BRDA:395,34,1,1
BRDA:398,35,0,19
BRDA:416,36,0,37
BRDA:416,36,1,37
BRDA:424,37,0,0
BRDA:438,38,0,37
BRDA:438,38,1,0
BRF:77
BRH:38
end_of_record
TN:
SF:app\products\[id]\page.tsx
FN:14,ProductDetailPage
FN:25,(anonymous_3)
FN:55,(anonymous_4)
FN:64,(anonymous_5)
FN:80,(anonymous_6)
FN:122,(anonymous_7)
FN:140,(anonymous_8)
FN:143,(anonymous_9)
FN:160,(anonymous_10)
FN:197,(anonymous_11)
FN:208,(anonymous_12)
FN:215,(anonymous_13)
FNF:12
FNH:5
FNDA:14,ProductDetailPage
FNDA:13,(anonymous_3)
FNDA:0,(anonymous_4)
FNDA:1,(anonymous_5)
FNDA:2,(anonymous_6)
FNDA:0,(anonymous_7)
FNDA:0,(anonymous_8)
FNDA:0,(anonymous_9)
FNDA:50,(anonymous_10)
FNDA:0,(anonymous_11)
FNDA:0,(anonymous_12)
FNDA:0,(anonymous_13)
DA:3,1
DA:4,1
DA:5,1
DA:6,1
DA:7,1
DA:8,1
DA:9,1
DA:10,1
DA:11,1
DA:12,1
DA:14,13
DA:15,14
DA:16,14
DA:17,14
DA:18,13
DA:20,13
DA:21,13
DA:23,13
DA:25,13
DA:26,13
DA:27,10
DA:38,13
DA:46,12
DA:55,0
DA:64,10
DA:65,1
DA:67,1
DA:77,1
DA:80,10
DA:81,2
DA:83,2
DA:84,1
DA:85,1
DA:87,1
DA:94,1
DA:98,10
DA:123,0
DA:124,0
DA:125,0
DA:126,0
DA:127,0
DA:129,0
DA:130,0
DA:131,0
DA:132,0
DA:141,0
DA:143,0
DA:161,50
DA:197,0
DA:208,0
DA:215,0
LF:51
LH:36
BRDA:26,0,0,10
BRDA:31,1,0,10
BRDA:31,1,1,0
BRDA:38,2,0,1
BRDA:46,3,0,2
BRDA:46,4,0,12
BRDA:46,4,1,10
BRDA:65,5,0,0
BRDA:72,6,0,1
BRDA:72,6,1,0
BRDA:81,7,0,0
BRDA:83,8,0,1
BRDA:83,8,1,1
BRDA:91,9,0,1
BRDA:91,9,1,0
BRDA:98,10,0,10
BRDA:98,10,1,0
BRDA:111,11,0,10
BRDA:111,11,1,0
BRDA:120,12,0,10
BRDA:120,12,1,0
BRDA:125,13,0,0
BRDA:125,14,0,0
BRDA:125,14,1,0
BRDA:138,15,0,10
BRDA:145,16,0,0
BRDA:145,16,1,0
BRDA:165,17,0,40
BRDA:165,17,1,10
BRDA:165,18,0,50
BRDA:165,18,1,0
BRDA:171,19,0,10
BRDA:171,19,1,0
BRDA:171,20,0,10
BRDA:171,20,1,0
BRDA:185,21,0,10
BRDA:186,22,0,0
BRDA:186,22,1,10
BRDA:208,23,0,0
BRDA:208,23,1,0
BRDA:232,24,0,1
BRDA:232,24,1,9
BRDA:235,25,0,1
BRDA:235,25,1,9
BRDA:252,26,0,10
BRDA:252,26,1,10
BRDA:262,27,0,10
BRDA:262,27,1,0
BRDA:263,28,0,10
BRDA:263,28,1,0
BRF:50
BRH:29
end_of_record
TN:
SF:app\profile\page.tsx
FN:45,ProfilePage
FN:93,(anonymous_3)
FN:102,(anonymous_4)
FN:107,(anonymous_5)
FN:120,(anonymous_6)
FN:139,(anonymous_7)
FN:164,(anonymous_8)
FN:217,(anonymous_9)
FN:258,(anonymous_10)
FN:294,(anonymous_11)
FN:314,(anonymous_12)
FN:352,(anonymous_13)
FN:363,(anonymous_14)
FN:374,(anonymous_15)
FN:385,(anonymous_16)
FN:426,(anonymous_17)
FN:552,(anonymous_18)
FN:561,(anonymous_19)
FN:571,(anonymous_20)
FN:588,(anonymous_21)
FN:613,(anonymous_22)
FN:635,(anonymous_23)
FN:644,(anonymous_24)
FN:654,(anonymous_25)
FN:663,(anonymous_26)
FN:672,(anonymous_27)
FN:680,(anonymous_28)
FN:690,(anonymous_29)
FN:698,(anonymous_30)
FN:723,(anonymous_31)
FN:744,(anonymous_32)
FN:774,(anonymous_33)
FN:785,(anonymous_34)
FN:819,(anonymous_35)
FN:831,(anonymous_36)
FN:852,(anonymous_37)
FN:870,(anonymous_38)
FN:892,(anonymous_39)
FN:913,(anonymous_40)
FN:922,(anonymous_41)
FN:939,(anonymous_42)
FN:956,(anonymous_43)
FN:966,(anonymous_44)
FN:1006,(anonymous_45)
FN:1027,(anonymous_46)
FN:1099,(anonymous_47)
FN:1099,(anonymous_48)
FN:1110,(anonymous_49)
FN:1110,(anonymous_50)
FN:1127,(anonymous_51)
FNF:50
FNH:16
FNDA:77,ProfilePage
FNDA:26,(anonymous_3)
FNDA:26,(anonymous_4)
FNDA:70,(anonymous_5)
FNDA:73,(anonymous_6)
FNDA:70,(anonymous_7)
FNDA:2,(anonymous_8)
FNDA:2,(anonymous_9)
FNDA:0,(anonymous_10)
FNDA:0,(anonymous_11)
FNDA:0,(anonymous_12)
FNDA:0,(anonymous_13)
FNDA:5,(anonymous_14)
FNDA:3,(anonymous_15)
FNDA:1,(anonymous_16)
FNDA:4,(anonymous_17)
FNDA:0,(anonymous_18)
FNDA:0,(anonymous_19)
FNDA:0,(anonymous_20)
FNDA:1,(anonymous_21)
FNDA:1,(anonymous_22)
FNDA:0,(anonymous_23)
FNDA:0,(anonymous_24)
FNDA:0,(anonymous_25)
FNDA:0,(anonymous_26)
FNDA:0,(anonymous_27)
FNDA:0,(anonymous_28)
FNDA:0,(anonymous_29)
FNDA:0,(anonymous_30)
FNDA:0,(anonymous_31)
FNDA:3,(anonymous_32)
FNDA:0,(anonymous_33)
FNDA:0,(anonymous_34)
FNDA:0,(anonymous_35)
FNDA:4,(anonymous_36)
FNDA:0,(anonymous_37)
FNDA:0,(anonymous_38)
FNDA:0,(anonymous_39)
FNDA:0,(anonymous_40)
FNDA:0,(anonymous_41)
FNDA:0,(anonymous_42)
FNDA:0,(anonymous_43)
FNDA:0,(anonymous_44)
FNDA:0,(anonymous_45)
FNDA:0,(anonymous_46)
FNDA:0,(anonymous_47)
FNDA:0,(anonymous_48)
FNDA:0,(anonymous_49)
FNDA:0,(anonymous_50)
FNDA:0,(anonymous_51)
DA:3,3
DA:4,3
DA:5,3
DA:6,3
DA:7,3
DA:8,3
DA:9,3
DA:26,3
DA:27,3
DA:28,3
DA:29,3
DA:30,3
DA:37,3
DA:43,3
DA:45,26
DA:46,77
DA:47,77
DA:48,77
DA:49,77
DA:54,77
DA:55,77
DA:56,77
DA:59,77
DA:60,77
DA:61,77
DA:63,77
DA:65,77
DA:68,75
DA:69,75
DA:70,75
DA:71,75
DA:72,75
DA:79,75
DA:80,75
DA:81,75
DA:82,75
DA:86,75
DA:90,75
DA:93,75
DA:94,26
DA:96,26
DA:97,3
DA:102,75
DA:103,26
DA:107,75
DA:108,70
DA:109,0
DA:120,75
DA:122,73
DA:123,26
DA:127,47
DA:128,3
DA:132,75
DA:139,75
DA:140,70
DA:141,70
DA:142,23
DA:150,75
DA:162,75
DA:164,75
DA:165,2
DA:166,2
DA:167,2
DA:168,1
DA:169,1
DA:171,0
DA:175,1
DA:179,1
DA:187,75
DA:195,49
DA:205,46
DA:213,46
DA:214,0
DA:217,46
DA:218,2
DA:219,2
DA:220,2
DA:221,2
DA:225,1
DA:227,1
DA:228,1
DA:236,1
DA:237,1
DA:239,1
DA:241,0
DA:245,1
DA:249,1
DA:254,2
DA:258,46
DA:259,0
DA:260,0
DA:261,0
DA:264,0
DA:265,0
DA:277,0
DA:278,0
DA:279,0
DA:280,0
DA:282,0
DA:286,0
DA:290,0
DA:294,46
DA:295,0
DA:297,0
DA:298,0
DA:299,0
DA:300,0
DA:302,0
DA:306,0
DA:310,0
DA:314,46
DA:315,0
DA:316,0
DA:317,0
DA:318,0
DA:320,0
DA:324,0
DA:328,0
DA:352,0
DA:363,5
DA:374,3
DA:385,1
DA:426,4
DA:553,0
DA:562,0
DA:572,0
DA:589,1
DA:590,1
DA:613,1
DA:636,0
DA:645,0
DA:655,0
DA:664,0
DA:673,0
DA:681,0
DA:691,0
DA:699,0
DA:723,0
DA:745,3
DA:774,0
DA:785,0
DA:819,0
DA:832,4
DA:853,0
DA:861,0
DA:871,0
DA:872,0
DA:892,0
DA:914,0
DA:923,0
DA:940,0
DA:957,0
DA:967,0
DA:968,0
DA:969,0
DA:971,0
DA:972,0
DA:981,0
DA:982,0
DA:983,0
DA:986,0
DA:990,0
DA:1006,0
DA:1028,0
DA:1099,0
DA:1110,0
DA:1127,0
LF:167
LH:96
BRDA:59,0,0,0
BRDA:96,1,0,3
BRDA:108,2,0,0
BRDA:108,3,0,70
BRDA:108,3,1,67
BRDA:112,4,0,0
BRDA:112,4,1,0
BRDA:122,5,0,26
BRDA:122,6,0,73
BRDA:122,6,1,47
BRDA:122,6,2,47
BRDA:127,7,0,3
BRDA:127,8,0,47
BRDA:127,8,1,3
BRDA:140,9,0,70
BRDA:140,9,1,3
BRDA:141,10,0,23
BRDA:141,11,0,70
BRDA:141,11,1,67
BRDA:143,12,0,23
BRDA:143,12,1,0
BRDA:144,13,0,23
BRDA:144,13,1,0
BRDA:145,14,0,23
BRDA:145,14,1,0
BRDA:162,15,0,75
BRDA:162,15,1,6
BRDA:168,16,0,1
BRDA:168,16,1,0
BRDA:175,17,0,1
BRDA:175,17,1,1
BRDA:175,17,2,1
BRDA:175,17,3,0
BRDA:187,18,0,26
BRDA:187,19,0,75
BRDA:187,19,1,49
BRDA:187,19,2,49
BRDA:195,20,0,3
BRDA:195,21,0,49
BRDA:195,21,1,3
BRDA:205,22,0,46
BRDA:205,22,1,0
BRDA:205,23,0,0
BRDA:205,23,1,0
BRDA:208,24,0,0
BRDA:208,24,1,0
BRDA:213,25,0,0
BRDA:225,26,0,1
BRDA:225,26,1,0
BRDA:227,27,0,1
BRDA:231,28,0,1
BRDA:231,28,1,0
BRDA:232,29,0,1
BRDA:232,29,1,1
BRDA:233,30,0,1
BRDA:233,30,1,0
BRDA:241,31,0,0
BRDA:241,31,1,0
BRDA:245,32,0,1
BRDA:245,32,1,1
BRDA:245,32,2,1
BRDA:245,32,3,0
BRDA:259,33,0,0
BRDA:259,34,0,0
BRDA:259,34,1,0
BRDA:259,34,2,0
BRDA:259,34,3,0
BRDA:259,34,4,0
BRDA:259,34,5,0
BRDA:268,35,0,0
BRDA:268,35,1,0
BRDA:273,36,0,0
BRDA:273,36,1,0
BRDA:277,37,0,0
BRDA:277,37,1,0
BRDA:282,38,0,0
BRDA:282,38,1,0
BRDA:286,39,0,0
BRDA:286,39,1,0
BRDA:286,39,2,0
BRDA:286,39,3,0
BRDA:295,40,0,0
BRDA:299,41,0,0
BRDA:299,41,1,0
BRDA:302,42,0,0
BRDA:302,42,1,0
BRDA:306,43,0,0
BRDA:306,43,1,0
BRDA:306,43,2,0
BRDA:306,43,3,0
BRDA:317,44,0,0
BRDA:317,44,1,0
BRDA:320,45,0,0
BRDA:320,45,1,0
BRDA:324,46,0,0
BRDA:324,46,1,0
BRDA:324,46,2,0
BRDA:324,46,3,0
BRDA:354,47,0,36
BRDA:354,47,1,10
BRDA:365,48,0,6
BRDA:365,48,1,40
BRDA:376,49,0,3
BRDA:376,49,1,43
BRDA:386,50,0,1
BRDA:386,50,1,45
BRDA:399,51,0,46
BRDA:402,52,0,36
BRDA:405,53,0,1
BRDA:405,53,1,1
BRDA:413,54,0,1
BRDA:413,54,1,1
BRDA:424,55,0,36
BRDA:439,56,0,29
BRDA:450,57,0,14
BRDA:468,58,0,29
BRDA:468,58,1,0
BRDA:478,59,0,29
BRDA:491,60,0,15
BRDA:494,61,0,1
BRDA:494,61,1,1
BRDA:511,62,0,0
BRDA:529,63,0,29
BRDA:585,64,0,2
BRDA:585,64,1,5
BRDA:593,65,0,1
BRDA:593,65,1,0
BRDA:607,66,0,46
BRDA:611,67,0,6
BRDA:625,68,0,6
BRDA:634,69,0,1
BRDA:634,69,1,1
BRDA:643,70,0,1
BRDA:643,70,1,1
BRDA:653,71,0,1
BRDA:653,71,1,1
BRDA:662,72,0,1
BRDA:662,72,1,1
BRDA:671,73,0,1
BRDA:671,73,1,1
BRDA:679,74,0,1
BRDA:679,74,1,1
BRDA:689,75,0,1
BRDA:689,75,1,1
BRDA:697,76,0,1
BRDA:697,76,1,1
BRDA:710,77,0,0
BRDA:710,77,1,1
BRDA:735,78,0,0
BRDA:743,79,0,3
BRDA:742,80,0,6
BRDA:742,80,1,6
BRDA:748,81,0,3
BRDA:753,82,0,3
BRDA:753,82,1,0
BRDA:755,83,0,3
BRDA:756,84,0,3
BRDA:764,85,0,3
BRDA:772,86,0,3
BRDA:807,87,0,46
BRDA:811,88,0,1
BRDA:829,89,0,0
BRDA:829,89,1,2
BRDA:836,90,0,4
BRDA:886,91,0,46
BRDA:890,92,0,1
BRDA:904,93,0,1
BRDA:912,94,0,0
BRDA:912,94,1,0
BRDA:921,95,0,0
BRDA:921,95,1,0
BRDA:938,96,0,0
BRDA:938,96,1,0
BRDA:955,97,0,0
BRDA:955,97,1,0
BRDA:967,98,0,0
BRDA:967,99,0,0
BRDA:967,99,1,0
BRDA:975,100,0,0
BRDA:975,100,1,0
BRDA:976,101,0,0
BRDA:976,101,1,0
BRDA:977,102,0,0
BRDA:977,102,1,0
BRDA:978,103,0,0
BRDA:978,103,1,0
BRDA:986,104,0,0
BRDA:986,104,1,0
BRDA:986,104,2,0
BRDA:986,104,3,0
BRDA:996,105,0,0
BRDA:996,105,1,0
BRDA:1018,106,0,0
BRDA:1023,107,0,0
BRDA:1022,108,0,1
BRDA:1022,108,1,1
BRDA:1039,109,0,0
BRDA:1039,109,1,0
BRDA:1041,110,0,0
BRDA:1041,110,1,0
BRDA:1043,111,0,0
BRDA:1043,111,1,0
BRDA:1045,112,0,0
BRDA:1045,112,1,0
BRDA:1053,113,0,0
BRDA:1053,113,1,0
BRDA:1055,114,0,0
BRDA:1055,114,1,0
BRDA:1057,115,0,0
BRDA:1057,115,1,0
BRDA:1083,116,0,0
BRDA:1094,117,0,0
BRF:212
BRH:105
end_of_record
TN:
SF:app\reset-password\page.tsx
FN:19,ResetPasswordContent
FN:34,(anonymous_3)
FN:207,(anonymous_4)
FN:214,(anonymous_5)
FN:225,(anonymous_6)
FN:232,(anonymous_7)
FN:277,ResetPasswordPage
FNF:7
FNH:5
FNDA:32,ResetPasswordContent
FNDA:6,(anonymous_3)
FNDA:5,(anonymous_4)
FNDA:0,(anonymous_5)
FNDA:5,(anonymous_6)
FNDA:0,(anonymous_7)
FNDA:13,ResetPasswordPage
DA:3,1
DA:4,1
DA:5,1
DA:6,1
DA:7,1
DA:16,1
DA:17,1
DA:20,32
DA:21,32
DA:22,32
DA:24,32
DA:25,32
DA:27,32
DA:28,32
DA:29,32
DA:30,32
DA:31,32
DA:32,32
DA:34,32
DA:35,6
DA:36,6
DA:38,6
DA:39,1
DA:40,1
DA:43,5
DA:44,1
DA:45,1
DA:48,4
DA:49,1
DA:50,1
DA:53,3
DA:54,0
DA:55,0
DA:58,3
DA:59,3
DA:60,2
DA:61,2
DA:63,0
DA:67,1
DA:71,1
DA:76,32
DA:92,32
DA:138,27
DA:207,5
DA:214,0
DA:225,5
DA:232,0
DA:277,13
LF:48
LH:43
BRDA:38,0,0,1
BRDA:38,1,0,6
BRDA:38,1,1,5
BRDA:43,2,0,1
BRDA:48,3,0,1
BRDA:53,4,0,0
BRDA:60,5,0,2
BRDA:60,5,1,0
BRDA:67,6,0,1
BRDA:67,6,1,0
BRDA:67,6,2,0
BRDA:67,6,3,0
BRDA:76,7,0,0
BRDA:92,8,0,5
BRDA:92,9,0,32
BRDA:92,9,1,31
BRDA:92,9,2,31
BRDA:138,10,0,2
BRDA:189,11,0,25
BRDA:196,12,0,25
BRDA:205,13,0,0
BRDA:205,13,1,25
BRDA:217,14,0,0
BRDA:217,14,1,25
BRDA:223,15,0,0
BRDA:223,15,1,25
BRDA:235,16,0,0
BRDA:235,16,1,25
BRDA:242,17,0,13
BRDA:242,17,1,12
BRDA:247,18,0,9
BRDA:247,18,1,16
BRDA:247,19,0,25
BRDA:247,19,1,16
BRDA:247,19,2,11
BRDA:258,20,0,0
BRDA:258,20,1,25
BRF:37
BRH:26
end_of_record
TN:
SF:app\returns\page.tsx
FN:7,ReturnsPage
FNF:1
FNH:1
FNDA:9,ReturnsPage
DA:3,1
DA:4,1
DA:5,1
DA:7,8
LF:4
LH:4
BRF:0
BRH:0
end_of_record
TN:
SF:app\shipping\page.tsx
FN:6,ShippingPage
FNF:1
FNH:1
FNDA:8,ShippingPage
DA:3,1
DA:4,1
DA:6,8
LF:3
LH:3
BRF:0
BRH:0
end_of_record
TN:
SF:app\signup\page.tsx
FN:10,SignupPage
FN:28,(anonymous_3)
FN:30,(anonymous_4)
FN:33,(anonymous_5)
FN:37,(anonymous_6)
FN:70,(anonymous_7)
FN:86,(anonymous_8)
FNF:7
FNH:6
FNDA:51,SignupPage
FNDA:25,(anonymous_3)
FNDA:25,(anonymous_4)
FNDA:0,(anonymous_5)
FNDA:7,(anonymous_6)
FNDA:7,(anonymous_7)
FNDA:1,(anonymous_8)
DA:3,1
DA:4,1
DA:5,1
DA:6,1
DA:7,1
DA:8,1
DA:10,16
DA:11,51
DA:12,51
DA:13,51
DA:19,51
DA:20,51
DA:21,51
DA:28,51
DA:29,25
DA:30,25
DA:32,25
DA:33,0
DA:37,51
DA:38,7
DA:40,7
DA:41,1
DA:42,6
DA:43,0
DA:46,7
DA:47,1
DA:48,6
DA:49,1
DA:52,7
DA:53,2
DA:54,5
DA:55,1
DA:56,4
DA:57,0
DA:60,7
DA:61,3
DA:62,4
DA:63,1
DA:66,7
DA:67,7
DA:70,51
DA:71,7
DA:72,7
DA:73,7
DA:75,7
DA:76,4
DA:79,3
DA:80,3
DA:85,2
DA:86,2
DA:88,1
DA:92,1
LF:52
LH:49
BRDA:32,0,0,0
BRDA:40,1,0,1
BRDA:40,1,1,6
BRDA:42,2,0,0
BRDA:46,3,0,1
BRDA:46,3,1,6
BRDA:48,4,0,1
BRDA:52,5,0,2
BRDA:52,5,1,5
BRDA:54,6,0,1
BRDA:54,6,1,4
BRDA:56,7,0,0
BRDA:60,8,0,3
BRDA:60,8,1,4
BRDA:62,9,0,1
BRDA:75,10,0,4
BRDA:88,11,0,1
BRDA:88,11,1,0
BRDA:88,11,2,0
BRDA:88,11,3,0
BRDA:135,12,0,51
BRDA:141,13,0,51
BRDA:202,14,0,0
BRDA:202,14,1,51
BRF:24
BRH:17
end_of_record
TN:
SF:app\verify-email\page.tsx
FN:18,VerifyEmailContent
FN:28,(anonymous_3)
FN:29,(anonymous_4)
FN:212,VerifyEmailPage
FNF:4
FNH:4
FNDA:18,VerifyEmailContent
FNDA:10,(anonymous_3)
FNDA:10,(anonymous_4)
FNDA:10,VerifyEmailPage
DA:3,1
DA:4,1
DA:5,1
DA:6,1
DA:7,1
DA:8,1
DA:14,1
DA:16,1
DA:19,18
DA:20,18
DA:22,18
DA:25,18
DA:26,18
DA:28,18
DA:29,10
DA:30,10
DA:31,1
DA:32,1
DA:33,1
DA:36,9
DA:38,9
DA:39,6
DA:41,6
DA:42,3
DA:43,1
DA:44,1
DA:46,2
DA:47,2
DA:49,3
DA:52,3
DA:55,3
DA:63,3
DA:65,3
DA:66,2
DA:67,2
DA:70,2
DA:71,2
DA:72,0
DA:78,1
DA:79,0
DA:80,0
DA:82,1
DA:83,1
DA:87,1
DA:89,1
DA:93,1
DA:97,10
DA:100,18
DA:125,8
DA:212,10
LF:50
LH:47
BRDA:16,0,0,1
BRDA:16,0,1,0
BRDA:30,1,0,1
BRDA:41,2,0,3
BRDA:42,3,0,1
BRDA:42,3,1,2
BRDA:47,4,0,2
BRDA:47,4,1,0
BRDA:65,5,0,2
BRDA:65,5,1,1
BRDA:65,6,0,3
BRDA:65,6,1,2
BRDA:71,7,0,0
BRDA:71,8,0,2
BRDA:71,8,1,0
BRDA:78,9,0,0
BRDA:78,9,1,1
BRDA:83,10,0,1
BRDA:83,10,1,0
BRDA:89,11,0,1
BRDA:89,11,1,1
BRDA:89,11,2,1
BRDA:89,11,3,0
BRDA:100,12,0,10
BRDA:125,13,0,3
BRDA:125,14,0,8
BRDA:125,14,1,6
BRDA:135,15,0,2
BRDA:135,15,1,1
BRDA:142,16,0,3
BRF:30
BRH:23
end_of_record
TN:
SF:app\wishlist\page.tsx
FN:13,WishlistPage
FN:17,(anonymous_5)
FN:29,(anonymous_6)
FN:78,(anonymous_7)
FN:115,(anonymous_8)
FN:122,(anonymous_9)
FN:151,(anonymous_10)
FN:153,(anonymous_11)
FNF:8
FNH:8
FNDA:18,WishlistPage
FNDA:1,(anonymous_5)
FNDA:1,(anonymous_6)
FNDA:28,(anonymous_7)
FNDA:1,(anonymous_8)
FNDA:1,(anonymous_9)
FNDA:1,(anonymous_10)
FNDA:2,(anonymous_11)
DA:3,1
DA:4,1
DA:5,1
DA:6,1
DA:7,1
DA:8,1
DA:9,1
DA:11,1
DA:13,17
DA:14,18
DA:15,18
DA:17,18
DA:18,1
DA:26,1
DA:29,18
DA:30,1
DA:31,1
DA:79,28
DA:115,1
DA:122,1
DA:152,1
DA:153,1
DA:154,2
DA:163,1
LF:24
LH:24
BRDA:40,0,0,15
BRDA:40,0,1,3
BRDA:43,1,0,2
BRDA:43,1,1,13
BRDA:53,2,0,3
BRDA:66,3,0,2
BRDA:66,3,1,13
BRDA:86,4,0,26
BRDA:152,5,0,0
BRF:9
BRH:8
end_of_record
TN:
SF:components\CategoryModal.tsx
FN:25,(anonymous_6)
FN:37,(anonymous_7)
FN:40,(anonymous_8)
FN:47,(anonymous_9)
FN:50,(anonymous_10)
FN:56,(anonymous_11)
FN:64,(anonymous_12)
FN:74,(anonymous_13)
FN:114,(anonymous_14)
FN:117,(anonymous_15)
FN:146,(anonymous_16)
FN:175,(anonymous_17)
FNF:12
FNH:9
FNDA:23,(anonymous_6)
FNDA:23,(anonymous_7)
FNDA:12,(anonymous_8)
FNDA:66,(anonymous_9)
FNDA:2,(anonymous_10)
FNDA:0,(anonymous_11)
FNDA:5,(anonymous_12)
FNDA:2,(anonymous_13)
FNDA:51,(anonymous_14)
FNDA:2,(anonymous_15)
FNDA:0,(anonymous_16)
FNDA:0,(anonymous_17)
DA:3,1
DA:4,1
DA:5,1
DA:6,1
DA:25,18
DA:33,23
DA:34,23
DA:35,23
DA:37,23
DA:38,23
DA:39,4
DA:41,12
DA:46,23
DA:47,66
DA:50,23
DA:51,2
DA:52,2
DA:53,2
DA:56,23
DA:57,0
DA:58,0
DA:59,0
DA:60,0
DA:64,23
DA:65,5
DA:66,5
DA:67,5
DA:69,5
DA:70,4
DA:74,23
DA:75,2
DA:76,2
DA:77,2
DA:80,23
DA:115,51
DA:117,2
DA:146,0
DA:176,0
DA:177,0
DA:190,1
LF:40
LH:33
BRDA:30,0,0,22
BRDA:31,1,0,22
BRDA:38,2,0,19
BRDA:41,3,0,12
BRDA:41,3,1,10
BRDA:57,4,0,0
BRDA:69,5,0,4
BRDA:69,6,0,5
BRDA:69,6,1,4
BRDA:80,7,0,1
BRDA:111,8,0,1
BRDA:113,9,0,19
BRDA:122,10,0,51
BRDA:126,11,0,51
BRDA:136,12,0,22
BRDA:136,12,1,4
BRDA:136,12,2,4
BRDA:145,13,0,4
BRDA:145,13,1,4
BRDA:159,14,0,22
BRDA:173,15,0,22
BRF:21
BRH:20
end_of_record
TN:
SF:components\EmptyState.tsx
FN:15,(anonymous_2)
FNF:1
FNH:1
FNDA:8,(anonymous_2)
DA:1,1
DA:2,1
DA:15,8
LF:3
LH:3
BRDA:21,0,0,7
BRDA:22,1,0,7
BRDA:33,2,0,8
BRDA:33,2,1,2
BRF:4
BRH:4
end_of_record
TN:
SF:components\FeaturedCategories.tsx
FN:12,(anonymous_2)
FNF:1
FNH:1
FNDA:24,(anonymous_2)
DA:3,1
DA:10,6
DA:13,24
LF:3
LH:3
BRF:0
BRH:0
end_of_record
TN:
SF:components\FeaturedProducts.tsx
FN:5,(anonymous_2)
FNF:1
FNH:1
FNDA:13,(anonymous_2)
DA:3,6
DA:6,13
LF:2
LH:2
BRF:0
BRH:0
end_of_record
TN:
SF:components\Footer.tsx
FN:5,Footer
FNF:1
FNH:1
FNDA:16,Footer
DA:1,1
DA:2,1
DA:3,1
DA:5,16
LF:4
LH:4
BRF:0
BRH:0
end_of_record
TN:
SF:components\FooterWrapper.tsx
FN:5,FooterWrapper
FNF:1
FNH:0
FNDA:0,FooterWrapper
DA:3,0
DA:5,0
DA:6,0
LF:3
LH:0
BRF:0
BRH:0
end_of_record
TN:
SF:components\GoogleSignInButton.tsx
FN:31,GoogleSignInButton
FN:46,(anonymous_2)
FN:69,(anonymous_3)
FN:81,(anonymous_4)
FN:86,(anonymous_5)
FN:97,(anonymous_6)
FNF:6
FNH:4
FNDA:10,GoogleSignInButton
FNDA:0,(anonymous_2)
FNDA:10,(anonymous_3)
FNDA:0,(anonymous_4)
FNDA:9,(anonymous_5)
FNDA:10,(anonymous_6)
DA:3,1
DA:4,1
DA:5,1
DA:31,10
DA:40,10
DA:41,10
DA:42,10
DA:43,10
DA:45,10
DA:47,0
DA:48,0
DA:49,0
DA:52,0
DA:53,0
DA:54,0
DA:55,0
DA:58,0
DA:59,0
DA:61,0
DA:62,0
DA:63,0
DA:69,10
DA:70,10
DA:72,10
DA:73,1
DA:77,9
DA:78,9
DA:79,9
DA:80,9
DA:81,9
DA:82,0
DA:84,9
DA:86,9
DA:88,9
DA:91,9
DA:92,9
DA:97,10
DA:98,10
DA:100,10
DA:101,10
DA:105,0
DA:113,0
DA:114,0
DA:115,0
DA:126,10
LF:45
LH:28
BRDA:34,0,0,9
BRDA:35,1,0,9
BRDA:36,2,0,9
BRDA:37,3,0,9
BRDA:38,4,0,9
BRDA:52,5,0,0
BRDA:52,6,0,0
BRDA:52,6,1,0
BRDA:62,7,0,0
BRDA:62,7,1,0
BRDA:72,8,0,1
BRDA:91,9,0,9
BRDA:100,10,0,10
BRDA:100,11,0,10
BRDA:100,11,1,0
BRDA:100,11,2,0
BRDA:114,12,0,0
BRDA:126,13,0,1
BRDA:126,14,0,10
BRDA:126,14,1,9
BRDA:129,15,0,1
BRDA:129,15,1,1
BRDA:137,16,0,1
BRF:23
BRH:15
end_of_record
TN:
SF:components\Header.tsx
FN:22,Header
FN:32,(anonymous_3)
FN:50,(anonymous_4)
FN:58,(anonymous_5)
FN:65,(anonymous_6)
FN:66,(anonymous_7)
FN:69,(anonymous_8)
FN:73,(anonymous_9)
FN:77,(anonymous_10)
FN:101,(anonymous_11)
FN:166,(anonymous_12)
FN:231,(anonymous_13)
FNF:12
FNH:7
FNDA:20,Header
FNDA:16,(anonymous_3)
FNDA:1,(anonymous_4)
FNDA:1,(anonymous_5)
FNDA:0,(anonymous_6)
FNDA:0,(anonymous_7)
FNDA:0,(anonymous_8)
FNDA:16,(anonymous_9)
FNDA:16,(anonymous_10)
FNDA:1,(anonymous_11)
FNDA:0,(anonymous_12)
FNDA:0,(anonymous_13)
DA:3,1
DA:4,1
DA:5,1
DA:6,1
DA:7,1
DA:8,1
DA:19,1
DA:20,1
DA:22,16
DA:23,20
DA:24,20
DA:25,20
DA:26,20
DA:27,20
DA:28,20
DA:29,20
DA:30,20
DA:32,20
DA:33,16
DA:34,16
DA:35,1
DA:39,1
DA:41,15
DA:44,16
DA:45,16
DA:46,2
DA:50,20
DA:51,1
DA:52,1
DA:53,0
DA:54,0
DA:58,20
DA:59,1
DA:60,1
DA:61,1
DA:62,1
DA:65,20
DA:66,0
DA:69,20
DA:70,0
DA:73,20
DA:74,16
DA:77,20
DA:78,16
DA:101,1
DA:166,0
DA:231,0
LF:47
LH:41
BRDA:34,0,0,1
BRDA:34,0,1,15
BRDA:45,1,0,2
BRDA:52,2,0,0
BRDA:74,3,0,0
BRDA:74,3,1,16
BRDA:78,4,0,0
BRDA:78,4,1,16
BRDA:128,5,0,20
BRDA:144,6,0,20
BRDA:152,7,0,2
BRDA:161,8,0,2
BRDA:161,8,1,0
BRDA:218,9,0,0
BRDA:218,9,1,20
BRDA:250,10,0,20
BRDA:297,11,0,0
BRF:17
BRH:11
end_of_record
TN:
SF:components\HeaderWrapper.tsx
FN:5,HeaderWrapper
FNF:1
FNH:0
FNDA:0,HeaderWrapper
DA:3,0
DA:5,0
DA:6,0
LF:3
LH:0
BRF:0
BRH:0
end_of_record
TN:
SF:components\LazyImage.tsx
FN:32,(anonymous_4)
FN:46,(anonymous_5)
FN:50,(anonymous_6)
FN:51,(anonymous_7)
FN:66,(anonymous_8)
FN:71,(anonymous_9)
FN:75,(anonymous_10)
FNF:7
FNH:7
FNDA:23,(anonymous_4)
FNDA:11,(anonymous_5)
FNDA:9,(anonymous_6)
FNDA:9,(anonymous_7)
FNDA:11,(anonymous_8)
FNDA:1,(anonymous_9)
FNDA:2,(anonymous_10)
DA:3,1
DA:32,11
DA:41,23
DA:42,23
DA:43,23
DA:44,23
DA:46,23
DA:47,11
DA:49,11
DA:51,9
DA:52,9
DA:53,9
DA:54,9
DA:64,11
DA:66,11
DA:67,11
DA:71,23
DA:72,1
DA:75,23
DA:76,2
DA:77,2
DA:80,23
DA:102,1
LF:23
LH:23
BRDA:36,0,0,21
BRDA:37,1,0,21
BRDA:47,2,0,0
BRDA:52,3,0,9
BRDA:80,4,0,1
BRDA:80,5,0,23
BRDA:80,5,1,2
BRDA:88,6,0,22
BRDA:88,6,1,11
BRDA:90,7,0,21
BRDA:90,7,1,1
BRDA:95,8,0,22
BRDA:95,8,1,21
BRF:13
BRH:12
end_of_record
TN:
SF:components\LoadingProductGrid.tsx
FN:8,(anonymous_3)
FN:20,(anonymous_4)
FNF:2
FNH:2
FNDA:19,(anonymous_3)
FNDA:61,(anonymous_4)
DA:8,2
DA:12,19
DA:16,19
DA:21,61
DA:45,19
LF:5
LH:5
BRDA:9,0,0,3
BRDA:10,1,0,16
BRDA:12,2,0,3
BRDA:12,2,1,16
BRDA:16,3,0,3
BRDA:16,3,1,16
BRDA:31,4,0,61
BRF:7
BRH:7
end_of_record
TN:
SF:components\PageHeader.tsx
FN:16,(anonymous_1)
FNF:1
FNH:1
FNDA:17,(anonymous_1)
DA:1,1
DA:16,17
LF:2
LH:2
BRDA:21,0,0,16
BRDA:22,1,0,16
BRDA:37,2,0,17
BRDA:37,2,1,15
BRDA:39,3,0,5
BRDA:43,4,0,0
BRDA:43,4,1,3
BRDA:46,5,0,5
BRDA:46,5,1,3
BRDA:46,5,2,3
BRF:10
BRH:9
end_of_record
TN:
SF:components\ProductCard.tsx
FN:34,(anonymous_7)
FN:49,(anonymous_8)
FN:57,(anonymous_9)
FN:60,(anonymous_10)
FN:60,(anonymous_11)
FN:65,(anonymous_12)
FN:73,(anonymous_13)
FN:77,(anonymous_14)
FN:137,(anonymous_15)
FNF:9
FNH:9
FNDA:3,(anonymous_7)
FNDA:37,(anonymous_8)
FNDA:37,(anonymous_9)
FNDA:37,(anonymous_10)
FNDA:2,(anonymous_11)
FNDA:37,(anonymous_12)
FNDA:2,(anonymous_13)
FNDA:2,(anonymous_14)
FNDA:170,(anonymous_15)
DA:3,2
DA:4,2
DA:5,2
DA:11,2
DA:12,2
DA:13,2
DA:14,2
DA:34,3
DA:35,3
DA:36,3
DA:37,3
DA:38,2
DA:39,2
DA:41,2
DA:42,2
DA:43,2
DA:44,2
DA:49,2
DA:57,37
DA:58,37
DA:59,37
DA:60,37
DA:64,37
DA:65,37
DA:73,37
DA:74,2
DA:77,37
DA:78,2
DA:138,170
DA:177,37
LF:30
LH:30
BRDA:37,0,0,2
BRDA:37,1,0,3
BRDA:37,1,1,3
BRDA:53,2,0,34
BRDA:54,3,0,29
BRDA:55,4,0,30
BRDA:89,5,0,35
BRDA:103,6,0,37
BRDA:103,6,1,7
BRDA:107,7,0,2
BRDA:107,7,1,5
BRDA:111,8,0,2
BRDA:111,8,1,5
BRDA:116,9,0,37
BRDA:134,10,0,37
BRDA:134,10,1,34
BRDA:134,10,2,1
BRDA:138,11,0,132
BRDA:138,11,1,38
BRDA:138,12,0,170
BRDA:138,12,1,5
BRDA:141,13,0,34
BRDA:152,14,0,37
BRDA:155,15,0,0
BRDA:159,16,0,0
BRF:25
BRH:23
end_of_record
TN:
SF:components\ProductCardCompact.tsx
FN:17,(anonymous_2)
FN:29,(anonymous_3)
FNF:2
FNH:2
FNDA:10,(anonymous_2)
FNDA:1,(anonymous_3)
DA:3,1
DA:4,1
DA:5,1
DA:6,1
DA:17,10
DA:30,1
DA:31,1
DA:32,1
DA:33,1
DA:34,1
DA:35,1
DA:36,1
DA:37,1
DA:38,1
LF:14
LH:14
BRDA:25,0,0,9
BRDA:32,1,0,1
BRDA:32,2,0,1
BRDA:32,2,1,1
BRF:4
BRH:4
end_of_record
TN:
SF:components\ProductCardSkeleton.tsx
FN:7,SingleSkeleton
FN:24,(anonymous_2)
FN:44,ProductCardSkeleton
FN:47,(anonymous_4)
FNF:4
FNH:4
FNDA:44,SingleSkeleton
FNDA:220,(anonymous_2)
FNDA:16,ProductCardSkeleton
FNDA:44,(anonymous_4)
DA:25,220
DA:44,16
DA:48,44
LF:3
LH:3
BRDA:44,0,0,3
BRF:1
BRH:1
end_of_record
TN:
SF:components\ProductForm.tsx
FN:23,(anonymous_7)
FN:39,(anonymous_8)
FN:41,(anonymous_9)
FN:47,(anonymous_10)
FN:48,(anonymous_11)
FN:54,(anonymous_12)
FN:55,(anonymous_13)
FN:61,(anonymous_14)
FN:127,(anonymous_15)
FN:150,(anonymous_16)
FNF:10
FNH:10
FNDA:24,(anonymous_7)
FNDA:6,(anonymous_8)
FNDA:6,(anonymous_9)
FNDA:2,(anonymous_10)
FNDA:2,(anonymous_11)
FNDA:1,(anonymous_12)
FNDA:1,(anonymous_13)
FNDA:2,(anonymous_14)
FNDA:4,(anonymous_15)
FNDA:3,(anonymous_16)
DA:3,1
DA:4,1
DA:5,1
DA:6,1
DA:7,1
DA:8,1
DA:9,1
DA:23,10
DA:28,24
DA:29,24
DA:30,24
DA:31,24
DA:39,24
DA:40,6
DA:41,6
DA:47,24
DA:48,2
DA:54,24
DA:55,1
DA:61,24
DA:62,2
DA:63,2
DA:64,1
DA:65,1
DA:67,1
DA:127,4
DA:150,3
DA:170,1
LF:28
LH:28
BRDA:25,0,0,23
BRDA:26,1,0,21
BRDA:32,2,0,24
BRDA:32,2,1,21
BRDA:33,3,0,24
BRDA:33,3,1,23
BRDA:34,4,0,24
BRDA:34,4,1,23
BRDA:35,5,0,24
BRDA:35,5,1,21
BRDA:36,6,0,24
BRDA:36,6,1,23
BRDA:63,7,0,1
BRDA:63,8,0,2
BRDA:63,8,1,2
BRDA:63,8,2,2
BRDA:131,9,0,4
BRDA:136,10,0,24
BRDA:163,11,0,1
BRDA:163,11,1,23
BRF:20
BRH:20
end_of_record
TN:
SF:components\ProductReviews.tsx
FN:17,ProductReviews
FN:35,(anonymous_2)
FN:54,(anonymous_3)
FN:70,(anonymous_4)
FN:89,(anonymous_5)
FN:102,(anonymous_6)
FN:107,(anonymous_7)
FN:123,(anonymous_8)
FN:141,(anonymous_9)
FN:164,(anonymous_10)
FN:171,(anonymous_11)
FN:187,(anonymous_12)
FNF:12
FNH:11
FNDA:23,ProductReviews
FNDA:1,(anonymous_2)
FNDA:1,(anonymous_3)
FNDA:115,(anonymous_4)
FNDA:5,(anonymous_5)
FNDA:30,(anonymous_6)
FNDA:0,(anonymous_7)
FNDA:1,(anonymous_8)
FNDA:1,(anonymous_9)
FNDA:40,(anonymous_10)
FNDA:200,(anonymous_11)
FNDA:1,(anonymous_12)
DA:3,1
DA:4,1
DA:5,1
DA:6,1
DA:7,1
DA:8,1
DA:9,1
DA:17,15
DA:22,23
DA:23,23
DA:28,23
DA:29,23
DA:30,23
DA:31,23
DA:33,23
DA:35,23
DA:36,1
DA:38,1
DA:39,1
DA:45,1
DA:46,1
DA:47,1
DA:49,0
DA:50,0
DA:54,23
DA:55,1
DA:56,1
DA:58,0
DA:71,115
DA:89,5
DA:103,30
DA:107,0
DA:123,1
DA:141,1
DA:165,40
DA:172,200
DA:187,1
LF:37
LH:33
BRDA:33,0,0,23
BRDA:33,0,1,2
BRDA:74,1,0,88
BRDA:74,1,1,27
BRDA:95,2,0,23
BRDA:109,3,0,30
BRDA:109,3,1,0
BRDA:132,4,0,0
BRDA:132,4,1,6
BRDA:149,5,0,1
BRDA:149,5,1,22
BRDA:154,6,0,1
BRDA:154,6,1,21
BRDA:158,7,0,1
BRDA:158,7,1,20
BRDA:175,8,0,180
BRDA:175,8,1,20
BRF:17
BRH:15
end_of_record
TN:
SF:components\ProductSlider.tsx
FN:14,ProductSliderComponent
FN:25,(anonymous_5)
FN:29,(anonymous_6)
FN:42,(anonymous_7)
FN:45,(anonymous_8)
FN:48,(anonymous_9)
FN:51,(anonymous_10)
FN:52,(anonymous_11)
FN:55,(anonymous_12)
FN:58,(anonymous_13)
FN:59,(anonymous_14)
FN:62,(anonymous_15)
FN:63,(anonymous_16)
FN:66,(anonymous_17)
FN:71,(anonymous_18)
FN:72,(anonymous_19)
FN:120,(anonymous_20)
FN:123,(anonymous_21)
FNF:18
FNH:18
FNDA:36,ProductSliderComponent
FNDA:18,(anonymous_5)
FNDA:18,(anonymous_6)
FNDA:15,(anonymous_7)
FNDA:15,(anonymous_8)
FNDA:18,(anonymous_9)
FNDA:1,(anonymous_10)
FNDA:1,(anonymous_11)
FNDA:2,(anonymous_12)
FNDA:2,(anonymous_13)
FNDA:2,(anonymous_14)
FNDA:6,(anonymous_15)
FNDA:6,(anonymous_16)
FNDA:1,(anonymous_17)
FNDA:18,(anonymous_18)
FNDA:60,(anonymous_19)
FNDA:134,(anonymous_20)
FNDA:1,(anonymous_21)
DA:3,1
DA:4,1
DA:5,1
DA:20,36
DA:21,36
DA:22,36
DA:24,36
DA:25,18
DA:29,36
DA:30,18
DA:31,18
DA:32,2
DA:33,16
DA:34,2
DA:35,14
DA:36,2
DA:38,12
DA:42,36
DA:43,15
DA:44,15
DA:45,15
DA:48,36
DA:49,18
DA:51,2
DA:52,1
DA:55,2
DA:58,36
DA:59,2
DA:62,36
DA:63,6
DA:66,36
DA:67,1
DA:70,36
DA:72,18
DA:73,60
DA:121,134
DA:123,1
DA:139,15
LF:38
LH:38
BRDA:16,0,0,3
BRDA:17,1,0,33
BRDA:18,2,0,33
BRDA:31,3,0,2
BRDA:31,3,1,16
BRDA:33,4,0,2
BRDA:33,4,1,14
BRDA:35,5,0,2
BRDA:35,5,1,12
BRDA:49,6,0,16
BRDA:52,7,0,0
BRDA:52,7,1,1
BRDA:59,8,0,1
BRDA:59,8,1,1
BRDA:63,9,0,1
BRDA:63,9,1,5
BRDA:99,10,0,36
BRDA:118,11,0,36
BRDA:125,12,0,35
BRDA:125,12,1,99
BRF:20
BRH:19
end_of_record
TN:
SF:components\Recommendations.tsx
FN:7,(anonymous_2)
FNF:1
FNH:1
FNDA:53,(anonymous_2)
DA:3,17
DA:8,53
LF:2
LH:2
BRF:0
BRH:0
end_of_record
TN:
SF:components\SectionHeader.tsx
FN:13,(anonymous_1)
FNF:1
FNH:1
FNDA:10,(anonymous_1)
DA:13,10
LF:1
LH:1
BRDA:17,0,0,9
BRDA:21,1,0,10
BRDA:22,2,0,3
BRDA:22,2,1,2
BRDA:22,3,0,3
BRDA:22,3,1,2
BRF:6
BRH:6
end_of_record
TN:
SF:components\index.ts
FNF:0
FNH:0
DA:1,0
DA:2,0
DA:3,0
DA:4,0
DA:5,0
DA:6,0
DA:7,0
DA:8,0
DA:9,0
DA:10,0
DA:11,0
DA:12,0
LF:12
LH:0
BRF:0
BRH:0
end_of_record
TN:
SF:lib\apollo\client.ts
FN:11,(anonymous_3)
FN:14,(anonymous_4)
FN:43,(anonymous_5)
FN:55,(anonymous_6)
FN:78,(anonymous_7)
FNF:5
FNH:1
FNDA:0,(anonymous_3)
FNDA:0,(anonymous_4)
FNDA:0,(anonymous_5)
FNDA:0,(anonymous_6)
FNDA:1,(anonymous_7)
DA:1,7
DA:2,7
DA:4,7
DA:6,7
DA:11,7
DA:12,0
DA:14,0
DA:21,0
DA:24,7
DA:44,0
DA:45,0
DA:47,0
DA:56,0
DA:78,7
DA:79,1
LF:15
LH:8
BRDA:4,0,0,7
BRDA:4,0,1,0
BRDA:12,1,0,0
BRDA:12,1,1,0
BRDA:14,2,0,0
BRDA:17,3,0,0
BRDA:17,3,1,0
BRDA:44,4,0,0
BRDA:44,5,0,0
BRDA:44,5,1,0
BRDA:49,6,0,0
BRDA:49,6,1,0
BRDA:49,7,0,0
BRDA:49,7,1,0
BRF:14
BRH:1
end_of_record
TN:
SF:lib\apollo\queries\queries.ts
FN:84,(anonymous_6)
FNF:1
FNH:0
FNDA:0,(anonymous_6)
DA:1,0
DA:2,0
DA:4,0
DA:82,0
DA:84,0
DA:85,0
DA:86,0
DA:88,0
DA:91,0
LF:9
LH:0
BRDA:85,0,0,0
BRF:1
BRH:0
end_of_record
TN:
SF:lib\hooks\index.ts
FNF:0
FNH:0
DA:3,0
DA:4,0
DA:5,0
DA:6,0
DA:7,0
DA:8,0
DA:9,0
DA:10,0
DA:11,0
DA:12,0
DA:13,0
LF:11
LH:0
BRF:0
BRH:0
end_of_record
TN:
SF:lib\hooks\useAddresses.ts
FN:11,(anonymous_6)
FN:14,(anonymous_7)
FN:26,(anonymous_8)
FN:30,(anonymous_9)
FN:37,(anonymous_10)
FN:44,(anonymous_11)
FN:48,(anonymous_12)
FN:55,(anonymous_13)
FN:62,(anonymous_14)
FN:66,(anonymous_15)
FN:73,(anonymous_16)
FN:80,(anonymous_17)
FN:84,(anonymous_18)
FN:91,(anonymous_19)
FNF:14
FNH:14
FNDA:6,(anonymous_6)
FNDA:3,(anonymous_7)
FNDA:3,(anonymous_8)
FNDA:2,(anonymous_9)
FNDA:1,(anonymous_10)
FNDA:2,(anonymous_11)
FNDA:1,(anonymous_12)
FNDA:1,(anonymous_13)
FNDA:3,(anonymous_14)
FNDA:2,(anonymous_15)
FNDA:1,(anonymous_16)
FNDA:2,(anonymous_17)
FNDA:1,(anonymous_18)
FNDA:1,(anonymous_19)
DA:3,1
DA:4,1
DA:5,1
DA:11,6
DA:12,6
DA:15,3
DA:19,3
DA:26,3
DA:27,3
DA:29,3
DA:31,2
DA:35,1
DA:38,1
DA:44,2
DA:45,2
DA:47,2
DA:49,1
DA:53,1
DA:56,1
DA:62,3
DA:63,3
DA:65,3
DA:67,2
DA:71,1
DA:74,1
DA:80,2
DA:81,2
DA:83,2
DA:85,1
DA:89,1
DA:92,1
LF:31
LH:31
BRDA:19,0,0,3
BRDA:19,0,1,1
BRF:2
BRH:2
end_of_record
TN:
SF:lib\hooks\useAuth.ts
FN:18,(anonymous_7)
FN:29,(anonymous_8)
FN:52,useLogin
FN:56,(anonymous_10)
FN:58,(anonymous_11)
FN:63,(anonymous_12)
FN:66,(anonymous_13)
FN:88,useRegister
FN:92,(anonymous_15)
FN:94,(anonymous_16)
FN:99,(anonymous_17)
FN:102,(anonymous_18)
FN:136,useGoogleAuth
FN:140,(anonymous_20)
FN:142,(anonymous_21)
FN:147,(anonymous_22)
FN:150,(anonymous_23)
FN:172,useLogout
FN:177,(anonymous_25)
FN:179,(anonymous_26)
FN:183,(anonymous_27)
FN:186,(anonymous_28)
FN:205,useCurrentUser
FN:208,(anonymous_30)
FN:232,useIsAuthenticated
FNF:25
FNH:19
FNDA:3,(anonymous_7)
FNDA:6,(anonymous_8)
FNDA:3,useLogin
FNDA:3,(anonymous_10)
FNDA:3,(anonymous_11)
FNDA:2,(anonymous_12)
FNDA:1,(anonymous_13)
FNDA:3,useRegister
FNDA:2,(anonymous_15)
FNDA:2,(anonymous_16)
FNDA:2,(anonymous_17)
FNDA:1,(anonymous_18)
FNDA:0,useGoogleAuth
FNDA:0,(anonymous_20)
FNDA:0,(anonymous_21)
FNDA:0,(anonymous_22)
FNDA:0,(anonymous_23)
FNDA:2,useLogout
FNDA:1,(anonymous_25)
FNDA:1,(anonymous_26)
FNDA:1,(anonymous_27)
FNDA:1,(anonymous_28)
FNDA:4,useCurrentUser
FNDA:2,(anonymous_30)
FNDA:0,useIsAuthenticated
DA:3,1
DA:4,1
DA:5,1
DA:6,1
DA:15,1
DA:18,1
DA:19,3
DA:20,3
DA:29,1
DA:34,6
DA:35,6
DA:37,5
DA:38,0
DA:41,5
DA:42,5
DA:43,2
DA:46,3
DA:48,3
DA:52,3
DA:53,3
DA:55,3
DA:57,3
DA:58,3
DA:63,2
DA:67,1
DA:68,1
DA:75,1
DA:76,1
DA:80,3
DA:88,3
DA:89,3
DA:91,3
DA:93,2
DA:94,2
DA:99,2
DA:103,1
DA:104,1
DA:111,1
DA:112,1
DA:116,3
DA:136,0
DA:137,0
DA:139,0
DA:141,0
DA:142,0
DA:147,0
DA:151,0
DA:152,0
DA:159,0
DA:160,0
DA:164,0
DA:172,2
DA:173,2
DA:174,2
DA:176,2
DA:178,1
DA:179,1
DA:183,1
DA:187,1
DA:188,1
DA:191,1
DA:192,1
DA:194,1
DA:198,2
DA:205,4
DA:206,4
DA:209,2
DA:210,2
DA:211,2
DA:212,2
DA:213,0
DA:217,2
DA:222,1
DA:224,1
DA:232,0
DA:233,0
DA:234,0
LF:77
LH:61
BRDA:19,0,0,0
BRDA:21,1,0,3
BRDA:21,1,1,3
BRDA:21,1,2,3
BRDA:21,1,3,0
BRDA:37,2,0,0
BRDA:41,3,0,5
BRDA:41,3,1,0
BRDA:42,4,0,2
BRDA:67,5,0,1
BRDA:103,6,0,1
BRDA:151,7,0,0
BRDA:187,8,0,1
BRDA:210,9,0,2
BRDA:212,10,0,0
BRF:15
BRH:9
end_of_record
TN:
SF:lib\hooks\useCategories.ts
FN:7,(anonymous_3)
FN:16,(anonymous_4)
FN:38,(anonymous_5)
FNF:3
FNH:3
FNDA:8,(anonymous_3)
FNDA:8,(anonymous_4)
FNDA:8,(anonymous_5)
DA:1,1
DA:2,1
DA:3,1
DA:5,1
DA:7,8
DA:13,8
DA:16,8
DA:17,8
DA:18,7
DA:20,7
DA:23,8
DA:38,8
DA:39,8
DA:40,8
DA:41,2
DA:46,8
DA:48,8
DA:59,1
LF:18
LH:18
BRDA:17,0,0,1
BRDA:18,1,0,0
BRDA:20,2,0,7
BRDA:20,2,1,1
BRDA:20,2,2,1
BRDA:39,3,0,8
BRDA:39,3,1,6
BRDA:40,4,0,2
BRDA:46,5,0,2
BRDA:46,5,1,6
BRDA:46,6,0,6
BRDA:46,6,1,4
BRDA:51,7,0,8
BRDA:51,7,1,2
BRDA:52,8,0,8
BRDA:52,8,1,2
BRDA:55,9,0,8
BRDA:55,9,1,2
BRF:18
BRH:17
end_of_record
TN:
SF:lib\hooks\useDebounce.ts
FN:20,useDebounce
FN:23,(anonymous_2)
FN:24,(anonymous_3)
FN:28,(anonymous_4)
FNF:4
FNH:4
FNDA:16,useDebounce
FNDA:12,(anonymous_2)
FNDA:4,(anonymous_3)
FNDA:12,(anonymous_4)
DA:1,1
DA:20,16
DA:21,16
DA:23,16
DA:24,12
DA:25,4
DA:28,12
DA:29,12
DA:33,16
LF:9
LH:9
BRDA:20,0,0,3
BRF:1
BRH:1
end_of_record
TN:
SF:lib\hooks\useEmailVerification.ts
FN:9,useSendVerificationEmail
FN:11,(anonymous_4)
FN:26,(anonymous_5)
FN:34,useVerifyEmail
FN:38,(anonymous_7)
FN:49,(anonymous_8)
FNF:6
FNH:6
FNDA:6,useSendVerificationEmail
FNDA:3,(anonymous_4)
FNDA:3,(anonymous_5)
FNDA:5,useVerifyEmail
FNDA:3,(anonymous_7)
FNDA:2,(anonymous_8)
DA:3,1
DA:4,1
DA:5,1
DA:6,1
DA:9,6
DA:10,6
DA:12,3
DA:17,3
DA:18,1
DA:21,2
DA:25,6
DA:26,3
DA:34,5
DA:35,5
DA:37,5
DA:39,3
DA:43,3
DA:44,1
DA:47,2
DA:50,2
DA:52,1
DA:53,1
DA:54,1
DA:60,1
DA:61,1
DA:66,5
LF:26
LH:26
BRDA:11,0,0,0
BRDA:17,1,0,1
BRDA:26,2,0,3
BRDA:26,2,1,2
BRDA:43,3,0,1
BRDA:50,4,0,1
BRDA:50,5,0,2
BRDA:50,5,1,1
BRDA:53,6,0,1
BRF:9
BRH:8
end_of_record
TN:
SF:lib\hooks\useInitializeAuth.ts
FN:6,useInitializeAuth
FN:9,(anonymous_2)
FNF:2
FNH:2
FNDA:2,useInitializeAuth
FNDA:2,(anonymous_2)
DA:3,1
DA:4,1
DA:6,2
DA:7,2
DA:9,2
DA:10,2
DA:11,1
LF:7
LH:7
BRDA:10,0,0,1
BRF:1
BRH:1
end_of_record
TN:
SF:lib\hooks\useOrders.ts
FN:15,useOrders
FN:18,(anonymous_6)
FN:33,useOrder
FN:36,(anonymous_8)
FN:51,useCreateOrder
FN:55,(anonymous_10)
FN:70,(anonymous_11)
FN:76,useCancelOrder
FN:80,(anonymous_13)
FN:92,(anonymous_14)
FNF:10
FNH:10
FNDA:14,useOrders
FNDA:6,(anonymous_6)
FNDA:8,useOrder
FNDA:2,(anonymous_8)
FNDA:11,useCreateOrder
FNDA:7,(anonymous_10)
FNDA:5,(anonymous_11)
FNDA:3,useCancelOrder
FNDA:2,(anonymous_13)
FNDA:1,(anonymous_14)
DA:1,2
DA:2,2
DA:3,2
DA:4,2
DA:15,14
DA:16,14
DA:19,6
DA:25,6
DA:33,8
DA:34,8
DA:37,2
DA:43,2
DA:51,11
DA:52,11
DA:54,11
DA:56,7
DA:61,7
DA:62,2
DA:66,5
DA:68,5
DA:71,5
DA:76,3
DA:77,3
DA:79,3
DA:81,2
DA:86,2
DA:87,1
DA:90,1
DA:93,1
DA:94,1
LF:30
LH:30
BRDA:15,0,0,6
BRDA:15,1,0,6
BRDA:46,2,0,8
BRDA:46,2,1,6
BRDA:61,3,0,2
BRDA:68,4,0,5
BRDA:68,4,1,2
BRDA:68,4,2,0
BRDA:86,5,0,1
BRF:9
BRH:8
end_of_record
TN:
SF:lib\hooks\usePasswordReset.ts
FN:12,useForgotPassword
FN:14,(anonymous_5)
FN:37,useResetPassword
FN:39,(anonymous_7)
FN:70,useValidateResetToken
FN:73,(anonymous_9)
FNF:6
FNH:6
FNDA:4,useForgotPassword
FNDA:3,(anonymous_5)
FNDA:3,useResetPassword
FNDA:3,(anonymous_7)
FNDA:7,useValidateResetToken
FNDA:3,(anonymous_9)
DA:3,1
DA:4,1
DA:5,1
DA:12,4
DA:13,4
DA:15,3
DA:20,2
DA:21,1
DA:24,1
DA:28,4
DA:37,3
DA:38,3
DA:48,3
DA:53,2
DA:54,1
DA:57,1
DA:61,3
DA:70,7
DA:71,7
DA:74,3
DA:75,0
DA:78,3
DA:84,2
DA:85,0
DA:88,2
DA:93,7
LF:26
LH:24
BRDA:20,0,0,1
BRDA:53,1,0,1
BRDA:74,2,0,0
BRDA:84,3,0,0
BRDA:97,4,0,7
BRDA:97,4,1,5
BRDA:98,5,0,7
BRDA:98,5,1,6
BRF:8
BRH:6
end_of_record
TN:
SF:lib\hooks\useProducts.ts
FN:13,useProducts
FN:16,(anonymous_5)
FN:33,useProduct
FN:36,(anonymous_7)
FN:50,useCategories
FN:53,(anonymous_9)
FNF:6
FNH:6
FNDA:17,useProducts
FNDA:9,(anonymous_5)
FNDA:9,useProduct
FNDA:4,(anonymous_7)
FNDA:7,useCategories
FNDA:4,(anonymous_9)
DA:3,2
DA:4,2
DA:5,2
DA:13,17
DA:14,17
DA:17,9
DA:27,7
DA:33,9
DA:34,9
DA:37,4
DA:43,4
DA:50,7
DA:51,7
DA:54,4
DA:59,4
LF:15
LH:15
BRDA:13,0,0,9
BRDA:13,1,0,9
BRF:2
BRH:2
end_of_record
TN:
SF:lib\hooks\useReviews.ts
FN:6,useProductReviews
FN:9,(anonymous_5)
FN:22,useCreateReview
FN:26,(anonymous_7)
FN:39,(anonymous_8)
FN:46,useMarkReviewHelpful
FN:50,(anonymous_10)
FN:59,(anonymous_11)
FNF:8
FNH:8
FNDA:5,useProductReviews
FNDA:2,(anonymous_5)
FNDA:5,useCreateReview
FNDA:3,(anonymous_7)
FNDA:2,(anonymous_8)
FNDA:3,useMarkReviewHelpful
FNDA:2,(anonymous_10)
FNDA:1,(anonymous_11)
DA:1,1
DA:2,1
DA:3,1
DA:6,5
DA:7,5
DA:10,2
DA:15,2
DA:22,5
DA:23,5
DA:25,5
DA:27,3
DA:28,3
DA:37,2
DA:40,2
DA:41,2
DA:46,3
DA:47,3
DA:49,3
DA:51,2
DA:57,1
DA:60,1
LF:21
LH:21
BRDA:6,0,0,3
BRDA:6,1,0,3
BRF:2
BRH:2
end_of_record
TN:
SF:lib\hooks\useScrollToBottom.ts
FN:17,useScrollToBottom
FN:25,(anonymous_2)
FN:29,(anonymous_3)
FN:41,(anonymous_4)
FN:43,(anonymous_5)
FNF:5
FNH:5
FNDA:7,useScrollToBottom
FNDA:7,(anonymous_2)
FNDA:4,(anonymous_3)
FNDA:6,(anonymous_4)
FNDA:6,(anonymous_5)
DA:1,1
DA:2,1
DA:17,7
DA:22,7
DA:25,7
DA:26,7
DA:29,7
DA:30,4
DA:31,4
DA:32,4
DA:34,4
DA:35,3
DA:39,7
DA:41,7
DA:42,6
DA:43,6
LF:16
LH:16
BRDA:19,0,0,2
BRDA:20,1,0,2
BRDA:31,2,0,4
BRDA:31,2,1,0
BRDA:34,3,0,3
BRF:5
BRH:4
end_of_record
TN:
SF:lib\hooks\useThrottle.ts
FN:21,useThrottle
FN:29,(anonymous_2)
FN:34,(anonymous_3)
FNF:3
FNH:3
FNDA:14,useThrottle
FNDA:14,(anonymous_2)
FNDA:6,(anonymous_3)
DA:1,2
DA:21,14
DA:25,14
DA:26,14
DA:28,14
DA:30,14
DA:31,11
DA:32,11
DA:33,11
DA:34,11
DA:35,6
LF:11
LH:11
BRDA:23,0,0,1
BRDA:30,1,0,11
BRF:2
BRH:2
end_of_record
TN:
SF:lib\hooks\useTickets.ts
FN:80,useMyTickets
FN:83,(anonymous_6)
FN:97,useTicket
FN:100,(anonymous_8)
FN:114,useCreateTicket
FN:118,(anonymous_10)
FN:130,(anonymous_11)
FN:136,useAddTicketComment
FN:140,(anonymous_13)
FN:152,(anonymous_14)
FNF:10
FNH:10
FNDA:4,useMyTickets
FNDA:1,(anonymous_6)
FNDA:3,useTicket
FNDA:1,(anonymous_8)
FNDA:2,useCreateTicket
FNDA:2,(anonymous_10)
FNDA:1,(anonymous_11)
FNDA:2,useAddTicketComment
FNDA:2,(anonymous_13)
FNDA:1,(anonymous_14)
DA:1,1
DA:2,1
DA:3,1
DA:4,1
DA:80,4
DA:81,4
DA:84,1
DA:90,1
DA:97,3
DA:98,3
DA:101,1
DA:107,1
DA:114,2
DA:115,2
DA:117,2
DA:119,2
DA:124,2
DA:125,1
DA:128,1
DA:131,1
DA:136,2
DA:137,2
DA:139,2
DA:141,2
DA:146,2
DA:147,1
DA:150,1
DA:153,1
DA:154,1
LF:29
LH:29
BRDA:80,0,0,0
BRDA:80,1,0,0
BRDA:80,2,0,0
BRDA:92,3,0,4
BRDA:92,3,1,3
BRDA:109,4,0,3
BRDA:109,4,1,2
BRDA:124,5,0,1
BRDA:146,6,0,1
BRF:9
BRH:6
end_of_record
TN:
SF:lib\hooks\useToast.tsx
FN:21,ToastProvider
FN:24,(anonymous_4)
FN:26,(anonymous_5)
FN:28,(anonymous_6)
FN:29,(anonymous_7)
FN:29,(anonymous_8)
FN:33,(anonymous_9)
FN:34,(anonymous_10)
FN:34,(anonymous_11)
FN:37,(anonymous_12)
FN:50,(anonymous_13)
FN:67,(anonymous_14)
FN:77,(anonymous_15)
FN:89,useToast
FNF:14
FNH:14
FNDA:57,ToastProvider
FNDA:22,(anonymous_4)
FNDA:22,(anonymous_5)
FNDA:1,(anonymous_6)
FNDA:1,(anonymous_7)
FNDA:1,(anonymous_8)
FNDA:2,(anonymous_9)
FNDA:2,(anonymous_10)
FNDA:3,(anonymous_11)
FNDA:35,(anonymous_12)
FNDA:35,(anonymous_13)
FNDA:35,(anonymous_14)
FNDA:2,(anonymous_15)
FNDA:68,useToast
DA:3,2
DA:4,2
DA:5,2
DA:19,2
DA:21,32
DA:22,57
DA:24,57
DA:25,22
DA:26,22
DA:28,22
DA:29,1
DA:33,57
DA:34,3
DA:37,57
DA:38,35
DA:40,25
DA:42,5
DA:44,2
DA:46,3
DA:50,57
DA:51,35
DA:53,25
DA:55,5
DA:57,2
DA:59,3
DA:68,35
DA:77,2
DA:89,68
DA:90,68
DA:91,67
DA:92,4
DA:94,63
LF:32
LH:32
BRDA:24,0,0,1
BRDA:38,1,0,25
BRDA:38,1,1,5
BRDA:38,1,2,2
BRDA:38,1,3,3
BRDA:51,2,0,25
BRDA:51,2,1,5
BRDA:51,2,2,2
BRDA:51,2,3,3
BRDA:91,3,0,4
BRF:10
BRH:10
end_of_record
TN:
SF:lib\hooks\useTokenValidator.ts
FN:24,useTokenValidator
FN:31,(anonymous_2)
FN:33,(anonymous_3)
FN:86,(anonymous_4)
FN:116,(anonymous_5)
FN:124,(anonymous_6)
FN:142,(anonymous_7)
FN:150,(anonymous_8)
FN:156,(anonymous_9)
FN:165,(anonymous_10)
FNF:10
FNH:9
FNDA:11,useTokenValidator
FNDA:53,(anonymous_2)
FNDA:18,(anonymous_3)
FNDA:4,(anonymous_4)
FNDA:10,(anonymous_5)
FNDA:11,(anonymous_6)
FNDA:9,(anonymous_7)
FNDA:11,(anonymous_8)
FNDA:0,(anonymous_9)
FNDA:10,(anonymous_10)
DA:3,1
DA:4,1
DA:5,1
DA:6,1
DA:7,1
DA:8,1
DA:11,1
DA:14,1
DA:24,11
DA:25,11
DA:26,11
DA:27,11
DA:28,11
DA:31,53
DA:33,11
DA:34,18
DA:37,18
DA:38,1
DA:41,17
DA:42,17
DA:47,9
DA:49,7
DA:52,7
DA:53,7
DA:54,7
DA:61,7
DA:63,7
DA:66,2
DA:71,8
DA:77,8
DA:78,6
DA:82,2
DA:86,11
DA:88,4
DA:92,4
DA:93,4
DA:102,4
DA:105,4
DA:108,4
DA:111,4
DA:112,4
DA:116,11
DA:117,10
DA:119,10
DA:120,4
DA:124,11
DA:126,11
DA:129,11
DA:132,10
DA:133,10
DA:136,9
DA:139,9
DA:142,9
DA:143,9
DA:144,9
DA:150,11
DA:151,11
DA:154,11
DA:156,10
DA:157,0
DA:158,0
DA:159,0
DA:163,10
DA:165,10
DA:166,10
DA:170,11
LF:66
LH:63
BRDA:37,0,0,1
BRDA:47,1,0,7
BRDA:47,1,1,2
BRDA:53,2,0,7
BRDA:71,3,0,8
BRDA:71,3,1,6
BRDA:71,3,2,6
BRDA:71,3,3,4
BRDA:71,3,4,2
BRDA:77,4,0,6
BRDA:111,5,0,4
BRDA:111,6,0,4
BRDA:111,6,1,4
BRDA:119,7,0,4
BRDA:119,8,0,10
BRDA:119,8,1,4
BRDA:119,8,2,4
BRDA:126,9,0,0
BRDA:129,10,0,1
BRDA:133,11,0,1
BRDA:143,12,0,9
BRDA:151,13,0,0
BRDA:154,14,0,1
BRDA:158,15,0,0
BRF:24
BRH:21
end_of_record
TN:
SF:lib\hooks\useUpdateProfile.ts
FN:30,useUpdateProfile
FN:34,(anonymous_4)
FN:46,(anonymous_5)
FNF:3
FNH:3
FNDA:9,useUpdateProfile
FNDA:5,(anonymous_4)
FNDA:3,(anonymous_5)
DA:3,1
DA:4,1
DA:5,1
DA:6,1
DA:30,9
DA:31,9
DA:33,9
DA:35,5
DA:40,4
DA:41,1
DA:44,3
DA:47,3
DA:49,2
DA:50,2
DA:51,2
DA:58,2
DA:59,2
DA:64,9
DA:73,1
LF:19
LH:19
BRDA:40,0,0,1
BRDA:47,1,0,2
BRDA:47,2,0,3
BRDA:47,2,1,2
BRDA:50,3,0,2
BRF:5
BRH:5
end_of_record
TN:
SF:lib\utils\debounce.ts
FN:9,debounce
FN:15,debounced
FN:17,(anonymous_3)
FNF:3
FNH:3
FNDA:4,debounce
FNDA:7,debounced
FNDA:4,(anonymous_3)
DA:9,4
DA:15,4
DA:16,7
DA:17,7
DA:18,4
LF:5
LH:5
BRF:0
BRH:0
end_of_record
TN:
SF:lib\utils\throttle.ts
FN:9,throttle
FN:16,throttled
FN:20,(anonymous_3)
FNF:3
FNH:3
FNDA:6,throttle
FNDA:13,throttled
FNDA:3,(anonymous_3)
DA:9,6
DA:16,6
DA:17,13
DA:18,9
DA:19,9
DA:20,9
DA:21,3
DA:24,13
LF:8
LH:8
BRDA:17,0,0,9
BRF:1
BRH:1
end_of_record
TN:
SF:store\cartStore.ts
FN:8,(anonymous_1)
FN:14,(anonymous_2)
FN:15,(anonymous_3)
FN:16,(anonymous_4)
FN:19,(anonymous_5)
FN:27,(anonymous_6)
FN:28,(anonymous_7)
FN:29,(anonymous_8)
FN:32,(anonymous_9)
FN:33,(anonymous_10)
FN:36,(anonymous_11)
FN:37,(anonymous_12)
FN:40,(anonymous_13)
FN:42,(anonymous_14)
FN:43,(anonymous_15)
FN:46,(anonymous_16)
FN:47,(anonymous_17)
FN:50,(anonymous_18)
FN:51,(anonymous_19)
FN:52,(anonymous_20)
FN:59,(anonymous_21)
FN:60,(anonymous_22)
FN:61,(anonymous_23)
FN:64,(anonymous_24)
FN:65,(anonymous_25)
FN:68,(anonymous_26)
FN:70,(anonymous_27)
FN:74,(anonymous_28)
FN:76,(anonymous_29)
FN:78,(anonymous_30)
FN:98,(anonymous_31)
FN:99,(anonymous_32)
FN:111,(anonymous_33)
FN:112,(anonymous_34)
FN:117,(anonymous_35)
FN:126,(anonymous_36)
FN:127,(anonymous_37)
FNF:37
FNH:37
FNDA:22,(anonymous_1)
FNDA:12,(anonymous_2)
FNDA:12,(anonymous_3)
FNDA:4,(anonymous_4)
FNDA:1,(anonymous_5)
FNDA:1,(anonymous_6)
FNDA:1,(anonymous_7)
FNDA:1,(anonymous_8)
FNDA:2,(anonymous_9)
FNDA:2,(anonymous_10)
FNDA:1,(anonymous_11)
FNDA:1,(anonymous_12)
FNDA:1,(anonymous_13)
FNDA:1,(anonymous_14)
FNDA:2,(anonymous_15)
FNDA:1,(anonymous_16)
FNDA:2,(anonymous_17)
FNDA:5,(anonymous_18)
FNDA:5,(anonymous_19)
FNDA:1,(anonymous_20)
FNDA:1,(anonymous_21)
FNDA:1,(anonymous_22)
FNDA:1,(anonymous_23)
FNDA:2,(anonymous_24)
FNDA:2,(anonymous_25)
FNDA:20,(anonymous_26)
FNDA:105,(anonymous_27)
FNDA:1,(anonymous_28)
FNDA:4,(anonymous_29)
FNDA:2,(anonymous_30)
FNDA:1,(anonymous_31)
FNDA:1,(anonymous_32)
FNDA:1,(anonymous_33)
FNDA:1,(anonymous_34)
FNDA:1,(anonymous_35)
FNDA:1,(anonymous_36)
FNDA:1,(anonymous_37)
DA:1,22
DA:2,22
DA:4,22
DA:6,22
DA:8,22
DA:15,12
DA:16,12
DA:17,12
DA:18,1
DA:20,1
DA:24,11
DA:28,1
DA:29,1
DA:33,2
DA:36,1
DA:37,1
DA:40,1
DA:43,2
DA:47,2
DA:51,5
DA:52,5
DA:53,5
DA:54,4
DA:60,1
DA:61,1
DA:65,2
DA:69,20
DA:70,105
DA:71,20
DA:74,1
DA:76,4
DA:79,2
DA:81,2
DA:82,2
DA:83,2
DA:84,0
DA:99,1
DA:100,1
DA:101,1
DA:102,1
DA:112,1
DA:113,1
DA:114,1
DA:117,1
DA:127,1
DA:128,1
DA:129,1
LF:47
LH:46
BRDA:17,0,0,1
BRDA:20,1,0,1
BRDA:20,1,1,0
BRDA:35,2,0,1
BRDA:35,2,1,1
BRDA:36,3,0,1
BRDA:36,3,1,0
BRDA:53,4,0,1
BRDA:79,5,0,0
BRDA:83,6,0,0
BRDA:88,7,0,0
BRDA:88,7,1,0
BRDA:89,8,0,0
BRDA:89,8,1,0
BRDA:100,9,0,0
BRDA:101,10,0,1
BRDA:101,10,1,0
BRDA:106,11,0,1
BRDA:106,11,1,0
BRDA:113,12,0,0
BRDA:119,13,0,0
BRDA:119,13,1,1
BRDA:128,14,0,0
BRF:23
BRH:9
end_of_record
TN:
SF:store\categoryStore.ts
FN:34,(anonymous_3)
FN:39,(anonymous_4)
FN:46,(anonymous_5)
FN:48,(anonymous_6)
FN:48,(anonymous_7)
FN:50,(anonymous_8)
FN:50,(anonymous_9)
FN:52,(anonymous_10)
FN:59,(anonymous_11)
FN:68,(anonymous_12)
FNF:10
FNH:9
FNDA:17,(anonymous_3)
FNDA:26,(anonymous_4)
FNDA:4,(anonymous_5)
FNDA:4,(anonymous_6)
FNDA:8,(anonymous_7)
FNDA:5,(anonymous_8)
FNDA:10,(anonymous_9)
FNDA:23,(anonymous_10)
FNDA:9,(anonymous_11)
FNDA:0,(anonymous_12)
DA:1,17
DA:2,17
DA:30,17
DA:32,104
DA:34,17
DA:40,26
DA:46,4
DA:48,8
DA:50,10
DA:53,23
DA:60,9
DA:61,9
DA:62,6
DA:63,5
DA:68,0
DA:76,17
LF:16
LH:15
BRDA:61,0,0,3
BRDA:62,1,0,1
BRF:2
BRH:2
end_of_record
TN:
SF:store\index.ts
FNF:0
FNH:0
DA:1,0
DA:2,0
LF:2
LH:0
BRF:0
BRH:0
end_of_record
TN:
SF:store\recoilState.ts
FN:30,(anonymous_8)
FN:41,(anonymous_9)
FN:48,(anonymous_10)
FN:51,(anonymous_11)
FN:55,(anonymous_12)
FN:58,(anonymous_13)
FN:61,(anonymous_14)
FN:64,(anonymous_15)
FN:74,(anonymous_16)
FN:76,(anonymous_17)
FNF:10
FNH:10
FNDA:8,(anonymous_8)
FNDA:8,(anonymous_9)
FNDA:4,(anonymous_10)
FNDA:24,(anonymous_11)
FNDA:5,(anonymous_12)
FNDA:5,(anonymous_13)
FNDA:3,(anonymous_14)
FNDA:6,(anonymous_15)
FNDA:3,(anonymous_16)
FNDA:8,(anonymous_17)
DA:1,1
DA:3,3
DA:8,2
DA:13,2
DA:18,5
DA:23,12
DA:28,9
DA:31,8
DA:32,8
DA:33,8
DA:34,8
DA:35,8
DA:37,8
DA:39,8
DA:40,2
DA:42,8
DA:47,8
DA:48,4
DA:51,24
DA:53,8
DA:55,5
DA:56,1
DA:58,5
DA:59,1
DA:61,3
DA:62,1
DA:64,6
DA:65,5
DA:68,8
DA:72,3
DA:75,3
DA:76,8
DA:77,3
LF:33
LH:33
BRDA:39,0,0,2
BRDA:42,1,0,8
BRDA:42,1,1,7
BRDA:47,2,0,1
BRDA:51,3,0,24
BRDA:51,3,1,23
BRDA:53,4,0,1
BRDA:53,4,1,1
BRDA:53,4,2,1
BRDA:53,4,3,5
BRF:10
BRH:10
end_of_record
